[2016-12-01 23:32:07] DEBUG [django.db.backends:90] (0.001) SELECT @@SQL_AUTO_IS_NULL; args=None
[2016-12-01 23:32:07] DEBUG [django.db.backends:90] (0.000) SET SQL_AUTO_IS_NULL = 0; args=None
[2016-12-01 23:32:07] DEBUG [django.db.backends:90] (0.000) SELECT VERSION(); args=None
[2016-12-01 23:32:10] DEBUG [django.db.backends:90] (0.000) SET SQL_AUTO_IS_NULL = 0; args=None
[2016-12-01 23:32:10] DEBUG [django.db.backends:90] (0.009) SHOW FULL TABLES; args=None
[2016-12-01 23:32:10] DEBUG [django.db.backends:90] (0.003) SELECT `django_migrations`.`app`, `django_migrations`.`name` FROM `django_migrations`; args=()
[2016-12-01 23:34:30] DEBUG [django.db.backends:90] (0.000) SELECT @@SQL_AUTO_IS_NULL; args=None
[2016-12-01 23:34:30] DEBUG [django.db.backends:90] (0.000) SET SQL_AUTO_IS_NULL = 0; args=None
[2016-12-01 23:34:30] DEBUG [django.db.backends:90] (0.000) SELECT VERSION(); args=None
[2016-12-01 23:34:31] DEBUG [django.db.backends:90] (0.000) SET SQL_AUTO_IS_NULL = 0; args=None
[2016-12-01 23:34:31] DEBUG [django.db.backends:90] (0.004) SHOW FULL TABLES; args=None
[2016-12-01 23:34:31] DEBUG [django.db.backends:90] (0.002) SELECT `django_migrations`.`app`, `django_migrations`.`name` FROM `django_migrations`; args=()
[2016-12-01 23:34:51] INFO [django.server:131] "OPTIONS /api/catalogo/autors/ HTTP/1.1" 200 0
[2016-12-01 23:34:51] DEBUG [django.db.backends:90] (0.000) SELECT @@SQL_AUTO_IS_NULL; args=None
[2016-12-01 23:34:51] DEBUG [django.db.backends:90] (0.000) SET SQL_AUTO_IS_NULL = 0; args=None
[2016-12-01 23:34:51] DEBUG [django.db.backends:90] (0.001) SELECT VERSION(); args=None
[2016-12-01 23:34:51] DEBUG [django.db.backends:90] (0.001) SET SQL_AUTO_IS_NULL = 0; args=None
[2016-12-01 23:34:51] DEBUG [django.db.backends:90] (0.002) SELECT `oauth2_provider_accesstoken`.`id`, `oauth2_provider_accesstoken`.`user_id`, `oauth2_provider_accesstoken`.`token`, `oauth2_provider_accesstoken`.`application_id`, `oauth2_provider_accesstoken`.`expires`, `oauth2_provider_accesstoken`.`scope`, `oauth2_backend_user`.`password`, `oauth2_backend_user`.`last_login`, `oauth2_backend_user`.`is_superuser`, `oauth2_backend_user`.`username`, `oauth2_backend_user`.`first_name`, `oauth2_backend_user`.`last_name`, `oauth2_backend_user`.`email`, `oauth2_backend_user`.`is_staff`, `oauth2_backend_user`.`is_active`, `oauth2_backend_user`.`date_joined`, `oauth2_backend_user`.`id`, `oauth2_backend_user`.`last_hierarchy_id`, `oauth2_backend_user`.`last_module_id`, `oauth2_backend_user`.`person_id`, `oauth2_backend_user`.`updated_at`, `oauth2_backend_user`.`registered_by`, `oauth2_provider_application`.`id`, `oauth2_provider_application`.`client_id`, `oauth2_provider_application`.`user_id`, `oauth2_provider_application`.`redirect_uris`, `oauth2_provider_application`.`client_type`, `oauth2_provider_application`.`authorization_grant_type`, `oauth2_provider_application`.`client_secret`, `oauth2_provider_application`.`name`, `oauth2_provider_application`.`skip_authorization` FROM `oauth2_provider_accesstoken` LEFT OUTER JOIN `oauth2_backend_user` ON (`oauth2_provider_accesstoken`.`user_id` = `oauth2_backend_user`.`id`) INNER JOIN `oauth2_provider_application` ON (`oauth2_provider_accesstoken`.`application_id` = `oauth2_provider_application`.`id`) WHERE `oauth2_provider_accesstoken`.`token` = 'x2JGhs1GgZXrMPsuO5sGCP6oYg6rip'; args=('x2JGhs1GgZXrMPsuO5sGCP6oYg6rip',)
[2016-12-01 23:34:51] DEBUG [django.db.backends:90] (0.001) SELECT `oauth2_backend_user`.`password`, `oauth2_backend_user`.`last_login`, `oauth2_backend_user`.`is_superuser`, `oauth2_backend_user`.`username`, `oauth2_backend_user`.`first_name`, `oauth2_backend_user`.`last_name`, `oauth2_backend_user`.`email`, `oauth2_backend_user`.`is_staff`, `oauth2_backend_user`.`is_active`, `oauth2_backend_user`.`date_joined`, `oauth2_backend_user`.`id`, `oauth2_backend_user`.`last_hierarchy_id`, `oauth2_backend_user`.`last_module_id`, `oauth2_backend_user`.`person_id`, `oauth2_backend_user`.`updated_at`, `oauth2_backend_user`.`registered_by` FROM `oauth2_backend_user` WHERE `oauth2_backend_user`.`username` IS NULL; args=()
[2016-12-01 23:34:51] DEBUG [django.db.backends:90] (0.002) SELECT `oauth2_provider_accesstoken`.`id`, `oauth2_provider_accesstoken`.`user_id`, `oauth2_provider_accesstoken`.`token`, `oauth2_provider_accesstoken`.`application_id`, `oauth2_provider_accesstoken`.`expires`, `oauth2_provider_accesstoken`.`scope`, `oauth2_backend_user`.`password`, `oauth2_backend_user`.`last_login`, `oauth2_backend_user`.`is_superuser`, `oauth2_backend_user`.`username`, `oauth2_backend_user`.`first_name`, `oauth2_backend_user`.`last_name`, `oauth2_backend_user`.`email`, `oauth2_backend_user`.`is_staff`, `oauth2_backend_user`.`is_active`, `oauth2_backend_user`.`date_joined`, `oauth2_backend_user`.`id`, `oauth2_backend_user`.`last_hierarchy_id`, `oauth2_backend_user`.`last_module_id`, `oauth2_backend_user`.`person_id`, `oauth2_backend_user`.`updated_at`, `oauth2_backend_user`.`registered_by`, `oauth2_provider_application`.`id`, `oauth2_provider_application`.`client_id`, `oauth2_provider_application`.`user_id`, `oauth2_provider_application`.`redirect_uris`, `oauth2_provider_application`.`client_type`, `oauth2_provider_application`.`authorization_grant_type`, `oauth2_provider_application`.`client_secret`, `oauth2_provider_application`.`name`, `oauth2_provider_application`.`skip_authorization` FROM `oauth2_provider_accesstoken` LEFT OUTER JOIN `oauth2_backend_user` ON (`oauth2_provider_accesstoken`.`user_id` = `oauth2_backend_user`.`id`) INNER JOIN `oauth2_provider_application` ON (`oauth2_provider_accesstoken`.`application_id` = `oauth2_provider_application`.`id`) WHERE `oauth2_provider_accesstoken`.`token` = 'x2JGhs1GgZXrMPsuO5sGCP6oYg6rip'; args=('x2JGhs1GgZXrMPsuO5sGCP6oYg6rip',)
[2016-12-01 23:34:51] WARNING [django.server:131] "GET /api/catalogo/autors/ HTTP/1.1" 401 58
[2016-12-01 23:34:54] INFO [django.server:131] "OPTIONS /api/catalogo/categorias/ HTTP/1.1" 200 0
[2016-12-01 23:34:54] DEBUG [django.db.backends:90] (0.001) SELECT @@SQL_AUTO_IS_NULL; args=None
[2016-12-01 23:34:54] DEBUG [django.db.backends:90] (0.000) SET SQL_AUTO_IS_NULL = 0; args=None
[2016-12-01 23:34:54] DEBUG [django.db.backends:90] (0.000) SELECT VERSION(); args=None
[2016-12-01 23:34:54] DEBUG [django.db.backends:90] (0.000) SET SQL_AUTO_IS_NULL = 0; args=None
[2016-12-01 23:34:54] DEBUG [django.db.backends:90] (0.002) SELECT `oauth2_provider_accesstoken`.`id`, `oauth2_provider_accesstoken`.`user_id`, `oauth2_provider_accesstoken`.`token`, `oauth2_provider_accesstoken`.`application_id`, `oauth2_provider_accesstoken`.`expires`, `oauth2_provider_accesstoken`.`scope`, `oauth2_backend_user`.`password`, `oauth2_backend_user`.`last_login`, `oauth2_backend_user`.`is_superuser`, `oauth2_backend_user`.`username`, `oauth2_backend_user`.`first_name`, `oauth2_backend_user`.`last_name`, `oauth2_backend_user`.`email`, `oauth2_backend_user`.`is_staff`, `oauth2_backend_user`.`is_active`, `oauth2_backend_user`.`date_joined`, `oauth2_backend_user`.`id`, `oauth2_backend_user`.`last_hierarchy_id`, `oauth2_backend_user`.`last_module_id`, `oauth2_backend_user`.`person_id`, `oauth2_backend_user`.`updated_at`, `oauth2_backend_user`.`registered_by`, `oauth2_provider_application`.`id`, `oauth2_provider_application`.`client_id`, `oauth2_provider_application`.`user_id`, `oauth2_provider_application`.`redirect_uris`, `oauth2_provider_application`.`client_type`, `oauth2_provider_application`.`authorization_grant_type`, `oauth2_provider_application`.`client_secret`, `oauth2_provider_application`.`name`, `oauth2_provider_application`.`skip_authorization` FROM `oauth2_provider_accesstoken` LEFT OUTER JOIN `oauth2_backend_user` ON (`oauth2_provider_accesstoken`.`user_id` = `oauth2_backend_user`.`id`) INNER JOIN `oauth2_provider_application` ON (`oauth2_provider_accesstoken`.`application_id` = `oauth2_provider_application`.`id`) WHERE `oauth2_provider_accesstoken`.`token` = 'M3kjdCcyTp0nLa6gz8RgVrlDlNW5ZO'; args=('M3kjdCcyTp0nLa6gz8RgVrlDlNW5ZO',)
[2016-12-01 23:34:54] DEBUG [django.db.backends:90] (0.001) SELECT `oauth2_provider_accesstoken`.`id`, `oauth2_provider_accesstoken`.`user_id`, `oauth2_provider_accesstoken`.`token`, `oauth2_provider_accesstoken`.`application_id`, `oauth2_provider_accesstoken`.`expires`, `oauth2_provider_accesstoken`.`scope`, `oauth2_backend_user`.`password`, `oauth2_backend_user`.`last_login`, `oauth2_backend_user`.`is_superuser`, `oauth2_backend_user`.`username`, `oauth2_backend_user`.`first_name`, `oauth2_backend_user`.`last_name`, `oauth2_backend_user`.`email`, `oauth2_backend_user`.`is_staff`, `oauth2_backend_user`.`is_active`, `oauth2_backend_user`.`date_joined`, `oauth2_backend_user`.`id`, `oauth2_backend_user`.`last_hierarchy_id`, `oauth2_backend_user`.`last_module_id`, `oauth2_backend_user`.`person_id`, `oauth2_backend_user`.`updated_at`, `oauth2_backend_user`.`registered_by`, `oauth2_provider_application`.`id`, `oauth2_provider_application`.`client_id`, `oauth2_provider_application`.`user_id`, `oauth2_provider_application`.`redirect_uris`, `oauth2_provider_application`.`client_type`, `oauth2_provider_application`.`authorization_grant_type`, `oauth2_provider_application`.`client_secret`, `oauth2_provider_application`.`name`, `oauth2_provider_application`.`skip_authorization` FROM `oauth2_provider_accesstoken` LEFT OUTER JOIN `oauth2_backend_user` ON (`oauth2_provider_accesstoken`.`user_id` = `oauth2_backend_user`.`id`) INNER JOIN `oauth2_provider_application` ON (`oauth2_provider_accesstoken`.`application_id` = `oauth2_provider_application`.`id`) WHERE `oauth2_provider_accesstoken`.`token` = 'M3kjdCcyTp0nLa6gz8RgVrlDlNW5ZO'; args=('M3kjdCcyTp0nLa6gz8RgVrlDlNW5ZO',)
[2016-12-01 23:34:54] DEBUG [django.db.backends:90] (0.006) SELECT `catalogo_categoria`.`id`, `catalogo_categoria`.`nombre`, `catalogo_categoria`.`codigo`, `catalogo_categoria`.`estado` FROM `catalogo_categoria` WHERE (`catalogo_categoria`.`codigo` LIKE '%%' OR `catalogo_categoria`.`nombre` LIKE '%%'); args=('%%', '%%')
[2016-12-01 23:34:54] INFO [django.server:131] "GET /api/catalogo/categorias/ HTTP/1.1" 200 98
[2016-12-01 23:35:00] INFO [django.server:131] "OPTIONS /api/catalogo/autors/ HTTP/1.1" 200 0
[2016-12-01 23:35:00] DEBUG [django.db.backends:90] (0.001) SELECT @@SQL_AUTO_IS_NULL; args=None
[2016-12-01 23:35:00] DEBUG [django.db.backends:90] (0.000) SET SQL_AUTO_IS_NULL = 0; args=None
[2016-12-01 23:35:00] DEBUG [django.db.backends:90] (0.001) SELECT VERSION(); args=None
[2016-12-01 23:35:00] DEBUG [django.db.backends:90] (0.000) SET SQL_AUTO_IS_NULL = 0; args=None
[2016-12-01 23:35:00] DEBUG [django.db.backends:90] (0.002) SELECT `oauth2_provider_accesstoken`.`id`, `oauth2_provider_accesstoken`.`user_id`, `oauth2_provider_accesstoken`.`token`, `oauth2_provider_accesstoken`.`application_id`, `oauth2_provider_accesstoken`.`expires`, `oauth2_provider_accesstoken`.`scope`, `oauth2_backend_user`.`password`, `oauth2_backend_user`.`last_login`, `oauth2_backend_user`.`is_superuser`, `oauth2_backend_user`.`username`, `oauth2_backend_user`.`first_name`, `oauth2_backend_user`.`last_name`, `oauth2_backend_user`.`email`, `oauth2_backend_user`.`is_staff`, `oauth2_backend_user`.`is_active`, `oauth2_backend_user`.`date_joined`, `oauth2_backend_user`.`id`, `oauth2_backend_user`.`last_hierarchy_id`, `oauth2_backend_user`.`last_module_id`, `oauth2_backend_user`.`person_id`, `oauth2_backend_user`.`updated_at`, `oauth2_backend_user`.`registered_by`, `oauth2_provider_application`.`id`, `oauth2_provider_application`.`client_id`, `oauth2_provider_application`.`user_id`, `oauth2_provider_application`.`redirect_uris`, `oauth2_provider_application`.`client_type`, `oauth2_provider_application`.`authorization_grant_type`, `oauth2_provider_application`.`client_secret`, `oauth2_provider_application`.`name`, `oauth2_provider_application`.`skip_authorization` FROM `oauth2_provider_accesstoken` LEFT OUTER JOIN `oauth2_backend_user` ON (`oauth2_provider_accesstoken`.`user_id` = `oauth2_backend_user`.`id`) INNER JOIN `oauth2_provider_application` ON (`oauth2_provider_accesstoken`.`application_id` = `oauth2_provider_application`.`id`) WHERE `oauth2_provider_accesstoken`.`token` = 'M3kjdCcyTp0nLa6gz8RgVrlDlNW5ZO'; args=('M3kjdCcyTp0nLa6gz8RgVrlDlNW5ZO',)
[2016-12-01 23:35:00] DEBUG [django.db.backends:90] (0.002) SELECT `oauth2_provider_accesstoken`.`id`, `oauth2_provider_accesstoken`.`user_id`, `oauth2_provider_accesstoken`.`token`, `oauth2_provider_accesstoken`.`application_id`, `oauth2_provider_accesstoken`.`expires`, `oauth2_provider_accesstoken`.`scope`, `oauth2_backend_user`.`password`, `oauth2_backend_user`.`last_login`, `oauth2_backend_user`.`is_superuser`, `oauth2_backend_user`.`username`, `oauth2_backend_user`.`first_name`, `oauth2_backend_user`.`last_name`, `oauth2_backend_user`.`email`, `oauth2_backend_user`.`is_staff`, `oauth2_backend_user`.`is_active`, `oauth2_backend_user`.`date_joined`, `oauth2_backend_user`.`id`, `oauth2_backend_user`.`last_hierarchy_id`, `oauth2_backend_user`.`last_module_id`, `oauth2_backend_user`.`person_id`, `oauth2_backend_user`.`updated_at`, `oauth2_backend_user`.`registered_by`, `oauth2_provider_application`.`id`, `oauth2_provider_application`.`client_id`, `oauth2_provider_application`.`user_id`, `oauth2_provider_application`.`redirect_uris`, `oauth2_provider_application`.`client_type`, `oauth2_provider_application`.`authorization_grant_type`, `oauth2_provider_application`.`client_secret`, `oauth2_provider_application`.`name`, `oauth2_provider_application`.`skip_authorization` FROM `oauth2_provider_accesstoken` LEFT OUTER JOIN `oauth2_backend_user` ON (`oauth2_provider_accesstoken`.`user_id` = `oauth2_backend_user`.`id`) INNER JOIN `oauth2_provider_application` ON (`oauth2_provider_accesstoken`.`application_id` = `oauth2_provider_application`.`id`) WHERE `oauth2_provider_accesstoken`.`token` = 'M3kjdCcyTp0nLa6gz8RgVrlDlNW5ZO'; args=('M3kjdCcyTp0nLa6gz8RgVrlDlNW5ZO',)
[2016-12-01 23:35:00] WARNING [django.server:131] "GET /api/catalogo/autors/ HTTP/1.1" 403 63
[2016-12-01 23:35:01] DEBUG [django.db.backends:90] (0.000) SELECT @@SQL_AUTO_IS_NULL; args=None
[2016-12-01 23:35:01] DEBUG [django.db.backends:90] (0.000) SET SQL_AUTO_IS_NULL = 0; args=None
[2016-12-01 23:35:01] DEBUG [django.db.backends:90] (0.001) SELECT VERSION(); args=None
[2016-12-01 23:35:01] DEBUG [django.db.backends:90] (0.001) SET SQL_AUTO_IS_NULL = 0; args=None
[2016-12-01 23:35:01] DEBUG [django.db.backends:90] (0.002) SELECT `oauth2_provider_accesstoken`.`id`, `oauth2_provider_accesstoken`.`user_id`, `oauth2_provider_accesstoken`.`token`, `oauth2_provider_accesstoken`.`application_id`, `oauth2_provider_accesstoken`.`expires`, `oauth2_provider_accesstoken`.`scope`, `oauth2_backend_user`.`password`, `oauth2_backend_user`.`last_login`, `oauth2_backend_user`.`is_superuser`, `oauth2_backend_user`.`username`, `oauth2_backend_user`.`first_name`, `oauth2_backend_user`.`last_name`, `oauth2_backend_user`.`email`, `oauth2_backend_user`.`is_staff`, `oauth2_backend_user`.`is_active`, `oauth2_backend_user`.`date_joined`, `oauth2_backend_user`.`id`, `oauth2_backend_user`.`last_hierarchy_id`, `oauth2_backend_user`.`last_module_id`, `oauth2_backend_user`.`person_id`, `oauth2_backend_user`.`updated_at`, `oauth2_backend_user`.`registered_by`, `oauth2_provider_application`.`id`, `oauth2_provider_application`.`client_id`, `oauth2_provider_application`.`user_id`, `oauth2_provider_application`.`redirect_uris`, `oauth2_provider_application`.`client_type`, `oauth2_provider_application`.`authorization_grant_type`, `oauth2_provider_application`.`client_secret`, `oauth2_provider_application`.`name`, `oauth2_provider_application`.`skip_authorization` FROM `oauth2_provider_accesstoken` LEFT OUTER JOIN `oauth2_backend_user` ON (`oauth2_provider_accesstoken`.`user_id` = `oauth2_backend_user`.`id`) INNER JOIN `oauth2_provider_application` ON (`oauth2_provider_accesstoken`.`application_id` = `oauth2_provider_application`.`id`) WHERE `oauth2_provider_accesstoken`.`token` = 'M3kjdCcyTp0nLa6gz8RgVrlDlNW5ZO'; args=('M3kjdCcyTp0nLa6gz8RgVrlDlNW5ZO',)
[2016-12-01 23:35:01] DEBUG [django.db.backends:90] (0.002) SELECT `oauth2_provider_accesstoken`.`id`, `oauth2_provider_accesstoken`.`user_id`, `oauth2_provider_accesstoken`.`token`, `oauth2_provider_accesstoken`.`application_id`, `oauth2_provider_accesstoken`.`expires`, `oauth2_provider_accesstoken`.`scope`, `oauth2_backend_user`.`password`, `oauth2_backend_user`.`last_login`, `oauth2_backend_user`.`is_superuser`, `oauth2_backend_user`.`username`, `oauth2_backend_user`.`first_name`, `oauth2_backend_user`.`last_name`, `oauth2_backend_user`.`email`, `oauth2_backend_user`.`is_staff`, `oauth2_backend_user`.`is_active`, `oauth2_backend_user`.`date_joined`, `oauth2_backend_user`.`id`, `oauth2_backend_user`.`last_hierarchy_id`, `oauth2_backend_user`.`last_module_id`, `oauth2_backend_user`.`person_id`, `oauth2_backend_user`.`updated_at`, `oauth2_backend_user`.`registered_by`, `oauth2_provider_application`.`id`, `oauth2_provider_application`.`client_id`, `oauth2_provider_application`.`user_id`, `oauth2_provider_application`.`redirect_uris`, `oauth2_provider_application`.`client_type`, `oauth2_provider_application`.`authorization_grant_type`, `oauth2_provider_application`.`client_secret`, `oauth2_provider_application`.`name`, `oauth2_provider_application`.`skip_authorization` FROM `oauth2_provider_accesstoken` LEFT OUTER JOIN `oauth2_backend_user` ON (`oauth2_provider_accesstoken`.`user_id` = `oauth2_backend_user`.`id`) INNER JOIN `oauth2_provider_application` ON (`oauth2_provider_accesstoken`.`application_id` = `oauth2_provider_application`.`id`) WHERE `oauth2_provider_accesstoken`.`token` = 'M3kjdCcyTp0nLa6gz8RgVrlDlNW5ZO'; args=('M3kjdCcyTp0nLa6gz8RgVrlDlNW5ZO',)
[2016-12-01 23:35:01] DEBUG [django.db.backends:90] (0.001) SELECT `catalogo_categoria`.`id`, `catalogo_categoria`.`nombre`, `catalogo_categoria`.`codigo`, `catalogo_categoria`.`estado` FROM `catalogo_categoria` WHERE (`catalogo_categoria`.`codigo` LIKE '%%' OR `catalogo_categoria`.`nombre` LIKE '%%'); args=('%%', '%%')
[2016-12-01 23:35:01] INFO [django.server:131] "GET /api/catalogo/categorias/ HTTP/1.1" 200 98
[2016-12-01 23:35:13] INFO [django.server:131] "OPTIONS /api/catalogo/categorias/ HTTP/1.1" 200 0
[2016-12-01 23:35:13] DEBUG [django.db.backends:90] (0.001) SELECT @@SQL_AUTO_IS_NULL; args=None
[2016-12-01 23:35:13] DEBUG [django.db.backends:90] (0.000) SET SQL_AUTO_IS_NULL = 0; args=None
[2016-12-01 23:35:13] DEBUG [django.db.backends:90] (0.000) SELECT VERSION(); args=None
[2016-12-01 23:35:13] DEBUG [django.db.backends:90] (0.000) SET SQL_AUTO_IS_NULL = 0; args=None
[2016-12-01 23:35:13] DEBUG [django.db.backends:90] (0.001) SELECT `oauth2_provider_accesstoken`.`id`, `oauth2_provider_accesstoken`.`user_id`, `oauth2_provider_accesstoken`.`token`, `oauth2_provider_accesstoken`.`application_id`, `oauth2_provider_accesstoken`.`expires`, `oauth2_provider_accesstoken`.`scope`, `oauth2_backend_user`.`password`, `oauth2_backend_user`.`last_login`, `oauth2_backend_user`.`is_superuser`, `oauth2_backend_user`.`username`, `oauth2_backend_user`.`first_name`, `oauth2_backend_user`.`last_name`, `oauth2_backend_user`.`email`, `oauth2_backend_user`.`is_staff`, `oauth2_backend_user`.`is_active`, `oauth2_backend_user`.`date_joined`, `oauth2_backend_user`.`id`, `oauth2_backend_user`.`last_hierarchy_id`, `oauth2_backend_user`.`last_module_id`, `oauth2_backend_user`.`person_id`, `oauth2_backend_user`.`updated_at`, `oauth2_backend_user`.`registered_by`, `oauth2_provider_application`.`id`, `oauth2_provider_application`.`client_id`, `oauth2_provider_application`.`user_id`, `oauth2_provider_application`.`redirect_uris`, `oauth2_provider_application`.`client_type`, `oauth2_provider_application`.`authorization_grant_type`, `oauth2_provider_application`.`client_secret`, `oauth2_provider_application`.`name`, `oauth2_provider_application`.`skip_authorization` FROM `oauth2_provider_accesstoken` LEFT OUTER JOIN `oauth2_backend_user` ON (`oauth2_provider_accesstoken`.`user_id` = `oauth2_backend_user`.`id`) INNER JOIN `oauth2_provider_application` ON (`oauth2_provider_accesstoken`.`application_id` = `oauth2_provider_application`.`id`) WHERE `oauth2_provider_accesstoken`.`token` = '16NRRqmzaorv9SKUQmTFeLzxowmH6I'; args=('16NRRqmzaorv9SKUQmTFeLzxowmH6I',)
[2016-12-01 23:35:13] DEBUG [django.db.backends:90] (0.001) SELECT `oauth2_provider_accesstoken`.`id`, `oauth2_provider_accesstoken`.`user_id`, `oauth2_provider_accesstoken`.`token`, `oauth2_provider_accesstoken`.`application_id`, `oauth2_provider_accesstoken`.`expires`, `oauth2_provider_accesstoken`.`scope`, `oauth2_backend_user`.`password`, `oauth2_backend_user`.`last_login`, `oauth2_backend_user`.`is_superuser`, `oauth2_backend_user`.`username`, `oauth2_backend_user`.`first_name`, `oauth2_backend_user`.`last_name`, `oauth2_backend_user`.`email`, `oauth2_backend_user`.`is_staff`, `oauth2_backend_user`.`is_active`, `oauth2_backend_user`.`date_joined`, `oauth2_backend_user`.`id`, `oauth2_backend_user`.`last_hierarchy_id`, `oauth2_backend_user`.`last_module_id`, `oauth2_backend_user`.`person_id`, `oauth2_backend_user`.`updated_at`, `oauth2_backend_user`.`registered_by`, `oauth2_provider_application`.`id`, `oauth2_provider_application`.`client_id`, `oauth2_provider_application`.`user_id`, `oauth2_provider_application`.`redirect_uris`, `oauth2_provider_application`.`client_type`, `oauth2_provider_application`.`authorization_grant_type`, `oauth2_provider_application`.`client_secret`, `oauth2_provider_application`.`name`, `oauth2_provider_application`.`skip_authorization` FROM `oauth2_provider_accesstoken` LEFT OUTER JOIN `oauth2_backend_user` ON (`oauth2_provider_accesstoken`.`user_id` = `oauth2_backend_user`.`id`) INNER JOIN `oauth2_provider_application` ON (`oauth2_provider_accesstoken`.`application_id` = `oauth2_provider_application`.`id`) WHERE `oauth2_provider_accesstoken`.`token` = '16NRRqmzaorv9SKUQmTFeLzxowmH6I'; args=('16NRRqmzaorv9SKUQmTFeLzxowmH6I',)
[2016-12-01 23:35:13] DEBUG [django.db.backends:90] (0.001) SELECT `catalogo_categoria`.`id`, `catalogo_categoria`.`nombre`, `catalogo_categoria`.`codigo`, `catalogo_categoria`.`estado` FROM `catalogo_categoria` WHERE (`catalogo_categoria`.`codigo` LIKE '%%' OR `catalogo_categoria`.`nombre` LIKE '%%'); args=('%%', '%%')
[2016-12-01 23:35:13] INFO [django.server:131] "GET /api/catalogo/categorias/ HTTP/1.1" 200 98
[2016-12-01 23:35:18] DEBUG [django.db.backends:90] (0.000) SELECT @@SQL_AUTO_IS_NULL; args=None
[2016-12-01 23:35:19] DEBUG [django.db.backends:90] (0.001) SET SQL_AUTO_IS_NULL = 0; args=None
[2016-12-01 23:35:19] DEBUG [django.db.backends:90] (0.000) SELECT VERSION(); args=None
[2016-12-01 23:35:19] DEBUG [django.db.backends:90] (0.001) SET SQL_AUTO_IS_NULL = 0; args=None
[2016-12-01 23:35:19] DEBUG [django.db.backends:90] (0.002) SELECT `oauth2_provider_accesstoken`.`id`, `oauth2_provider_accesstoken`.`user_id`, `oauth2_provider_accesstoken`.`token`, `oauth2_provider_accesstoken`.`application_id`, `oauth2_provider_accesstoken`.`expires`, `oauth2_provider_accesstoken`.`scope`, `oauth2_backend_user`.`password`, `oauth2_backend_user`.`last_login`, `oauth2_backend_user`.`is_superuser`, `oauth2_backend_user`.`username`, `oauth2_backend_user`.`first_name`, `oauth2_backend_user`.`last_name`, `oauth2_backend_user`.`email`, `oauth2_backend_user`.`is_staff`, `oauth2_backend_user`.`is_active`, `oauth2_backend_user`.`date_joined`, `oauth2_backend_user`.`id`, `oauth2_backend_user`.`last_hierarchy_id`, `oauth2_backend_user`.`last_module_id`, `oauth2_backend_user`.`person_id`, `oauth2_backend_user`.`updated_at`, `oauth2_backend_user`.`registered_by`, `oauth2_provider_application`.`id`, `oauth2_provider_application`.`client_id`, `oauth2_provider_application`.`user_id`, `oauth2_provider_application`.`redirect_uris`, `oauth2_provider_application`.`client_type`, `oauth2_provider_application`.`authorization_grant_type`, `oauth2_provider_application`.`client_secret`, `oauth2_provider_application`.`name`, `oauth2_provider_application`.`skip_authorization` FROM `oauth2_provider_accesstoken` LEFT OUTER JOIN `oauth2_backend_user` ON (`oauth2_provider_accesstoken`.`user_id` = `oauth2_backend_user`.`id`) INNER JOIN `oauth2_provider_application` ON (`oauth2_provider_accesstoken`.`application_id` = `oauth2_provider_application`.`id`) WHERE `oauth2_provider_accesstoken`.`token` = '16NRRqmzaorv9SKUQmTFeLzxowmH6I'; args=('16NRRqmzaorv9SKUQmTFeLzxowmH6I',)
[2016-12-01 23:35:19] DEBUG [django.db.backends:90] (0.003) SELECT `oauth2_provider_accesstoken`.`id`, `oauth2_provider_accesstoken`.`user_id`, `oauth2_provider_accesstoken`.`token`, `oauth2_provider_accesstoken`.`application_id`, `oauth2_provider_accesstoken`.`expires`, `oauth2_provider_accesstoken`.`scope`, `oauth2_backend_user`.`password`, `oauth2_backend_user`.`last_login`, `oauth2_backend_user`.`is_superuser`, `oauth2_backend_user`.`username`, `oauth2_backend_user`.`first_name`, `oauth2_backend_user`.`last_name`, `oauth2_backend_user`.`email`, `oauth2_backend_user`.`is_staff`, `oauth2_backend_user`.`is_active`, `oauth2_backend_user`.`date_joined`, `oauth2_backend_user`.`id`, `oauth2_backend_user`.`last_hierarchy_id`, `oauth2_backend_user`.`last_module_id`, `oauth2_backend_user`.`person_id`, `oauth2_backend_user`.`updated_at`, `oauth2_backend_user`.`registered_by`, `oauth2_provider_application`.`id`, `oauth2_provider_application`.`client_id`, `oauth2_provider_application`.`user_id`, `oauth2_provider_application`.`redirect_uris`, `oauth2_provider_application`.`client_type`, `oauth2_provider_application`.`authorization_grant_type`, `oauth2_provider_application`.`client_secret`, `oauth2_provider_application`.`name`, `oauth2_provider_application`.`skip_authorization` FROM `oauth2_provider_accesstoken` LEFT OUTER JOIN `oauth2_backend_user` ON (`oauth2_provider_accesstoken`.`user_id` = `oauth2_backend_user`.`id`) INNER JOIN `oauth2_provider_application` ON (`oauth2_provider_accesstoken`.`application_id` = `oauth2_provider_application`.`id`) WHERE `oauth2_provider_accesstoken`.`token` = '16NRRqmzaorv9SKUQmTFeLzxowmH6I'; args=('16NRRqmzaorv9SKUQmTFeLzxowmH6I',)
[2016-12-01 23:35:19] DEBUG [django.db.backends:90] (0.009) SELECT COUNT(*) AS `__count` FROM `catalogo_autor`; args=()
[2016-12-01 23:35:19] DEBUG [django.db.backends:90] (0.000) SELECT `catalogo_autor`.`id`, `catalogo_autor`.`nombre`, `catalogo_autor`.`direccion`, `catalogo_autor`.`fecha_nac`, `catalogo_autor`.`created_at`, `catalogo_autor`.`updated_at` FROM `catalogo_autor` LIMIT 1; args=()
[2016-12-01 23:35:19] INFO [django.server:131] "GET /api/catalogo/autors/ HTTP/1.1" 200 311
[2016-12-01 23:35:24] DEBUG [django.db.backends:90] (0.001) SELECT @@SQL_AUTO_IS_NULL; args=None
[2016-12-01 23:35:24] DEBUG [django.db.backends:90] (0.000) SET SQL_AUTO_IS_NULL = 0; args=None
[2016-12-01 23:35:24] DEBUG [django.db.backends:90] (0.000) SELECT VERSION(); args=None
[2016-12-01 23:35:24] DEBUG [django.db.backends:90] (0.000) SET SQL_AUTO_IS_NULL = 0; args=None
[2016-12-01 23:35:24] DEBUG [django.db.backends:90] (0.001) SELECT `django_session`.`session_key`, `django_session`.`session_data`, `django_session`.`expire_date` FROM `django_session` WHERE (`django_session`.`session_key` = '5s0dl55aul393hvdt51pdlmrkkug1aq0' AND `django_session`.`expire_date` > '2016-12-02 04:35:24'); args=('5s0dl55aul393hvdt51pdlmrkkug1aq0', '2016-12-02 04:35:24')
[2016-12-01 23:35:24] WARNING [django.security.SuspiciousSession:117] Session data corrupted
[2016-12-01 23:35:24] INFO [django.server:131] "GET /admin/oauth2_backend/user/ HTTP/1.1" 302 0
[2016-12-01 23:35:24] DEBUG [django.db.backends:90] (0.001) SELECT @@SQL_AUTO_IS_NULL; args=None
[2016-12-01 23:35:24] DEBUG [django.db.backends:90] (0.001) SET SQL_AUTO_IS_NULL = 0; args=None
[2016-12-01 23:35:24] DEBUG [django.db.backends:90] (0.000) SELECT VERSION(); args=None
[2016-12-01 23:35:24] DEBUG [django.db.backends:90] (0.001) SET SQL_AUTO_IS_NULL = 0; args=None
[2016-12-01 23:35:24] DEBUG [django.db.backends:90] (0.001) SELECT `django_session`.`session_key`, `django_session`.`session_data`, `django_session`.`expire_date` FROM `django_session` WHERE (`django_session`.`session_key` = '5s0dl55aul393hvdt51pdlmrkkug1aq0' AND `django_session`.`expire_date` > '2016-12-02 04:35:24'); args=('5s0dl55aul393hvdt51pdlmrkkug1aq0', '2016-12-02 04:35:24')
[2016-12-01 23:35:24] WARNING [django.security.SuspiciousSession:117] Session data corrupted
[2016-12-01 23:35:24] DEBUG [django.template:929] Exception while resolving variable 'is_popup' in template 'admin/login.html'.
Traceback (most recent call last):
  File "E:\practian-ioteca-project\ve_catalogo\lib\site-packages\django\template\base.py", line 885, in _resolve_lookup
    current = current[bit]
  File "E:\practian-ioteca-project\ve_catalogo\lib\site-packages\django\template\context.py", line 75, in __getitem__
    raise KeyError(key)
KeyError: 'is_popup'

During handling of the above exception, another exception occurred:

Traceback (most recent call last):
  File "E:\practian-ioteca-project\ve_catalogo\lib\site-packages\django\template\base.py", line 891, in _resolve_lookup
    if isinstance(current, BaseContext) and getattr(type(current), bit):
AttributeError: type object 'RequestContext' has no attribute 'is_popup'

During handling of the above exception, another exception occurred:

Traceback (most recent call last):
  File "E:\practian-ioteca-project\ve_catalogo\lib\site-packages\django\template\base.py", line 900, in _resolve_lookup
    current = current[int(bit)]
ValueError: invalid literal for int() with base 10: 'is_popup'

During handling of the above exception, another exception occurred:

Traceback (most recent call last):
  File "E:\practian-ioteca-project\ve_catalogo\lib\site-packages\django\template\base.py", line 907, in _resolve_lookup
    (bit, current))  # missing attribute
django.template.base.VariableDoesNotExist: Failed lookup for key [is_popup] in "[{'None': None, 'True': True, 'False': False}, {'perms': <django.contrib.auth.context_processors.PermWrapper object at 0x0000000005D3AD30>, 'request': <WSGIRequest: GET '/admin/login/?next=/admin/oauth2_backend/user/'>, 'csrf_token': <SimpleLazyObject: <function csrf.<locals>._get_val at 0x0000000005C5BC80>>, 'DEFAULT_MESSAGE_LEVELS': {'SUCCESS': 25, 'DEBUG': 10, 'ERROR': 40, 'INFO': 20, 'WARNING': 30}, 'user': <SimpleLazyObject: <django.contrib.auth.models.AnonymousUser object at 0x0000000005CC0B00>>, 'messages': <django.contrib.messages.storage.fallback.FallbackStorage object at 0x0000000005CB0198>}, {}, {'site_name': 'localhost:8003', 'site_title': <django.utils.functional.lazy.<locals>.__proxy__ object at 0x00000000050D99E8>, 'site_header': <django.utils.functional.lazy.<locals>.__proxy__ object at 0x00000000050D9A90>, 'LANGUAGE_BIDI': False, 'next': '/admin/oauth2_backend/user/', 'site_url': '/', 'app_path': '/admin/login/?next=/admin/oauth2_backend/user/', 'form': <AdminAuthenticationForm bound=False, valid=Unknown, fields=(username;password)>, 'title': 'Log in', 'username': '', 'available_apps': [], 'has_permission': False, 'LANGUAGE_CODE': 'en-us', 'site': <django.contrib.sites.requests.RequestSite object at 0x0000000005CB06D8>}]"
[2016-12-01 23:35:24] DEBUG [django.template:929] Exception while resolving variable 'is_popup' in template 'admin/login.html'.
Traceback (most recent call last):
  File "E:\practian-ioteca-project\ve_catalogo\lib\site-packages\django\template\base.py", line 885, in _resolve_lookup
    current = current[bit]
  File "E:\practian-ioteca-project\ve_catalogo\lib\site-packages\django\template\context.py", line 75, in __getitem__
    raise KeyError(key)
KeyError: 'is_popup'

During handling of the above exception, another exception occurred:

Traceback (most recent call last):
  File "E:\practian-ioteca-project\ve_catalogo\lib\site-packages\django\template\base.py", line 891, in _resolve_lookup
    if isinstance(current, BaseContext) and getattr(type(current), bit):
AttributeError: type object 'RequestContext' has no attribute 'is_popup'

During handling of the above exception, another exception occurred:

Traceback (most recent call last):
  File "E:\practian-ioteca-project\ve_catalogo\lib\site-packages\django\template\base.py", line 900, in _resolve_lookup
    current = current[int(bit)]
ValueError: invalid literal for int() with base 10: 'is_popup'

During handling of the above exception, another exception occurred:

Traceback (most recent call last):
  File "E:\practian-ioteca-project\ve_catalogo\lib\site-packages\django\template\base.py", line 907, in _resolve_lookup
    (bit, current))  # missing attribute
django.template.base.VariableDoesNotExist: Failed lookup for key [is_popup] in "[{'None': None, 'True': True, 'False': False}, {'perms': <django.contrib.auth.context_processors.PermWrapper object at 0x0000000005D3AD30>, 'request': <WSGIRequest: GET '/admin/login/?next=/admin/oauth2_backend/user/'>, 'csrf_token': <SimpleLazyObject: <function csrf.<locals>._get_val at 0x0000000005C5BC80>>, 'DEFAULT_MESSAGE_LEVELS': {'SUCCESS': 25, 'DEBUG': 10, 'ERROR': 40, 'INFO': 20, 'WARNING': 30}, 'user': <SimpleLazyObject: <django.contrib.auth.models.AnonymousUser object at 0x0000000005CC0B00>>, 'messages': <django.contrib.messages.storage.fallback.FallbackStorage object at 0x0000000005CB0198>}, {}, {'site_name': 'localhost:8003', 'site_title': <django.utils.functional.lazy.<locals>.__proxy__ object at 0x00000000050D99E8>, 'site_header': <django.utils.functional.lazy.<locals>.__proxy__ object at 0x00000000050D9A90>, 'LANGUAGE_BIDI': False, 'next': '/admin/oauth2_backend/user/', 'site_url': '/', 'app_path': '/admin/login/?next=/admin/oauth2_backend/user/', 'form': <AdminAuthenticationForm bound=False, valid=Unknown, fields=(username;password)>, 'title': 'Log in', 'username': '', 'available_apps': [], 'has_permission': False, 'LANGUAGE_CODE': 'en-us', 'site': <django.contrib.sites.requests.RequestSite object at 0x0000000005CB06D8>}]"
[2016-12-01 23:35:24] INFO [django.server:131] "GET /admin/login/?next=/admin/oauth2_backend/user/ HTTP/1.1" 200 1698
[2016-12-01 23:35:24] INFO [django.server:131] "GET /static/admin/css/base.css HTTP/1.1" 200 15937
[2016-12-01 23:35:24] INFO [django.server:131] "GET /static/admin/css/login.css HTTP/1.1" 200 1203
[2016-12-01 23:35:25] INFO [django.server:131] "GET /static/admin/css/fonts.css HTTP/1.1" 200 423
[2016-12-01 23:35:25] INFO [django.server:131] "GET /static/admin/fonts/Roboto-Regular-webfont.woff HTTP/1.1" 200 80304
[2016-12-01 23:35:25] INFO [django.server:131] "GET /static/admin/fonts/Roboto-Light-webfont.woff HTTP/1.1" 200 81348
[2016-12-01 23:35:25] DEBUG [django.template:929] Exception while resolving variable 'name' in template 'unknown'.
Traceback (most recent call last):
  File "E:\practian-ioteca-project\ve_catalogo\lib\site-packages\django\core\handlers\exception.py", line 39, in inner
    response = get_response(request)
  File "E:\practian-ioteca-project\ve_catalogo\lib\site-packages\django\core\handlers\base.py", line 249, in _legacy_get_response
    response = self._get_response(request)
  File "E:\practian-ioteca-project\ve_catalogo\lib\site-packages\django\core\handlers\base.py", line 172, in _get_response
    resolver_match = resolver.resolve(request.path_info)
  File "E:\practian-ioteca-project\ve_catalogo\lib\site-packages\django\urls\resolvers.py", line 300, in resolve
    raise Resolver404({'tried': tried, 'path': new_path})
django.urls.exceptions.Resolver404: {'tried': [[<RegexURLResolver <RegexURLPattern list> (admin:admin) ^admin/>], [<RegexURLResolver <module 'catalogo.urls' from 'E:\\practian-ioteca-project\\catalogo_service\\catalogo\\urls.py'> (None:None) ^api/catalogo/>]], 'path': 'favicon.ico'}

During handling of the above exception, another exception occurred:

Traceback (most recent call last):
  File "E:\practian-ioteca-project\ve_catalogo\lib\site-packages\django\template\base.py", line 885, in _resolve_lookup
    current = current[bit]
TypeError: 'RegexURLResolver' object is not subscriptable

During handling of the above exception, another exception occurred:

Traceback (most recent call last):
  File "E:\practian-ioteca-project\ve_catalogo\lib\site-packages\django\template\base.py", line 893, in _resolve_lookup
    current = getattr(current, bit)
AttributeError: 'RegexURLResolver' object has no attribute 'name'

During handling of the above exception, another exception occurred:

Traceback (most recent call last):
  File "E:\practian-ioteca-project\ve_catalogo\lib\site-packages\django\template\base.py", line 900, in _resolve_lookup
    current = current[int(bit)]
ValueError: invalid literal for int() with base 10: 'name'

During handling of the above exception, another exception occurred:

Traceback (most recent call last):
  File "E:\practian-ioteca-project\ve_catalogo\lib\site-packages\django\template\base.py", line 907, in _resolve_lookup
    (bit, current))  # missing attribute
django.template.base.VariableDoesNotExist: Failed lookup for key [name] in '<RegexURLResolver <RegexURLPattern list> (admin:admin) ^admin/>'
[2016-12-01 23:35:25] DEBUG [django.template:929] Exception while resolving variable 'name' in template 'unknown'.
Traceback (most recent call last):
  File "E:\practian-ioteca-project\ve_catalogo\lib\site-packages\django\core\handlers\exception.py", line 39, in inner
    response = get_response(request)
  File "E:\practian-ioteca-project\ve_catalogo\lib\site-packages\django\core\handlers\base.py", line 249, in _legacy_get_response
    response = self._get_response(request)
  File "E:\practian-ioteca-project\ve_catalogo\lib\site-packages\django\core\handlers\base.py", line 172, in _get_response
    resolver_match = resolver.resolve(request.path_info)
  File "E:\practian-ioteca-project\ve_catalogo\lib\site-packages\django\urls\resolvers.py", line 300, in resolve
    raise Resolver404({'tried': tried, 'path': new_path})
django.urls.exceptions.Resolver404: {'tried': [[<RegexURLResolver <RegexURLPattern list> (admin:admin) ^admin/>], [<RegexURLResolver <module 'catalogo.urls' from 'E:\\practian-ioteca-project\\catalogo_service\\catalogo\\urls.py'> (None:None) ^api/catalogo/>]], 'path': 'favicon.ico'}

During handling of the above exception, another exception occurred:

Traceback (most recent call last):
  File "E:\practian-ioteca-project\ve_catalogo\lib\site-packages\django\template\base.py", line 885, in _resolve_lookup
    current = current[bit]
TypeError: 'RegexURLResolver' object is not subscriptable

During handling of the above exception, another exception occurred:

Traceback (most recent call last):
  File "E:\practian-ioteca-project\ve_catalogo\lib\site-packages\django\template\base.py", line 893, in _resolve_lookup
    current = getattr(current, bit)
AttributeError: 'RegexURLResolver' object has no attribute 'name'

During handling of the above exception, another exception occurred:

Traceback (most recent call last):
  File "E:\practian-ioteca-project\ve_catalogo\lib\site-packages\django\template\base.py", line 900, in _resolve_lookup
    current = current[int(bit)]
ValueError: invalid literal for int() with base 10: 'name'

During handling of the above exception, another exception occurred:

Traceback (most recent call last):
  File "E:\practian-ioteca-project\ve_catalogo\lib\site-packages\django\template\base.py", line 907, in _resolve_lookup
    (bit, current))  # missing attribute
django.template.base.VariableDoesNotExist: Failed lookup for key [name] in "<RegexURLResolver <module 'catalogo.urls' from 'E:\\\\practian-ioteca-project\\\\catalogo_service\\\\catalogo\\\\urls.py'> (None:None) ^api/catalogo/>"
[2016-12-01 23:35:25] WARNING [django.request:152] Not Found: /favicon.ico
[2016-12-01 23:35:25] WARNING [django.server:131] "GET /favicon.ico HTTP/1.1" 404 2057
[2016-12-01 23:35:25] DEBUG [django.template:929] Exception while resolving variable 'name' in template 'unknown'.
Traceback (most recent call last):
  File "E:\practian-ioteca-project\ve_catalogo\lib\site-packages\django\core\handlers\exception.py", line 39, in inner
    response = get_response(request)
  File "E:\practian-ioteca-project\ve_catalogo\lib\site-packages\django\core\handlers\base.py", line 249, in _legacy_get_response
    response = self._get_response(request)
  File "E:\practian-ioteca-project\ve_catalogo\lib\site-packages\django\core\handlers\base.py", line 172, in _get_response
    resolver_match = resolver.resolve(request.path_info)
  File "E:\practian-ioteca-project\ve_catalogo\lib\site-packages\django\urls\resolvers.py", line 300, in resolve
    raise Resolver404({'tried': tried, 'path': new_path})
django.urls.exceptions.Resolver404: {'tried': [[<RegexURLResolver <RegexURLPattern list> (admin:admin) ^admin/>], [<RegexURLResolver <module 'catalogo.urls' from 'E:\\practian-ioteca-project\\catalogo_service\\catalogo\\urls.py'> (None:None) ^api/catalogo/>]], 'path': 'favicon.ico'}

During handling of the above exception, another exception occurred:

Traceback (most recent call last):
  File "E:\practian-ioteca-project\ve_catalogo\lib\site-packages\django\template\base.py", line 885, in _resolve_lookup
    current = current[bit]
TypeError: 'RegexURLResolver' object is not subscriptable

During handling of the above exception, another exception occurred:

Traceback (most recent call last):
  File "E:\practian-ioteca-project\ve_catalogo\lib\site-packages\django\template\base.py", line 893, in _resolve_lookup
    current = getattr(current, bit)
AttributeError: 'RegexURLResolver' object has no attribute 'name'

During handling of the above exception, another exception occurred:

Traceback (most recent call last):
  File "E:\practian-ioteca-project\ve_catalogo\lib\site-packages\django\template\base.py", line 900, in _resolve_lookup
    current = current[int(bit)]
ValueError: invalid literal for int() with base 10: 'name'

During handling of the above exception, another exception occurred:

Traceback (most recent call last):
  File "E:\practian-ioteca-project\ve_catalogo\lib\site-packages\django\template\base.py", line 907, in _resolve_lookup
    (bit, current))  # missing attribute
django.template.base.VariableDoesNotExist: Failed lookup for key [name] in '<RegexURLResolver <RegexURLPattern list> (admin:admin) ^admin/>'
[2016-12-01 23:35:25] DEBUG [django.template:929] Exception while resolving variable 'name' in template 'unknown'.
Traceback (most recent call last):
  File "E:\practian-ioteca-project\ve_catalogo\lib\site-packages\django\core\handlers\exception.py", line 39, in inner
    response = get_response(request)
  File "E:\practian-ioteca-project\ve_catalogo\lib\site-packages\django\core\handlers\base.py", line 249, in _legacy_get_response
    response = self._get_response(request)
  File "E:\practian-ioteca-project\ve_catalogo\lib\site-packages\django\core\handlers\base.py", line 172, in _get_response
    resolver_match = resolver.resolve(request.path_info)
  File "E:\practian-ioteca-project\ve_catalogo\lib\site-packages\django\urls\resolvers.py", line 300, in resolve
    raise Resolver404({'tried': tried, 'path': new_path})
django.urls.exceptions.Resolver404: {'tried': [[<RegexURLResolver <RegexURLPattern list> (admin:admin) ^admin/>], [<RegexURLResolver <module 'catalogo.urls' from 'E:\\practian-ioteca-project\\catalogo_service\\catalogo\\urls.py'> (None:None) ^api/catalogo/>]], 'path': 'favicon.ico'}

During handling of the above exception, another exception occurred:

Traceback (most recent call last):
  File "E:\practian-ioteca-project\ve_catalogo\lib\site-packages\django\template\base.py", line 885, in _resolve_lookup
    current = current[bit]
TypeError: 'RegexURLResolver' object is not subscriptable

During handling of the above exception, another exception occurred:

Traceback (most recent call last):
  File "E:\practian-ioteca-project\ve_catalogo\lib\site-packages\django\template\base.py", line 893, in _resolve_lookup
    current = getattr(current, bit)
AttributeError: 'RegexURLResolver' object has no attribute 'name'

During handling of the above exception, another exception occurred:

Traceback (most recent call last):
  File "E:\practian-ioteca-project\ve_catalogo\lib\site-packages\django\template\base.py", line 900, in _resolve_lookup
    current = current[int(bit)]
ValueError: invalid literal for int() with base 10: 'name'

During handling of the above exception, another exception occurred:

Traceback (most recent call last):
  File "E:\practian-ioteca-project\ve_catalogo\lib\site-packages\django\template\base.py", line 907, in _resolve_lookup
    (bit, current))  # missing attribute
django.template.base.VariableDoesNotExist: Failed lookup for key [name] in "<RegexURLResolver <module 'catalogo.urls' from 'E:\\\\practian-ioteca-project\\\\catalogo_service\\\\catalogo\\\\urls.py'> (None:None) ^api/catalogo/>"
[2016-12-01 23:35:25] WARNING [django.request:152] Not Found: /favicon.ico
[2016-12-01 23:35:25] WARNING [django.server:131] "GET /favicon.ico HTTP/1.1" 404 2057
[2016-12-02 09:29:46] DEBUG [django.db.backends:90] (0.000) SELECT @@SQL_AUTO_IS_NULL; args=None
[2016-12-02 09:29:46] DEBUG [django.db.backends:90] (0.001) SET SQL_AUTO_IS_NULL = 0; args=None
[2016-12-02 09:29:46] DEBUG [django.db.backends:90] (0.000) SELECT VERSION(); args=None
[2016-12-02 09:29:46] DEBUG [django.db.backends:90] (0.001) SET SQL_AUTO_IS_NULL = 0; args=None
[2016-12-02 09:29:46] DEBUG [django.db.backends:90] (0.016) SELECT `oauth2_provider_accesstoken`.`id`, `oauth2_provider_accesstoken`.`user_id`, `oauth2_provider_accesstoken`.`token`, `oauth2_provider_accesstoken`.`application_id`, `oauth2_provider_accesstoken`.`expires`, `oauth2_provider_accesstoken`.`scope`, `oauth2_backend_user`.`password`, `oauth2_backend_user`.`last_login`, `oauth2_backend_user`.`is_superuser`, `oauth2_backend_user`.`username`, `oauth2_backend_user`.`first_name`, `oauth2_backend_user`.`last_name`, `oauth2_backend_user`.`email`, `oauth2_backend_user`.`is_staff`, `oauth2_backend_user`.`is_active`, `oauth2_backend_user`.`date_joined`, `oauth2_backend_user`.`id`, `oauth2_backend_user`.`last_hierarchy_id`, `oauth2_backend_user`.`last_module_id`, `oauth2_backend_user`.`person_id`, `oauth2_backend_user`.`updated_at`, `oauth2_backend_user`.`registered_by`, `oauth2_provider_application`.`id`, `oauth2_provider_application`.`client_id`, `oauth2_provider_application`.`user_id`, `oauth2_provider_application`.`redirect_uris`, `oauth2_provider_application`.`client_type`, `oauth2_provider_application`.`authorization_grant_type`, `oauth2_provider_application`.`client_secret`, `oauth2_provider_application`.`name`, `oauth2_provider_application`.`skip_authorization` FROM `oauth2_provider_accesstoken` LEFT OUTER JOIN `oauth2_backend_user` ON (`oauth2_provider_accesstoken`.`user_id` = `oauth2_backend_user`.`id`) INNER JOIN `oauth2_provider_application` ON (`oauth2_provider_accesstoken`.`application_id` = `oauth2_provider_application`.`id`) WHERE `oauth2_provider_accesstoken`.`token` = '16NRRqmzaorv9SKUQmTFeLzxowmH6I'; args=('16NRRqmzaorv9SKUQmTFeLzxowmH6I',)
[2016-12-02 09:29:46] DEBUG [django.db.backends:90] (0.002) SELECT `oauth2_provider_accesstoken`.`id`, `oauth2_provider_accesstoken`.`user_id`, `oauth2_provider_accesstoken`.`token`, `oauth2_provider_accesstoken`.`application_id`, `oauth2_provider_accesstoken`.`expires`, `oauth2_provider_accesstoken`.`scope`, `oauth2_backend_user`.`password`, `oauth2_backend_user`.`last_login`, `oauth2_backend_user`.`is_superuser`, `oauth2_backend_user`.`username`, `oauth2_backend_user`.`first_name`, `oauth2_backend_user`.`last_name`, `oauth2_backend_user`.`email`, `oauth2_backend_user`.`is_staff`, `oauth2_backend_user`.`is_active`, `oauth2_backend_user`.`date_joined`, `oauth2_backend_user`.`id`, `oauth2_backend_user`.`last_hierarchy_id`, `oauth2_backend_user`.`last_module_id`, `oauth2_backend_user`.`person_id`, `oauth2_backend_user`.`updated_at`, `oauth2_backend_user`.`registered_by`, `oauth2_provider_application`.`id`, `oauth2_provider_application`.`client_id`, `oauth2_provider_application`.`user_id`, `oauth2_provider_application`.`redirect_uris`, `oauth2_provider_application`.`client_type`, `oauth2_provider_application`.`authorization_grant_type`, `oauth2_provider_application`.`client_secret`, `oauth2_provider_application`.`name`, `oauth2_provider_application`.`skip_authorization` FROM `oauth2_provider_accesstoken` LEFT OUTER JOIN `oauth2_backend_user` ON (`oauth2_provider_accesstoken`.`user_id` = `oauth2_backend_user`.`id`) INNER JOIN `oauth2_provider_application` ON (`oauth2_provider_accesstoken`.`application_id` = `oauth2_provider_application`.`id`) WHERE `oauth2_provider_accesstoken`.`token` = '16NRRqmzaorv9SKUQmTFeLzxowmH6I'; args=('16NRRqmzaorv9SKUQmTFeLzxowmH6I',)
[2016-12-02 09:29:46] DEBUG [django.db.backends:90] (0.007) SELECT `catalogo_categoria`.`id`, `catalogo_categoria`.`nombre`, `catalogo_categoria`.`codigo`, `catalogo_categoria`.`estado` FROM `catalogo_categoria` WHERE (`catalogo_categoria`.`codigo` LIKE '%%' OR `catalogo_categoria`.`nombre` LIKE '%%'); args=('%%', '%%')
[2016-12-02 09:29:46] INFO [django.server:131] "GET /api/catalogo/categorias/ HTTP/1.1" 200 98
[2016-12-02 09:29:49] DEBUG [django.db.backends:90] (0.000) SELECT @@SQL_AUTO_IS_NULL; args=None
[2016-12-02 09:29:49] DEBUG [django.db.backends:90] (0.000) SET SQL_AUTO_IS_NULL = 0; args=None
[2016-12-02 09:29:49] DEBUG [django.db.backends:90] (0.000) SELECT VERSION(); args=None
[2016-12-02 09:29:49] DEBUG [django.db.backends:90] (0.000) SET SQL_AUTO_IS_NULL = 0; args=None
[2016-12-02 09:29:49] DEBUG [django.db.backends:90] (0.002) SELECT `oauth2_provider_accesstoken`.`id`, `oauth2_provider_accesstoken`.`user_id`, `oauth2_provider_accesstoken`.`token`, `oauth2_provider_accesstoken`.`application_id`, `oauth2_provider_accesstoken`.`expires`, `oauth2_provider_accesstoken`.`scope`, `oauth2_backend_user`.`password`, `oauth2_backend_user`.`last_login`, `oauth2_backend_user`.`is_superuser`, `oauth2_backend_user`.`username`, `oauth2_backend_user`.`first_name`, `oauth2_backend_user`.`last_name`, `oauth2_backend_user`.`email`, `oauth2_backend_user`.`is_staff`, `oauth2_backend_user`.`is_active`, `oauth2_backend_user`.`date_joined`, `oauth2_backend_user`.`id`, `oauth2_backend_user`.`last_hierarchy_id`, `oauth2_backend_user`.`last_module_id`, `oauth2_backend_user`.`person_id`, `oauth2_backend_user`.`updated_at`, `oauth2_backend_user`.`registered_by`, `oauth2_provider_application`.`id`, `oauth2_provider_application`.`client_id`, `oauth2_provider_application`.`user_id`, `oauth2_provider_application`.`redirect_uris`, `oauth2_provider_application`.`client_type`, `oauth2_provider_application`.`authorization_grant_type`, `oauth2_provider_application`.`client_secret`, `oauth2_provider_application`.`name`, `oauth2_provider_application`.`skip_authorization` FROM `oauth2_provider_accesstoken` LEFT OUTER JOIN `oauth2_backend_user` ON (`oauth2_provider_accesstoken`.`user_id` = `oauth2_backend_user`.`id`) INNER JOIN `oauth2_provider_application` ON (`oauth2_provider_accesstoken`.`application_id` = `oauth2_provider_application`.`id`) WHERE `oauth2_provider_accesstoken`.`token` = '16NRRqmzaorv9SKUQmTFeLzxowmH6I'; args=('16NRRqmzaorv9SKUQmTFeLzxowmH6I',)
[2016-12-02 09:29:49] DEBUG [django.db.backends:90] (0.002) SELECT `oauth2_provider_accesstoken`.`id`, `oauth2_provider_accesstoken`.`user_id`, `oauth2_provider_accesstoken`.`token`, `oauth2_provider_accesstoken`.`application_id`, `oauth2_provider_accesstoken`.`expires`, `oauth2_provider_accesstoken`.`scope`, `oauth2_backend_user`.`password`, `oauth2_backend_user`.`last_login`, `oauth2_backend_user`.`is_superuser`, `oauth2_backend_user`.`username`, `oauth2_backend_user`.`first_name`, `oauth2_backend_user`.`last_name`, `oauth2_backend_user`.`email`, `oauth2_backend_user`.`is_staff`, `oauth2_backend_user`.`is_active`, `oauth2_backend_user`.`date_joined`, `oauth2_backend_user`.`id`, `oauth2_backend_user`.`last_hierarchy_id`, `oauth2_backend_user`.`last_module_id`, `oauth2_backend_user`.`person_id`, `oauth2_backend_user`.`updated_at`, `oauth2_backend_user`.`registered_by`, `oauth2_provider_application`.`id`, `oauth2_provider_application`.`client_id`, `oauth2_provider_application`.`user_id`, `oauth2_provider_application`.`redirect_uris`, `oauth2_provider_application`.`client_type`, `oauth2_provider_application`.`authorization_grant_type`, `oauth2_provider_application`.`client_secret`, `oauth2_provider_application`.`name`, `oauth2_provider_application`.`skip_authorization` FROM `oauth2_provider_accesstoken` LEFT OUTER JOIN `oauth2_backend_user` ON (`oauth2_provider_accesstoken`.`user_id` = `oauth2_backend_user`.`id`) INNER JOIN `oauth2_provider_application` ON (`oauth2_provider_accesstoken`.`application_id` = `oauth2_provider_application`.`id`) WHERE `oauth2_provider_accesstoken`.`token` = '16NRRqmzaorv9SKUQmTFeLzxowmH6I'; args=('16NRRqmzaorv9SKUQmTFeLzxowmH6I',)
[2016-12-02 09:29:49] DEBUG [django.db.backends:90] (0.000) SELECT `catalogo_categoria`.`id`, `catalogo_categoria`.`nombre`, `catalogo_categoria`.`codigo`, `catalogo_categoria`.`estado` FROM `catalogo_categoria` WHERE (`catalogo_categoria`.`codigo` LIKE '%%' OR `catalogo_categoria`.`nombre` LIKE '%%'); args=('%%', '%%')
[2016-12-02 09:29:49] INFO [django.server:131] "GET /api/catalogo/categorias/ HTTP/1.1" 200 98
[2016-12-02 09:29:51] DEBUG [django.db.backends:90] (0.000) SELECT @@SQL_AUTO_IS_NULL; args=None
[2016-12-02 09:29:51] DEBUG [django.db.backends:90] (0.000) SET SQL_AUTO_IS_NULL = 0; args=None
[2016-12-02 09:29:51] DEBUG [django.db.backends:90] (0.001) SELECT VERSION(); args=None
[2016-12-02 09:29:51] DEBUG [django.db.backends:90] (0.000) SET SQL_AUTO_IS_NULL = 0; args=None
[2016-12-02 09:29:51] DEBUG [django.db.backends:90] (0.001) SELECT `oauth2_provider_accesstoken`.`id`, `oauth2_provider_accesstoken`.`user_id`, `oauth2_provider_accesstoken`.`token`, `oauth2_provider_accesstoken`.`application_id`, `oauth2_provider_accesstoken`.`expires`, `oauth2_provider_accesstoken`.`scope`, `oauth2_backend_user`.`password`, `oauth2_backend_user`.`last_login`, `oauth2_backend_user`.`is_superuser`, `oauth2_backend_user`.`username`, `oauth2_backend_user`.`first_name`, `oauth2_backend_user`.`last_name`, `oauth2_backend_user`.`email`, `oauth2_backend_user`.`is_staff`, `oauth2_backend_user`.`is_active`, `oauth2_backend_user`.`date_joined`, `oauth2_backend_user`.`id`, `oauth2_backend_user`.`last_hierarchy_id`, `oauth2_backend_user`.`last_module_id`, `oauth2_backend_user`.`person_id`, `oauth2_backend_user`.`updated_at`, `oauth2_backend_user`.`registered_by`, `oauth2_provider_application`.`id`, `oauth2_provider_application`.`client_id`, `oauth2_provider_application`.`user_id`, `oauth2_provider_application`.`redirect_uris`, `oauth2_provider_application`.`client_type`, `oauth2_provider_application`.`authorization_grant_type`, `oauth2_provider_application`.`client_secret`, `oauth2_provider_application`.`name`, `oauth2_provider_application`.`skip_authorization` FROM `oauth2_provider_accesstoken` LEFT OUTER JOIN `oauth2_backend_user` ON (`oauth2_provider_accesstoken`.`user_id` = `oauth2_backend_user`.`id`) INNER JOIN `oauth2_provider_application` ON (`oauth2_provider_accesstoken`.`application_id` = `oauth2_provider_application`.`id`) WHERE `oauth2_provider_accesstoken`.`token` = '16NRRqmzaorv9SKUQmTFeLzxowmH6I'; args=('16NRRqmzaorv9SKUQmTFeLzxowmH6I',)
[2016-12-02 09:29:51] DEBUG [django.db.backends:90] (0.002) SELECT `oauth2_provider_accesstoken`.`id`, `oauth2_provider_accesstoken`.`user_id`, `oauth2_provider_accesstoken`.`token`, `oauth2_provider_accesstoken`.`application_id`, `oauth2_provider_accesstoken`.`expires`, `oauth2_provider_accesstoken`.`scope`, `oauth2_backend_user`.`password`, `oauth2_backend_user`.`last_login`, `oauth2_backend_user`.`is_superuser`, `oauth2_backend_user`.`username`, `oauth2_backend_user`.`first_name`, `oauth2_backend_user`.`last_name`, `oauth2_backend_user`.`email`, `oauth2_backend_user`.`is_staff`, `oauth2_backend_user`.`is_active`, `oauth2_backend_user`.`date_joined`, `oauth2_backend_user`.`id`, `oauth2_backend_user`.`last_hierarchy_id`, `oauth2_backend_user`.`last_module_id`, `oauth2_backend_user`.`person_id`, `oauth2_backend_user`.`updated_at`, `oauth2_backend_user`.`registered_by`, `oauth2_provider_application`.`id`, `oauth2_provider_application`.`client_id`, `oauth2_provider_application`.`user_id`, `oauth2_provider_application`.`redirect_uris`, `oauth2_provider_application`.`client_type`, `oauth2_provider_application`.`authorization_grant_type`, `oauth2_provider_application`.`client_secret`, `oauth2_provider_application`.`name`, `oauth2_provider_application`.`skip_authorization` FROM `oauth2_provider_accesstoken` LEFT OUTER JOIN `oauth2_backend_user` ON (`oauth2_provider_accesstoken`.`user_id` = `oauth2_backend_user`.`id`) INNER JOIN `oauth2_provider_application` ON (`oauth2_provider_accesstoken`.`application_id` = `oauth2_provider_application`.`id`) WHERE `oauth2_provider_accesstoken`.`token` = '16NRRqmzaorv9SKUQmTFeLzxowmH6I'; args=('16NRRqmzaorv9SKUQmTFeLzxowmH6I',)
[2016-12-02 09:29:51] DEBUG [django.db.backends:90] (0.005) SELECT COUNT(*) AS `__count` FROM `catalogo_autor`; args=()
[2016-12-02 09:29:51] DEBUG [django.db.backends:90] (0.000) SELECT `catalogo_autor`.`id`, `catalogo_autor`.`nombre`, `catalogo_autor`.`direccion`, `catalogo_autor`.`fecha_nac`, `catalogo_autor`.`created_at`, `catalogo_autor`.`updated_at` FROM `catalogo_autor` LIMIT 1; args=()
[2016-12-02 09:29:51] INFO [django.server:131] "GET /api/catalogo/autors/ HTTP/1.1" 200 311
[2016-12-02 09:29:57] DEBUG [django.db.backends:90] (0.001) SELECT @@SQL_AUTO_IS_NULL; args=None
[2016-12-02 09:29:57] DEBUG [django.db.backends:90] (0.000) SET SQL_AUTO_IS_NULL = 0; args=None
[2016-12-02 09:29:57] DEBUG [django.db.backends:90] (0.000) SELECT VERSION(); args=None
[2016-12-02 09:29:57] DEBUG [django.db.backends:90] (0.000) SET SQL_AUTO_IS_NULL = 0; args=None
[2016-12-02 09:29:57] DEBUG [django.db.backends:90] (0.001) SELECT `oauth2_provider_accesstoken`.`id`, `oauth2_provider_accesstoken`.`user_id`, `oauth2_provider_accesstoken`.`token`, `oauth2_provider_accesstoken`.`application_id`, `oauth2_provider_accesstoken`.`expires`, `oauth2_provider_accesstoken`.`scope`, `oauth2_backend_user`.`password`, `oauth2_backend_user`.`last_login`, `oauth2_backend_user`.`is_superuser`, `oauth2_backend_user`.`username`, `oauth2_backend_user`.`first_name`, `oauth2_backend_user`.`last_name`, `oauth2_backend_user`.`email`, `oauth2_backend_user`.`is_staff`, `oauth2_backend_user`.`is_active`, `oauth2_backend_user`.`date_joined`, `oauth2_backend_user`.`id`, `oauth2_backend_user`.`last_hierarchy_id`, `oauth2_backend_user`.`last_module_id`, `oauth2_backend_user`.`person_id`, `oauth2_backend_user`.`updated_at`, `oauth2_backend_user`.`registered_by`, `oauth2_provider_application`.`id`, `oauth2_provider_application`.`client_id`, `oauth2_provider_application`.`user_id`, `oauth2_provider_application`.`redirect_uris`, `oauth2_provider_application`.`client_type`, `oauth2_provider_application`.`authorization_grant_type`, `oauth2_provider_application`.`client_secret`, `oauth2_provider_application`.`name`, `oauth2_provider_application`.`skip_authorization` FROM `oauth2_provider_accesstoken` LEFT OUTER JOIN `oauth2_backend_user` ON (`oauth2_provider_accesstoken`.`user_id` = `oauth2_backend_user`.`id`) INNER JOIN `oauth2_provider_application` ON (`oauth2_provider_accesstoken`.`application_id` = `oauth2_provider_application`.`id`) WHERE `oauth2_provider_accesstoken`.`token` = '16NRRqmzaorv9SKUQmTFeLzxowmH6I'; args=('16NRRqmzaorv9SKUQmTFeLzxowmH6I',)
[2016-12-02 09:29:57] DEBUG [django.db.backends:90] (0.001) SELECT `oauth2_provider_accesstoken`.`id`, `oauth2_provider_accesstoken`.`user_id`, `oauth2_provider_accesstoken`.`token`, `oauth2_provider_accesstoken`.`application_id`, `oauth2_provider_accesstoken`.`expires`, `oauth2_provider_accesstoken`.`scope`, `oauth2_backend_user`.`password`, `oauth2_backend_user`.`last_login`, `oauth2_backend_user`.`is_superuser`, `oauth2_backend_user`.`username`, `oauth2_backend_user`.`first_name`, `oauth2_backend_user`.`last_name`, `oauth2_backend_user`.`email`, `oauth2_backend_user`.`is_staff`, `oauth2_backend_user`.`is_active`, `oauth2_backend_user`.`date_joined`, `oauth2_backend_user`.`id`, `oauth2_backend_user`.`last_hierarchy_id`, `oauth2_backend_user`.`last_module_id`, `oauth2_backend_user`.`person_id`, `oauth2_backend_user`.`updated_at`, `oauth2_backend_user`.`registered_by`, `oauth2_provider_application`.`id`, `oauth2_provider_application`.`client_id`, `oauth2_provider_application`.`user_id`, `oauth2_provider_application`.`redirect_uris`, `oauth2_provider_application`.`client_type`, `oauth2_provider_application`.`authorization_grant_type`, `oauth2_provider_application`.`client_secret`, `oauth2_provider_application`.`name`, `oauth2_provider_application`.`skip_authorization` FROM `oauth2_provider_accesstoken` LEFT OUTER JOIN `oauth2_backend_user` ON (`oauth2_provider_accesstoken`.`user_id` = `oauth2_backend_user`.`id`) INNER JOIN `oauth2_provider_application` ON (`oauth2_provider_accesstoken`.`application_id` = `oauth2_provider_application`.`id`) WHERE `oauth2_provider_accesstoken`.`token` = '16NRRqmzaorv9SKUQmTFeLzxowmH6I'; args=('16NRRqmzaorv9SKUQmTFeLzxowmH6I',)
[2016-12-02 09:29:57] DEBUG [django.db.backends:90] (0.001) SELECT `catalogo_categoria`.`id`, `catalogo_categoria`.`nombre`, `catalogo_categoria`.`codigo`, `catalogo_categoria`.`estado` FROM `catalogo_categoria` WHERE (`catalogo_categoria`.`codigo` LIKE '%%' OR `catalogo_categoria`.`nombre` LIKE '%%'); args=('%%', '%%')
[2016-12-02 09:29:57] INFO [django.server:131] "GET /api/catalogo/categorias/ HTTP/1.1" 200 98
[2016-12-02 09:29:59] DEBUG [django.db.backends:90] (0.000) SELECT @@SQL_AUTO_IS_NULL; args=None
[2016-12-02 09:29:59] DEBUG [django.db.backends:90] (0.000) SET SQL_AUTO_IS_NULL = 0; args=None
[2016-12-02 09:29:59] DEBUG [django.db.backends:90] (0.000) SELECT VERSION(); args=None
[2016-12-02 09:29:59] DEBUG [django.db.backends:90] (0.000) SET SQL_AUTO_IS_NULL = 0; args=None
[2016-12-02 09:29:59] DEBUG [django.db.backends:90] (0.001) SELECT `oauth2_provider_accesstoken`.`id`, `oauth2_provider_accesstoken`.`user_id`, `oauth2_provider_accesstoken`.`token`, `oauth2_provider_accesstoken`.`application_id`, `oauth2_provider_accesstoken`.`expires`, `oauth2_provider_accesstoken`.`scope`, `oauth2_backend_user`.`password`, `oauth2_backend_user`.`last_login`, `oauth2_backend_user`.`is_superuser`, `oauth2_backend_user`.`username`, `oauth2_backend_user`.`first_name`, `oauth2_backend_user`.`last_name`, `oauth2_backend_user`.`email`, `oauth2_backend_user`.`is_staff`, `oauth2_backend_user`.`is_active`, `oauth2_backend_user`.`date_joined`, `oauth2_backend_user`.`id`, `oauth2_backend_user`.`last_hierarchy_id`, `oauth2_backend_user`.`last_module_id`, `oauth2_backend_user`.`person_id`, `oauth2_backend_user`.`updated_at`, `oauth2_backend_user`.`registered_by`, `oauth2_provider_application`.`id`, `oauth2_provider_application`.`client_id`, `oauth2_provider_application`.`user_id`, `oauth2_provider_application`.`redirect_uris`, `oauth2_provider_application`.`client_type`, `oauth2_provider_application`.`authorization_grant_type`, `oauth2_provider_application`.`client_secret`, `oauth2_provider_application`.`name`, `oauth2_provider_application`.`skip_authorization` FROM `oauth2_provider_accesstoken` LEFT OUTER JOIN `oauth2_backend_user` ON (`oauth2_provider_accesstoken`.`user_id` = `oauth2_backend_user`.`id`) INNER JOIN `oauth2_provider_application` ON (`oauth2_provider_accesstoken`.`application_id` = `oauth2_provider_application`.`id`) WHERE `oauth2_provider_accesstoken`.`token` = '16NRRqmzaorv9SKUQmTFeLzxowmH6I'; args=('16NRRqmzaorv9SKUQmTFeLzxowmH6I',)
[2016-12-02 09:29:59] DEBUG [django.db.backends:90] (0.001) SELECT `oauth2_provider_accesstoken`.`id`, `oauth2_provider_accesstoken`.`user_id`, `oauth2_provider_accesstoken`.`token`, `oauth2_provider_accesstoken`.`application_id`, `oauth2_provider_accesstoken`.`expires`, `oauth2_provider_accesstoken`.`scope`, `oauth2_backend_user`.`password`, `oauth2_backend_user`.`last_login`, `oauth2_backend_user`.`is_superuser`, `oauth2_backend_user`.`username`, `oauth2_backend_user`.`first_name`, `oauth2_backend_user`.`last_name`, `oauth2_backend_user`.`email`, `oauth2_backend_user`.`is_staff`, `oauth2_backend_user`.`is_active`, `oauth2_backend_user`.`date_joined`, `oauth2_backend_user`.`id`, `oauth2_backend_user`.`last_hierarchy_id`, `oauth2_backend_user`.`last_module_id`, `oauth2_backend_user`.`person_id`, `oauth2_backend_user`.`updated_at`, `oauth2_backend_user`.`registered_by`, `oauth2_provider_application`.`id`, `oauth2_provider_application`.`client_id`, `oauth2_provider_application`.`user_id`, `oauth2_provider_application`.`redirect_uris`, `oauth2_provider_application`.`client_type`, `oauth2_provider_application`.`authorization_grant_type`, `oauth2_provider_application`.`client_secret`, `oauth2_provider_application`.`name`, `oauth2_provider_application`.`skip_authorization` FROM `oauth2_provider_accesstoken` LEFT OUTER JOIN `oauth2_backend_user` ON (`oauth2_provider_accesstoken`.`user_id` = `oauth2_backend_user`.`id`) INNER JOIN `oauth2_provider_application` ON (`oauth2_provider_accesstoken`.`application_id` = `oauth2_provider_application`.`id`) WHERE `oauth2_provider_accesstoken`.`token` = '16NRRqmzaorv9SKUQmTFeLzxowmH6I'; args=('16NRRqmzaorv9SKUQmTFeLzxowmH6I',)
[2016-12-02 09:29:59] DEBUG [django.db.backends:90] (0.000) SELECT `catalogo_categoria`.`id`, `catalogo_categoria`.`nombre`, `catalogo_categoria`.`codigo`, `catalogo_categoria`.`estado` FROM `catalogo_categoria` WHERE (`catalogo_categoria`.`codigo` LIKE '%%' OR `catalogo_categoria`.`nombre` LIKE '%%'); args=('%%', '%%')
[2016-12-02 09:29:59] INFO [django.server:131] "GET /api/catalogo/categorias/ HTTP/1.1" 200 98
[2016-12-02 09:30:14] DEBUG [django.db.backends:90] (0.000) SELECT @@SQL_AUTO_IS_NULL; args=None
[2016-12-02 09:30:14] DEBUG [django.db.backends:90] (0.000) SET SQL_AUTO_IS_NULL = 0; args=None
[2016-12-02 09:30:14] DEBUG [django.db.backends:90] (0.000) SELECT VERSION(); args=None
[2016-12-02 09:30:14] DEBUG [django.db.backends:90] (0.000) SET SQL_AUTO_IS_NULL = 0; args=None
[2016-12-02 09:30:14] DEBUG [django.db.backends:90] (0.002) SELECT `oauth2_provider_accesstoken`.`id`, `oauth2_provider_accesstoken`.`user_id`, `oauth2_provider_accesstoken`.`token`, `oauth2_provider_accesstoken`.`application_id`, `oauth2_provider_accesstoken`.`expires`, `oauth2_provider_accesstoken`.`scope`, `oauth2_backend_user`.`password`, `oauth2_backend_user`.`last_login`, `oauth2_backend_user`.`is_superuser`, `oauth2_backend_user`.`username`, `oauth2_backend_user`.`first_name`, `oauth2_backend_user`.`last_name`, `oauth2_backend_user`.`email`, `oauth2_backend_user`.`is_staff`, `oauth2_backend_user`.`is_active`, `oauth2_backend_user`.`date_joined`, `oauth2_backend_user`.`id`, `oauth2_backend_user`.`last_hierarchy_id`, `oauth2_backend_user`.`last_module_id`, `oauth2_backend_user`.`person_id`, `oauth2_backend_user`.`updated_at`, `oauth2_backend_user`.`registered_by`, `oauth2_provider_application`.`id`, `oauth2_provider_application`.`client_id`, `oauth2_provider_application`.`user_id`, `oauth2_provider_application`.`redirect_uris`, `oauth2_provider_application`.`client_type`, `oauth2_provider_application`.`authorization_grant_type`, `oauth2_provider_application`.`client_secret`, `oauth2_provider_application`.`name`, `oauth2_provider_application`.`skip_authorization` FROM `oauth2_provider_accesstoken` LEFT OUTER JOIN `oauth2_backend_user` ON (`oauth2_provider_accesstoken`.`user_id` = `oauth2_backend_user`.`id`) INNER JOIN `oauth2_provider_application` ON (`oauth2_provider_accesstoken`.`application_id` = `oauth2_provider_application`.`id`) WHERE `oauth2_provider_accesstoken`.`token` = 'CdpVW0F4U0QBytgxzinB70pe9Ng6BN'; args=('CdpVW0F4U0QBytgxzinB70pe9Ng6BN',)
[2016-12-02 09:30:14] DEBUG [django.db.backends:90] (0.002) SELECT `oauth2_provider_accesstoken`.`id`, `oauth2_provider_accesstoken`.`user_id`, `oauth2_provider_accesstoken`.`token`, `oauth2_provider_accesstoken`.`application_id`, `oauth2_provider_accesstoken`.`expires`, `oauth2_provider_accesstoken`.`scope`, `oauth2_backend_user`.`password`, `oauth2_backend_user`.`last_login`, `oauth2_backend_user`.`is_superuser`, `oauth2_backend_user`.`username`, `oauth2_backend_user`.`first_name`, `oauth2_backend_user`.`last_name`, `oauth2_backend_user`.`email`, `oauth2_backend_user`.`is_staff`, `oauth2_backend_user`.`is_active`, `oauth2_backend_user`.`date_joined`, `oauth2_backend_user`.`id`, `oauth2_backend_user`.`last_hierarchy_id`, `oauth2_backend_user`.`last_module_id`, `oauth2_backend_user`.`person_id`, `oauth2_backend_user`.`updated_at`, `oauth2_backend_user`.`registered_by`, `oauth2_provider_application`.`id`, `oauth2_provider_application`.`client_id`, `oauth2_provider_application`.`user_id`, `oauth2_provider_application`.`redirect_uris`, `oauth2_provider_application`.`client_type`, `oauth2_provider_application`.`authorization_grant_type`, `oauth2_provider_application`.`client_secret`, `oauth2_provider_application`.`name`, `oauth2_provider_application`.`skip_authorization` FROM `oauth2_provider_accesstoken` LEFT OUTER JOIN `oauth2_backend_user` ON (`oauth2_provider_accesstoken`.`user_id` = `oauth2_backend_user`.`id`) INNER JOIN `oauth2_provider_application` ON (`oauth2_provider_accesstoken`.`application_id` = `oauth2_provider_application`.`id`) WHERE `oauth2_provider_accesstoken`.`token` = 'CdpVW0F4U0QBytgxzinB70pe9Ng6BN'; args=('CdpVW0F4U0QBytgxzinB70pe9Ng6BN',)
[2016-12-02 09:30:14] DEBUG [django.db.backends:90] (0.000) SELECT `catalogo_categoria`.`id`, `catalogo_categoria`.`nombre`, `catalogo_categoria`.`codigo`, `catalogo_categoria`.`estado` FROM `catalogo_categoria` WHERE (`catalogo_categoria`.`codigo` LIKE '%%' OR `catalogo_categoria`.`nombre` LIKE '%%'); args=('%%', '%%')
[2016-12-02 09:30:14] INFO [django.server:131] "GET /api/catalogo/categorias/ HTTP/1.1" 200 98
