[2016-12-06 10:27:48] DEBUG [django.db.backends:90] (0.000) SELECT @@SQL_AUTO_IS_NULL; args=None
[2016-12-06 10:27:48] DEBUG [django.db.backends:90] (0.000) SET SQL_AUTO_IS_NULL = 0; args=None
[2016-12-06 10:27:48] DEBUG [django.db.backends:90] (0.001) SELECT VERSION(); args=None
[2016-12-06 10:27:50] DEBUG [django.db.backends:90] (0.001) SET SQL_AUTO_IS_NULL = 0; args=None
[2016-12-06 10:27:51] DEBUG [django.db.backends:90] (0.009) SHOW FULL TABLES; args=None
[2016-12-06 10:27:51] DEBUG [django.db.backends:90] (0.003) SELECT `django_migrations`.`app`, `django_migrations`.`name` FROM `django_migrations`; args=()
[2016-12-06 10:29:10] INFO [django.server:131] "OPTIONS /api/catalogo/autors/ HTTP/1.1" 200 0
[2016-12-06 10:29:10] DEBUG [django.db.backends:90] (0.000) SELECT @@SQL_AUTO_IS_NULL; args=None
[2016-12-06 10:29:10] DEBUG [django.db.backends:90] (0.000) SET SQL_AUTO_IS_NULL = 0; args=None
[2016-12-06 10:29:10] DEBUG [django.db.backends:90] (0.000) SELECT VERSION(); args=None
[2016-12-06 10:29:10] DEBUG [django.db.backends:90] (0.000) SET SQL_AUTO_IS_NULL = 0; args=None
[2016-12-06 10:29:10] DEBUG [django.db.backends:90] (0.010) SELECT `oauth2_provider_accesstoken`.`id`, `oauth2_provider_accesstoken`.`user_id`, `oauth2_provider_accesstoken`.`token`, `oauth2_provider_accesstoken`.`application_id`, `oauth2_provider_accesstoken`.`expires`, `oauth2_provider_accesstoken`.`scope`, `oauth2_backend_user`.`password`, `oauth2_backend_user`.`last_login`, `oauth2_backend_user`.`is_superuser`, `oauth2_backend_user`.`username`, `oauth2_backend_user`.`first_name`, `oauth2_backend_user`.`last_name`, `oauth2_backend_user`.`email`, `oauth2_backend_user`.`is_staff`, `oauth2_backend_user`.`is_active`, `oauth2_backend_user`.`date_joined`, `oauth2_backend_user`.`id`, `oauth2_backend_user`.`last_hierarchy_id`, `oauth2_backend_user`.`last_module_id`, `oauth2_backend_user`.`person_id`, `oauth2_backend_user`.`updated_at`, `oauth2_backend_user`.`registered_by`, `oauth2_provider_application`.`id`, `oauth2_provider_application`.`client_id`, `oauth2_provider_application`.`user_id`, `oauth2_provider_application`.`redirect_uris`, `oauth2_provider_application`.`client_type`, `oauth2_provider_application`.`authorization_grant_type`, `oauth2_provider_application`.`client_secret`, `oauth2_provider_application`.`name`, `oauth2_provider_application`.`skip_authorization` FROM `oauth2_provider_accesstoken` LEFT OUTER JOIN `oauth2_backend_user` ON (`oauth2_provider_accesstoken`.`user_id` = `oauth2_backend_user`.`id`) INNER JOIN `oauth2_provider_application` ON (`oauth2_provider_accesstoken`.`application_id` = `oauth2_provider_application`.`id`) WHERE `oauth2_provider_accesstoken`.`token` = '4cEq0ILcUYqCVMqpmUBg9XWB9oUbZi'; args=('4cEq0ILcUYqCVMqpmUBg9XWB9oUbZi',)
[2016-12-06 10:29:10] DEBUG [django.db.backends:90] (0.001) SELECT `oauth2_backend_user`.`password`, `oauth2_backend_user`.`last_login`, `oauth2_backend_user`.`is_superuser`, `oauth2_backend_user`.`username`, `oauth2_backend_user`.`first_name`, `oauth2_backend_user`.`last_name`, `oauth2_backend_user`.`email`, `oauth2_backend_user`.`is_staff`, `oauth2_backend_user`.`is_active`, `oauth2_backend_user`.`date_joined`, `oauth2_backend_user`.`id`, `oauth2_backend_user`.`last_hierarchy_id`, `oauth2_backend_user`.`last_module_id`, `oauth2_backend_user`.`person_id`, `oauth2_backend_user`.`updated_at`, `oauth2_backend_user`.`registered_by` FROM `oauth2_backend_user` WHERE `oauth2_backend_user`.`username` IS NULL; args=()
[2016-12-06 10:29:10] DEBUG [django.db.backends:90] (0.003) SELECT `oauth2_provider_accesstoken`.`id`, `oauth2_provider_accesstoken`.`user_id`, `oauth2_provider_accesstoken`.`token`, `oauth2_provider_accesstoken`.`application_id`, `oauth2_provider_accesstoken`.`expires`, `oauth2_provider_accesstoken`.`scope`, `oauth2_backend_user`.`password`, `oauth2_backend_user`.`last_login`, `oauth2_backend_user`.`is_superuser`, `oauth2_backend_user`.`username`, `oauth2_backend_user`.`first_name`, `oauth2_backend_user`.`last_name`, `oauth2_backend_user`.`email`, `oauth2_backend_user`.`is_staff`, `oauth2_backend_user`.`is_active`, `oauth2_backend_user`.`date_joined`, `oauth2_backend_user`.`id`, `oauth2_backend_user`.`last_hierarchy_id`, `oauth2_backend_user`.`last_module_id`, `oauth2_backend_user`.`person_id`, `oauth2_backend_user`.`updated_at`, `oauth2_backend_user`.`registered_by`, `oauth2_provider_application`.`id`, `oauth2_provider_application`.`client_id`, `oauth2_provider_application`.`user_id`, `oauth2_provider_application`.`redirect_uris`, `oauth2_provider_application`.`client_type`, `oauth2_provider_application`.`authorization_grant_type`, `oauth2_provider_application`.`client_secret`, `oauth2_provider_application`.`name`, `oauth2_provider_application`.`skip_authorization` FROM `oauth2_provider_accesstoken` LEFT OUTER JOIN `oauth2_backend_user` ON (`oauth2_provider_accesstoken`.`user_id` = `oauth2_backend_user`.`id`) INNER JOIN `oauth2_provider_application` ON (`oauth2_provider_accesstoken`.`application_id` = `oauth2_provider_application`.`id`) WHERE `oauth2_provider_accesstoken`.`token` = '4cEq0ILcUYqCVMqpmUBg9XWB9oUbZi'; args=('4cEq0ILcUYqCVMqpmUBg9XWB9oUbZi',)
[2016-12-06 10:29:10] WARNING [django.server:131] "GET /api/catalogo/autors/ HTTP/1.1" 401 58
[2016-12-06 10:31:11] INFO [django.server:131] "OPTIONS /api/catalogo/categorias/ HTTP/1.1" 200 0
[2016-12-06 10:31:11] DEBUG [django.db.backends:90] (0.000) SELECT @@SQL_AUTO_IS_NULL; args=None
[2016-12-06 10:31:11] DEBUG [django.db.backends:90] (0.000) SET SQL_AUTO_IS_NULL = 0; args=None
[2016-12-06 10:31:11] DEBUG [django.db.backends:90] (0.000) SELECT VERSION(); args=None
[2016-12-06 10:31:11] DEBUG [django.db.backends:90] (0.000) SET SQL_AUTO_IS_NULL = 0; args=None
[2016-12-06 10:31:11] DEBUG [django.db.backends:90] (0.002) SELECT `oauth2_provider_accesstoken`.`id`, `oauth2_provider_accesstoken`.`user_id`, `oauth2_provider_accesstoken`.`token`, `oauth2_provider_accesstoken`.`application_id`, `oauth2_provider_accesstoken`.`expires`, `oauth2_provider_accesstoken`.`scope`, `oauth2_backend_user`.`password`, `oauth2_backend_user`.`last_login`, `oauth2_backend_user`.`is_superuser`, `oauth2_backend_user`.`username`, `oauth2_backend_user`.`first_name`, `oauth2_backend_user`.`last_name`, `oauth2_backend_user`.`email`, `oauth2_backend_user`.`is_staff`, `oauth2_backend_user`.`is_active`, `oauth2_backend_user`.`date_joined`, `oauth2_backend_user`.`id`, `oauth2_backend_user`.`last_hierarchy_id`, `oauth2_backend_user`.`last_module_id`, `oauth2_backend_user`.`person_id`, `oauth2_backend_user`.`updated_at`, `oauth2_backend_user`.`registered_by`, `oauth2_provider_application`.`id`, `oauth2_provider_application`.`client_id`, `oauth2_provider_application`.`user_id`, `oauth2_provider_application`.`redirect_uris`, `oauth2_provider_application`.`client_type`, `oauth2_provider_application`.`authorization_grant_type`, `oauth2_provider_application`.`client_secret`, `oauth2_provider_application`.`name`, `oauth2_provider_application`.`skip_authorization` FROM `oauth2_provider_accesstoken` LEFT OUTER JOIN `oauth2_backend_user` ON (`oauth2_provider_accesstoken`.`user_id` = `oauth2_backend_user`.`id`) INNER JOIN `oauth2_provider_application` ON (`oauth2_provider_accesstoken`.`application_id` = `oauth2_provider_application`.`id`) WHERE `oauth2_provider_accesstoken`.`token` = 'QT4wvPO3JMDByNNanhvYU0nWuyX4y9'; args=('QT4wvPO3JMDByNNanhvYU0nWuyX4y9',)
[2016-12-06 10:31:11] DEBUG [django.db.backends:90] (0.001) SELECT `oauth2_provider_accesstoken`.`id`, `oauth2_provider_accesstoken`.`user_id`, `oauth2_provider_accesstoken`.`token`, `oauth2_provider_accesstoken`.`application_id`, `oauth2_provider_accesstoken`.`expires`, `oauth2_provider_accesstoken`.`scope`, `oauth2_backend_user`.`password`, `oauth2_backend_user`.`last_login`, `oauth2_backend_user`.`is_superuser`, `oauth2_backend_user`.`username`, `oauth2_backend_user`.`first_name`, `oauth2_backend_user`.`last_name`, `oauth2_backend_user`.`email`, `oauth2_backend_user`.`is_staff`, `oauth2_backend_user`.`is_active`, `oauth2_backend_user`.`date_joined`, `oauth2_backend_user`.`id`, `oauth2_backend_user`.`last_hierarchy_id`, `oauth2_backend_user`.`last_module_id`, `oauth2_backend_user`.`person_id`, `oauth2_backend_user`.`updated_at`, `oauth2_backend_user`.`registered_by`, `oauth2_provider_application`.`id`, `oauth2_provider_application`.`client_id`, `oauth2_provider_application`.`user_id`, `oauth2_provider_application`.`redirect_uris`, `oauth2_provider_application`.`client_type`, `oauth2_provider_application`.`authorization_grant_type`, `oauth2_provider_application`.`client_secret`, `oauth2_provider_application`.`name`, `oauth2_provider_application`.`skip_authorization` FROM `oauth2_provider_accesstoken` LEFT OUTER JOIN `oauth2_backend_user` ON (`oauth2_provider_accesstoken`.`user_id` = `oauth2_backend_user`.`id`) INNER JOIN `oauth2_provider_application` ON (`oauth2_provider_accesstoken`.`application_id` = `oauth2_provider_application`.`id`) WHERE `oauth2_provider_accesstoken`.`token` = 'QT4wvPO3JMDByNNanhvYU0nWuyX4y9'; args=('QT4wvPO3JMDByNNanhvYU0nWuyX4y9',)
[2016-12-06 10:31:11] DEBUG [django.db.backends:90] (0.006) SELECT `catalogo_categoria`.`id`, `catalogo_categoria`.`nombre`, `catalogo_categoria`.`codigo`, `catalogo_categoria`.`estado` FROM `catalogo_categoria` WHERE (`catalogo_categoria`.`codigo` LIKE '%%' OR `catalogo_categoria`.`nombre` LIKE '%%'); args=('%%', '%%')
[2016-12-06 10:31:11] INFO [django.server:131] "GET /api/catalogo/categorias/ HTTP/1.1" 200 98
[2016-12-06 10:31:15] DEBUG [django.db.backends:90] (0.000) SELECT @@SQL_AUTO_IS_NULL; args=None
[2016-12-06 10:31:15] DEBUG [django.db.backends:90] (0.001) SET SQL_AUTO_IS_NULL = 0; args=None
[2016-12-06 10:31:15] DEBUG [django.db.backends:90] (0.000) SELECT VERSION(); args=None
[2016-12-06 10:31:15] DEBUG [django.db.backends:90] (0.000) SET SQL_AUTO_IS_NULL = 0; args=None
[2016-12-06 10:31:15] DEBUG [django.db.backends:90] (0.001) SELECT `oauth2_provider_accesstoken`.`id`, `oauth2_provider_accesstoken`.`user_id`, `oauth2_provider_accesstoken`.`token`, `oauth2_provider_accesstoken`.`application_id`, `oauth2_provider_accesstoken`.`expires`, `oauth2_provider_accesstoken`.`scope`, `oauth2_backend_user`.`password`, `oauth2_backend_user`.`last_login`, `oauth2_backend_user`.`is_superuser`, `oauth2_backend_user`.`username`, `oauth2_backend_user`.`first_name`, `oauth2_backend_user`.`last_name`, `oauth2_backend_user`.`email`, `oauth2_backend_user`.`is_staff`, `oauth2_backend_user`.`is_active`, `oauth2_backend_user`.`date_joined`, `oauth2_backend_user`.`id`, `oauth2_backend_user`.`last_hierarchy_id`, `oauth2_backend_user`.`last_module_id`, `oauth2_backend_user`.`person_id`, `oauth2_backend_user`.`updated_at`, `oauth2_backend_user`.`registered_by`, `oauth2_provider_application`.`id`, `oauth2_provider_application`.`client_id`, `oauth2_provider_application`.`user_id`, `oauth2_provider_application`.`redirect_uris`, `oauth2_provider_application`.`client_type`, `oauth2_provider_application`.`authorization_grant_type`, `oauth2_provider_application`.`client_secret`, `oauth2_provider_application`.`name`, `oauth2_provider_application`.`skip_authorization` FROM `oauth2_provider_accesstoken` LEFT OUTER JOIN `oauth2_backend_user` ON (`oauth2_provider_accesstoken`.`user_id` = `oauth2_backend_user`.`id`) INNER JOIN `oauth2_provider_application` ON (`oauth2_provider_accesstoken`.`application_id` = `oauth2_provider_application`.`id`) WHERE `oauth2_provider_accesstoken`.`token` = 'QT4wvPO3JMDByNNanhvYU0nWuyX4y9'; args=('QT4wvPO3JMDByNNanhvYU0nWuyX4y9',)
[2016-12-06 10:31:15] DEBUG [django.db.backends:90] (0.002) SELECT `oauth2_provider_accesstoken`.`id`, `oauth2_provider_accesstoken`.`user_id`, `oauth2_provider_accesstoken`.`token`, `oauth2_provider_accesstoken`.`application_id`, `oauth2_provider_accesstoken`.`expires`, `oauth2_provider_accesstoken`.`scope`, `oauth2_backend_user`.`password`, `oauth2_backend_user`.`last_login`, `oauth2_backend_user`.`is_superuser`, `oauth2_backend_user`.`username`, `oauth2_backend_user`.`first_name`, `oauth2_backend_user`.`last_name`, `oauth2_backend_user`.`email`, `oauth2_backend_user`.`is_staff`, `oauth2_backend_user`.`is_active`, `oauth2_backend_user`.`date_joined`, `oauth2_backend_user`.`id`, `oauth2_backend_user`.`last_hierarchy_id`, `oauth2_backend_user`.`last_module_id`, `oauth2_backend_user`.`person_id`, `oauth2_backend_user`.`updated_at`, `oauth2_backend_user`.`registered_by`, `oauth2_provider_application`.`id`, `oauth2_provider_application`.`client_id`, `oauth2_provider_application`.`user_id`, `oauth2_provider_application`.`redirect_uris`, `oauth2_provider_application`.`client_type`, `oauth2_provider_application`.`authorization_grant_type`, `oauth2_provider_application`.`client_secret`, `oauth2_provider_application`.`name`, `oauth2_provider_application`.`skip_authorization` FROM `oauth2_provider_accesstoken` LEFT OUTER JOIN `oauth2_backend_user` ON (`oauth2_provider_accesstoken`.`user_id` = `oauth2_backend_user`.`id`) INNER JOIN `oauth2_provider_application` ON (`oauth2_provider_accesstoken`.`application_id` = `oauth2_provider_application`.`id`) WHERE `oauth2_provider_accesstoken`.`token` = 'QT4wvPO3JMDByNNanhvYU0nWuyX4y9'; args=('QT4wvPO3JMDByNNanhvYU0nWuyX4y9',)
[2016-12-06 10:31:15] DEBUG [django.db.backends:90] (0.006) SELECT COUNT(*) AS `__count` FROM `catalogo_autor`; args=()
[2016-12-06 10:31:15] DEBUG [django.db.backends:90] (0.001) SELECT `catalogo_autor`.`id`, `catalogo_autor`.`nombre`, `catalogo_autor`.`direccion`, `catalogo_autor`.`fecha_nac`, `catalogo_autor`.`created_at`, `catalogo_autor`.`updated_at` FROM `catalogo_autor` LIMIT 4; args=()
[2016-12-06 10:31:15] INFO [django.server:131] "GET /api/catalogo/autors/ HTTP/1.1" 200 851
[2016-12-06 10:31:47] WARNING [django.server:131] "GET /api/catalogo/autors/ HTTP/1.1" 401 58
[2016-12-06 10:31:57] WARNING [django.server:131] "GET /api/catalogo/autors/ HTTP/1.1" 401 58
[2016-12-06 10:32:08] INFO [django.server:131] "OPTIONS /api/catalogo/autors/ HTTP/1.1" 200 0
[2016-12-06 10:32:08] DEBUG [django.db.backends:90] (0.001) SELECT @@SQL_AUTO_IS_NULL; args=None
[2016-12-06 10:32:08] DEBUG [django.db.backends:90] (0.000) SET SQL_AUTO_IS_NULL = 0; args=None
[2016-12-06 10:32:08] DEBUG [django.db.backends:90] (0.000) SELECT VERSION(); args=None
[2016-12-06 10:32:08] DEBUG [django.db.backends:90] (0.000) SET SQL_AUTO_IS_NULL = 0; args=None
[2016-12-06 10:32:08] DEBUG [django.db.backends:90] (0.002) SELECT `oauth2_provider_accesstoken`.`id`, `oauth2_provider_accesstoken`.`user_id`, `oauth2_provider_accesstoken`.`token`, `oauth2_provider_accesstoken`.`application_id`, `oauth2_provider_accesstoken`.`expires`, `oauth2_provider_accesstoken`.`scope`, `oauth2_backend_user`.`password`, `oauth2_backend_user`.`last_login`, `oauth2_backend_user`.`is_superuser`, `oauth2_backend_user`.`username`, `oauth2_backend_user`.`first_name`, `oauth2_backend_user`.`last_name`, `oauth2_backend_user`.`email`, `oauth2_backend_user`.`is_staff`, `oauth2_backend_user`.`is_active`, `oauth2_backend_user`.`date_joined`, `oauth2_backend_user`.`id`, `oauth2_backend_user`.`last_hierarchy_id`, `oauth2_backend_user`.`last_module_id`, `oauth2_backend_user`.`person_id`, `oauth2_backend_user`.`updated_at`, `oauth2_backend_user`.`registered_by`, `oauth2_provider_application`.`id`, `oauth2_provider_application`.`client_id`, `oauth2_provider_application`.`user_id`, `oauth2_provider_application`.`redirect_uris`, `oauth2_provider_application`.`client_type`, `oauth2_provider_application`.`authorization_grant_type`, `oauth2_provider_application`.`client_secret`, `oauth2_provider_application`.`name`, `oauth2_provider_application`.`skip_authorization` FROM `oauth2_provider_accesstoken` LEFT OUTER JOIN `oauth2_backend_user` ON (`oauth2_provider_accesstoken`.`user_id` = `oauth2_backend_user`.`id`) INNER JOIN `oauth2_provider_application` ON (`oauth2_provider_accesstoken`.`application_id` = `oauth2_provider_application`.`id`) WHERE `oauth2_provider_accesstoken`.`token` = '8I7S5yTK35YhEzShomZrXoW3yvdhhp'; args=('8I7S5yTK35YhEzShomZrXoW3yvdhhp',)
[2016-12-06 10:32:08] DEBUG [django.db.backends:90] (0.002) SELECT `oauth2_provider_accesstoken`.`id`, `oauth2_provider_accesstoken`.`user_id`, `oauth2_provider_accesstoken`.`token`, `oauth2_provider_accesstoken`.`application_id`, `oauth2_provider_accesstoken`.`expires`, `oauth2_provider_accesstoken`.`scope`, `oauth2_backend_user`.`password`, `oauth2_backend_user`.`last_login`, `oauth2_backend_user`.`is_superuser`, `oauth2_backend_user`.`username`, `oauth2_backend_user`.`first_name`, `oauth2_backend_user`.`last_name`, `oauth2_backend_user`.`email`, `oauth2_backend_user`.`is_staff`, `oauth2_backend_user`.`is_active`, `oauth2_backend_user`.`date_joined`, `oauth2_backend_user`.`id`, `oauth2_backend_user`.`last_hierarchy_id`, `oauth2_backend_user`.`last_module_id`, `oauth2_backend_user`.`person_id`, `oauth2_backend_user`.`updated_at`, `oauth2_backend_user`.`registered_by`, `oauth2_provider_application`.`id`, `oauth2_provider_application`.`client_id`, `oauth2_provider_application`.`user_id`, `oauth2_provider_application`.`redirect_uris`, `oauth2_provider_application`.`client_type`, `oauth2_provider_application`.`authorization_grant_type`, `oauth2_provider_application`.`client_secret`, `oauth2_provider_application`.`name`, `oauth2_provider_application`.`skip_authorization` FROM `oauth2_provider_accesstoken` LEFT OUTER JOIN `oauth2_backend_user` ON (`oauth2_provider_accesstoken`.`user_id` = `oauth2_backend_user`.`id`) INNER JOIN `oauth2_provider_application` ON (`oauth2_provider_accesstoken`.`application_id` = `oauth2_provider_application`.`id`) WHERE `oauth2_provider_accesstoken`.`token` = '8I7S5yTK35YhEzShomZrXoW3yvdhhp'; args=('8I7S5yTK35YhEzShomZrXoW3yvdhhp',)
[2016-12-06 10:32:08] WARNING [django.server:131] "GET /api/catalogo/autors/ HTTP/1.1" 403 63
[2016-12-06 10:32:22] DEBUG [django.db.backends:90] (0.001) SELECT @@SQL_AUTO_IS_NULL; args=None
[2016-12-06 10:32:22] DEBUG [django.db.backends:90] (0.000) SET SQL_AUTO_IS_NULL = 0; args=None
[2016-12-06 10:32:22] DEBUG [django.db.backends:90] (0.000) SELECT VERSION(); args=None
[2016-12-06 10:32:22] DEBUG [django.db.backends:90] (0.000) SET SQL_AUTO_IS_NULL = 0; args=None
[2016-12-06 10:32:22] DEBUG [django.db.backends:90] (0.002) SELECT `oauth2_provider_accesstoken`.`id`, `oauth2_provider_accesstoken`.`user_id`, `oauth2_provider_accesstoken`.`token`, `oauth2_provider_accesstoken`.`application_id`, `oauth2_provider_accesstoken`.`expires`, `oauth2_provider_accesstoken`.`scope`, `oauth2_backend_user`.`password`, `oauth2_backend_user`.`last_login`, `oauth2_backend_user`.`is_superuser`, `oauth2_backend_user`.`username`, `oauth2_backend_user`.`first_name`, `oauth2_backend_user`.`last_name`, `oauth2_backend_user`.`email`, `oauth2_backend_user`.`is_staff`, `oauth2_backend_user`.`is_active`, `oauth2_backend_user`.`date_joined`, `oauth2_backend_user`.`id`, `oauth2_backend_user`.`last_hierarchy_id`, `oauth2_backend_user`.`last_module_id`, `oauth2_backend_user`.`person_id`, `oauth2_backend_user`.`updated_at`, `oauth2_backend_user`.`registered_by`, `oauth2_provider_application`.`id`, `oauth2_provider_application`.`client_id`, `oauth2_provider_application`.`user_id`, `oauth2_provider_application`.`redirect_uris`, `oauth2_provider_application`.`client_type`, `oauth2_provider_application`.`authorization_grant_type`, `oauth2_provider_application`.`client_secret`, `oauth2_provider_application`.`name`, `oauth2_provider_application`.`skip_authorization` FROM `oauth2_provider_accesstoken` LEFT OUTER JOIN `oauth2_backend_user` ON (`oauth2_provider_accesstoken`.`user_id` = `oauth2_backend_user`.`id`) INNER JOIN `oauth2_provider_application` ON (`oauth2_provider_accesstoken`.`application_id` = `oauth2_provider_application`.`id`) WHERE `oauth2_provider_accesstoken`.`token` = '8I7S5yTK35YhEzShomZrXoW3yvdhhp'; args=('8I7S5yTK35YhEzShomZrXoW3yvdhhp',)
[2016-12-06 10:32:22] DEBUG [django.db.backends:90] (0.001) SELECT `oauth2_provider_accesstoken`.`id`, `oauth2_provider_accesstoken`.`user_id`, `oauth2_provider_accesstoken`.`token`, `oauth2_provider_accesstoken`.`application_id`, `oauth2_provider_accesstoken`.`expires`, `oauth2_provider_accesstoken`.`scope`, `oauth2_backend_user`.`password`, `oauth2_backend_user`.`last_login`, `oauth2_backend_user`.`is_superuser`, `oauth2_backend_user`.`username`, `oauth2_backend_user`.`first_name`, `oauth2_backend_user`.`last_name`, `oauth2_backend_user`.`email`, `oauth2_backend_user`.`is_staff`, `oauth2_backend_user`.`is_active`, `oauth2_backend_user`.`date_joined`, `oauth2_backend_user`.`id`, `oauth2_backend_user`.`last_hierarchy_id`, `oauth2_backend_user`.`last_module_id`, `oauth2_backend_user`.`person_id`, `oauth2_backend_user`.`updated_at`, `oauth2_backend_user`.`registered_by`, `oauth2_provider_application`.`id`, `oauth2_provider_application`.`client_id`, `oauth2_provider_application`.`user_id`, `oauth2_provider_application`.`redirect_uris`, `oauth2_provider_application`.`client_type`, `oauth2_provider_application`.`authorization_grant_type`, `oauth2_provider_application`.`client_secret`, `oauth2_provider_application`.`name`, `oauth2_provider_application`.`skip_authorization` FROM `oauth2_provider_accesstoken` LEFT OUTER JOIN `oauth2_backend_user` ON (`oauth2_provider_accesstoken`.`user_id` = `oauth2_backend_user`.`id`) INNER JOIN `oauth2_provider_application` ON (`oauth2_provider_accesstoken`.`application_id` = `oauth2_provider_application`.`id`) WHERE `oauth2_provider_accesstoken`.`token` = '8I7S5yTK35YhEzShomZrXoW3yvdhhp'; args=('8I7S5yTK35YhEzShomZrXoW3yvdhhp',)
[2016-12-06 10:32:22] WARNING [django.server:131] "GET /api/catalogo/autors/ HTTP/1.1" 403 63
[2016-12-06 10:32:58] DEBUG [django.db.backends:90] (0.001) SELECT @@SQL_AUTO_IS_NULL; args=None
[2016-12-06 10:32:58] DEBUG [django.db.backends:90] (0.001) SET SQL_AUTO_IS_NULL = 0; args=None
[2016-12-06 10:32:58] DEBUG [django.db.backends:90] (0.000) SELECT VERSION(); args=None
[2016-12-06 10:32:58] DEBUG [django.db.backends:90] (0.000) SET SQL_AUTO_IS_NULL = 0; args=None
[2016-12-06 10:32:58] DEBUG [django.db.backends:90] (0.001) SELECT `oauth2_provider_accesstoken`.`id`, `oauth2_provider_accesstoken`.`user_id`, `oauth2_provider_accesstoken`.`token`, `oauth2_provider_accesstoken`.`application_id`, `oauth2_provider_accesstoken`.`expires`, `oauth2_provider_accesstoken`.`scope`, `oauth2_backend_user`.`password`, `oauth2_backend_user`.`last_login`, `oauth2_backend_user`.`is_superuser`, `oauth2_backend_user`.`username`, `oauth2_backend_user`.`first_name`, `oauth2_backend_user`.`last_name`, `oauth2_backend_user`.`email`, `oauth2_backend_user`.`is_staff`, `oauth2_backend_user`.`is_active`, `oauth2_backend_user`.`date_joined`, `oauth2_backend_user`.`id`, `oauth2_backend_user`.`last_hierarchy_id`, `oauth2_backend_user`.`last_module_id`, `oauth2_backend_user`.`person_id`, `oauth2_backend_user`.`updated_at`, `oauth2_backend_user`.`registered_by`, `oauth2_provider_application`.`id`, `oauth2_provider_application`.`client_id`, `oauth2_provider_application`.`user_id`, `oauth2_provider_application`.`redirect_uris`, `oauth2_provider_application`.`client_type`, `oauth2_provider_application`.`authorization_grant_type`, `oauth2_provider_application`.`client_secret`, `oauth2_provider_application`.`name`, `oauth2_provider_application`.`skip_authorization` FROM `oauth2_provider_accesstoken` LEFT OUTER JOIN `oauth2_backend_user` ON (`oauth2_provider_accesstoken`.`user_id` = `oauth2_backend_user`.`id`) INNER JOIN `oauth2_provider_application` ON (`oauth2_provider_accesstoken`.`application_id` = `oauth2_provider_application`.`id`) WHERE `oauth2_provider_accesstoken`.`token` = 'FJu5E8OO62uFF8IGuKji8R8DU7IvbZ'; args=('FJu5E8OO62uFF8IGuKji8R8DU7IvbZ',)
[2016-12-06 10:32:58] DEBUG [django.db.backends:90] (0.001) SELECT `oauth2_provider_accesstoken`.`id`, `oauth2_provider_accesstoken`.`user_id`, `oauth2_provider_accesstoken`.`token`, `oauth2_provider_accesstoken`.`application_id`, `oauth2_provider_accesstoken`.`expires`, `oauth2_provider_accesstoken`.`scope`, `oauth2_backend_user`.`password`, `oauth2_backend_user`.`last_login`, `oauth2_backend_user`.`is_superuser`, `oauth2_backend_user`.`username`, `oauth2_backend_user`.`first_name`, `oauth2_backend_user`.`last_name`, `oauth2_backend_user`.`email`, `oauth2_backend_user`.`is_staff`, `oauth2_backend_user`.`is_active`, `oauth2_backend_user`.`date_joined`, `oauth2_backend_user`.`id`, `oauth2_backend_user`.`last_hierarchy_id`, `oauth2_backend_user`.`last_module_id`, `oauth2_backend_user`.`person_id`, `oauth2_backend_user`.`updated_at`, `oauth2_backend_user`.`registered_by`, `oauth2_provider_application`.`id`, `oauth2_provider_application`.`client_id`, `oauth2_provider_application`.`user_id`, `oauth2_provider_application`.`redirect_uris`, `oauth2_provider_application`.`client_type`, `oauth2_provider_application`.`authorization_grant_type`, `oauth2_provider_application`.`client_secret`, `oauth2_provider_application`.`name`, `oauth2_provider_application`.`skip_authorization` FROM `oauth2_provider_accesstoken` LEFT OUTER JOIN `oauth2_backend_user` ON (`oauth2_provider_accesstoken`.`user_id` = `oauth2_backend_user`.`id`) INNER JOIN `oauth2_provider_application` ON (`oauth2_provider_accesstoken`.`application_id` = `oauth2_provider_application`.`id`) WHERE `oauth2_provider_accesstoken`.`token` = 'FJu5E8OO62uFF8IGuKji8R8DU7IvbZ'; args=('FJu5E8OO62uFF8IGuKji8R8DU7IvbZ',)
[2016-12-06 10:32:58] WARNING [django.server:131] "GET /api/catalogo/autors/ HTTP/1.1" 403 63
[2016-12-06 10:34:15] DEBUG [django.db.backends:90] (0.000) SELECT @@SQL_AUTO_IS_NULL; args=None
[2016-12-06 10:34:15] DEBUG [django.db.backends:90] (0.001) SET SQL_AUTO_IS_NULL = 0; args=None
[2016-12-06 10:34:15] DEBUG [django.db.backends:90] (0.000) SELECT VERSION(); args=None
[2016-12-06 10:34:16] DEBUG [django.db.backends:90] (0.001) SET SQL_AUTO_IS_NULL = 0; args=None
[2016-12-06 10:34:16] DEBUG [django.db.backends:90] (0.006) SHOW FULL TABLES; args=None
[2016-12-06 10:34:16] DEBUG [django.db.backends:90] (0.002) SELECT `django_migrations`.`app`, `django_migrations`.`name` FROM `django_migrations`; args=()
[2016-12-06 10:34:20] DEBUG [django.db.backends:90] (0.000) SELECT @@SQL_AUTO_IS_NULL; args=None
[2016-12-06 10:34:20] DEBUG [django.db.backends:90] (0.000) SET SQL_AUTO_IS_NULL = 0; args=None
[2016-12-06 10:34:20] DEBUG [django.db.backends:90] (0.000) SELECT VERSION(); args=None
[2016-12-06 10:34:20] DEBUG [django.db.backends:90] (0.000) SET SQL_AUTO_IS_NULL = 0; args=None
[2016-12-06 10:34:20] DEBUG [django.db.backends:90] (0.001) SELECT `oauth2_provider_accesstoken`.`id`, `oauth2_provider_accesstoken`.`user_id`, `oauth2_provider_accesstoken`.`token`, `oauth2_provider_accesstoken`.`application_id`, `oauth2_provider_accesstoken`.`expires`, `oauth2_provider_accesstoken`.`scope`, `oauth2_backend_user`.`password`, `oauth2_backend_user`.`last_login`, `oauth2_backend_user`.`is_superuser`, `oauth2_backend_user`.`username`, `oauth2_backend_user`.`first_name`, `oauth2_backend_user`.`last_name`, `oauth2_backend_user`.`email`, `oauth2_backend_user`.`is_staff`, `oauth2_backend_user`.`is_active`, `oauth2_backend_user`.`date_joined`, `oauth2_backend_user`.`id`, `oauth2_backend_user`.`last_hierarchy_id`, `oauth2_backend_user`.`last_module_id`, `oauth2_backend_user`.`person_id`, `oauth2_backend_user`.`updated_at`, `oauth2_backend_user`.`registered_by`, `oauth2_provider_application`.`id`, `oauth2_provider_application`.`client_id`, `oauth2_provider_application`.`user_id`, `oauth2_provider_application`.`redirect_uris`, `oauth2_provider_application`.`client_type`, `oauth2_provider_application`.`authorization_grant_type`, `oauth2_provider_application`.`client_secret`, `oauth2_provider_application`.`name`, `oauth2_provider_application`.`skip_authorization` FROM `oauth2_provider_accesstoken` LEFT OUTER JOIN `oauth2_backend_user` ON (`oauth2_provider_accesstoken`.`user_id` = `oauth2_backend_user`.`id`) INNER JOIN `oauth2_provider_application` ON (`oauth2_provider_accesstoken`.`application_id` = `oauth2_provider_application`.`id`) WHERE `oauth2_provider_accesstoken`.`token` = 'FJu5E8OO62uFF8IGuKji8R8DU7IvbZ'; args=('FJu5E8OO62uFF8IGuKji8R8DU7IvbZ',)
[2016-12-06 10:34:20] DEBUG [django.db.backends:90] (0.001) SELECT `oauth2_provider_accesstoken`.`id`, `oauth2_provider_accesstoken`.`user_id`, `oauth2_provider_accesstoken`.`token`, `oauth2_provider_accesstoken`.`application_id`, `oauth2_provider_accesstoken`.`expires`, `oauth2_provider_accesstoken`.`scope`, `oauth2_backend_user`.`password`, `oauth2_backend_user`.`last_login`, `oauth2_backend_user`.`is_superuser`, `oauth2_backend_user`.`username`, `oauth2_backend_user`.`first_name`, `oauth2_backend_user`.`last_name`, `oauth2_backend_user`.`email`, `oauth2_backend_user`.`is_staff`, `oauth2_backend_user`.`is_active`, `oauth2_backend_user`.`date_joined`, `oauth2_backend_user`.`id`, `oauth2_backend_user`.`last_hierarchy_id`, `oauth2_backend_user`.`last_module_id`, `oauth2_backend_user`.`person_id`, `oauth2_backend_user`.`updated_at`, `oauth2_backend_user`.`registered_by`, `oauth2_provider_application`.`id`, `oauth2_provider_application`.`client_id`, `oauth2_provider_application`.`user_id`, `oauth2_provider_application`.`redirect_uris`, `oauth2_provider_application`.`client_type`, `oauth2_provider_application`.`authorization_grant_type`, `oauth2_provider_application`.`client_secret`, `oauth2_provider_application`.`name`, `oauth2_provider_application`.`skip_authorization` FROM `oauth2_provider_accesstoken` LEFT OUTER JOIN `oauth2_backend_user` ON (`oauth2_provider_accesstoken`.`user_id` = `oauth2_backend_user`.`id`) INNER JOIN `oauth2_provider_application` ON (`oauth2_provider_accesstoken`.`application_id` = `oauth2_provider_application`.`id`) WHERE `oauth2_provider_accesstoken`.`token` = 'FJu5E8OO62uFF8IGuKji8R8DU7IvbZ'; args=('FJu5E8OO62uFF8IGuKji8R8DU7IvbZ',)
[2016-12-06 10:34:20] ERROR [django.request:124] Internal Server Error: /api/catalogo/autors/
Traceback (most recent call last):
  File "E:\practian-ioteca-project\ve_catalogo\lib\site-packages\oauth2_provider\ext\rest_framework\permissions.py", line 38, in get_scopes
    return getattr(view, 'required_scopes')
AttributeError: 'AutorViewSet' object has no attribute 'required_scopes'

During handling of the above exception, another exception occurred:

Traceback (most recent call last):
  File "E:\practian-ioteca-project\ve_catalogo\lib\site-packages\django\core\handlers\exception.py", line 39, in inner
    response = get_response(request)
  File "E:\practian-ioteca-project\ve_catalogo\lib\site-packages\django\core\handlers\base.py", line 249, in _legacy_get_response
    response = self._get_response(request)
  File "E:\practian-ioteca-project\ve_catalogo\lib\site-packages\django\core\handlers\base.py", line 187, in _get_response
    response = self.process_exception_by_middleware(e, request)
  File "E:\practian-ioteca-project\ve_catalogo\lib\site-packages\django\core\handlers\base.py", line 185, in _get_response
    response = wrapped_callback(request, *callback_args, **callback_kwargs)
  File "E:\practian-ioteca-project\ve_catalogo\lib\site-packages\django\views\decorators\csrf.py", line 58, in wrapped_view
    return view_func(*args, **kwargs)
  File "E:\practian-ioteca-project\ve_catalogo\lib\site-packages\rest_framework\viewsets.py", line 83, in view
    return self.dispatch(request, *args, **kwargs)
  File "E:\practian-ioteca-project\ve_catalogo\lib\site-packages\rest_framework\views.py", line 477, in dispatch
    response = self.handle_exception(exc)
  File "E:\practian-ioteca-project\ve_catalogo\lib\site-packages\rest_framework\views.py", line 437, in handle_exception
    self.raise_uncaught_exception(exc)
  File "E:\practian-ioteca-project\ve_catalogo\lib\site-packages\rest_framework\views.py", line 465, in dispatch
    self.initial(request, *args, **kwargs)
  File "E:\practian-ioteca-project\ve_catalogo\lib\site-packages\rest_framework\views.py", line 388, in initial
    self.check_permissions(request)
  File "E:\practian-ioteca-project\ve_catalogo\lib\site-packages\rest_framework\views.py", line 321, in check_permissions
    if not permission.has_permission(request, self):
  File "E:\practian-ioteca-project\ve_catalogo\lib\site-packages\oauth2_provider\ext\rest_framework\permissions.py", line 27, in has_permission
    required_scopes = self.get_scopes(request, view)
  File "E:\practian-ioteca-project\ve_catalogo\lib\site-packages\oauth2_provider\ext\rest_framework\permissions.py", line 41, in get_scopes
    'TokenHasScope requires the view to define the required_scopes attribute')
django.core.exceptions.ImproperlyConfigured: TokenHasScope requires the view to define the required_scopes attribute
[2016-12-06 10:34:20] ERROR [django.server:131] "GET /api/catalogo/autors/ HTTP/1.1" 500 19580
[2016-12-06 10:34:35] DEBUG [django.db.backends:90] (0.001) SELECT @@SQL_AUTO_IS_NULL; args=None
[2016-12-06 10:34:35] DEBUG [django.db.backends:90] (0.000) SET SQL_AUTO_IS_NULL = 0; args=None
[2016-12-06 10:34:35] DEBUG [django.db.backends:90] (0.000) SELECT VERSION(); args=None
[2016-12-06 10:34:35] DEBUG [django.db.backends:90] (0.000) SET SQL_AUTO_IS_NULL = 0; args=None
[2016-12-06 10:34:35] DEBUG [django.db.backends:90] (0.002) SELECT `oauth2_provider_accesstoken`.`id`, `oauth2_provider_accesstoken`.`user_id`, `oauth2_provider_accesstoken`.`token`, `oauth2_provider_accesstoken`.`application_id`, `oauth2_provider_accesstoken`.`expires`, `oauth2_provider_accesstoken`.`scope`, `oauth2_backend_user`.`password`, `oauth2_backend_user`.`last_login`, `oauth2_backend_user`.`is_superuser`, `oauth2_backend_user`.`username`, `oauth2_backend_user`.`first_name`, `oauth2_backend_user`.`last_name`, `oauth2_backend_user`.`email`, `oauth2_backend_user`.`is_staff`, `oauth2_backend_user`.`is_active`, `oauth2_backend_user`.`date_joined`, `oauth2_backend_user`.`id`, `oauth2_backend_user`.`last_hierarchy_id`, `oauth2_backend_user`.`last_module_id`, `oauth2_backend_user`.`person_id`, `oauth2_backend_user`.`updated_at`, `oauth2_backend_user`.`registered_by`, `oauth2_provider_application`.`id`, `oauth2_provider_application`.`client_id`, `oauth2_provider_application`.`user_id`, `oauth2_provider_application`.`redirect_uris`, `oauth2_provider_application`.`client_type`, `oauth2_provider_application`.`authorization_grant_type`, `oauth2_provider_application`.`client_secret`, `oauth2_provider_application`.`name`, `oauth2_provider_application`.`skip_authorization` FROM `oauth2_provider_accesstoken` LEFT OUTER JOIN `oauth2_backend_user` ON (`oauth2_provider_accesstoken`.`user_id` = `oauth2_backend_user`.`id`) INNER JOIN `oauth2_provider_application` ON (`oauth2_provider_accesstoken`.`application_id` = `oauth2_provider_application`.`id`) WHERE `oauth2_provider_accesstoken`.`token` = 'FJu5E8OO62uFF8IGuKji8R8DU7IvbZ'; args=('FJu5E8OO62uFF8IGuKji8R8DU7IvbZ',)
[2016-12-06 10:34:35] DEBUG [django.db.backends:90] (0.001) SELECT `oauth2_provider_accesstoken`.`id`, `oauth2_provider_accesstoken`.`user_id`, `oauth2_provider_accesstoken`.`token`, `oauth2_provider_accesstoken`.`application_id`, `oauth2_provider_accesstoken`.`expires`, `oauth2_provider_accesstoken`.`scope`, `oauth2_backend_user`.`password`, `oauth2_backend_user`.`last_login`, `oauth2_backend_user`.`is_superuser`, `oauth2_backend_user`.`username`, `oauth2_backend_user`.`first_name`, `oauth2_backend_user`.`last_name`, `oauth2_backend_user`.`email`, `oauth2_backend_user`.`is_staff`, `oauth2_backend_user`.`is_active`, `oauth2_backend_user`.`date_joined`, `oauth2_backend_user`.`id`, `oauth2_backend_user`.`last_hierarchy_id`, `oauth2_backend_user`.`last_module_id`, `oauth2_backend_user`.`person_id`, `oauth2_backend_user`.`updated_at`, `oauth2_backend_user`.`registered_by`, `oauth2_provider_application`.`id`, `oauth2_provider_application`.`client_id`, `oauth2_provider_application`.`user_id`, `oauth2_provider_application`.`redirect_uris`, `oauth2_provider_application`.`client_type`, `oauth2_provider_application`.`authorization_grant_type`, `oauth2_provider_application`.`client_secret`, `oauth2_provider_application`.`name`, `oauth2_provider_application`.`skip_authorization` FROM `oauth2_provider_accesstoken` LEFT OUTER JOIN `oauth2_backend_user` ON (`oauth2_provider_accesstoken`.`user_id` = `oauth2_backend_user`.`id`) INNER JOIN `oauth2_provider_application` ON (`oauth2_provider_accesstoken`.`application_id` = `oauth2_provider_application`.`id`) WHERE `oauth2_provider_accesstoken`.`token` = 'FJu5E8OO62uFF8IGuKji8R8DU7IvbZ'; args=('FJu5E8OO62uFF8IGuKji8R8DU7IvbZ',)
[2016-12-06 10:34:35] ERROR [django.request:124] Internal Server Error: /api/catalogo/autors/
Traceback (most recent call last):
  File "E:\practian-ioteca-project\ve_catalogo\lib\site-packages\oauth2_provider\ext\rest_framework\permissions.py", line 38, in get_scopes
    return getattr(view, 'required_scopes')
AttributeError: 'AutorViewSet' object has no attribute 'required_scopes'

During handling of the above exception, another exception occurred:

Traceback (most recent call last):
  File "E:\practian-ioteca-project\ve_catalogo\lib\site-packages\django\core\handlers\exception.py", line 39, in inner
    response = get_response(request)
  File "E:\practian-ioteca-project\ve_catalogo\lib\site-packages\django\core\handlers\base.py", line 249, in _legacy_get_response
    response = self._get_response(request)
  File "E:\practian-ioteca-project\ve_catalogo\lib\site-packages\django\core\handlers\base.py", line 187, in _get_response
    response = self.process_exception_by_middleware(e, request)
  File "E:\practian-ioteca-project\ve_catalogo\lib\site-packages\django\core\handlers\base.py", line 185, in _get_response
    response = wrapped_callback(request, *callback_args, **callback_kwargs)
  File "E:\practian-ioteca-project\ve_catalogo\lib\site-packages\django\views\decorators\csrf.py", line 58, in wrapped_view
    return view_func(*args, **kwargs)
  File "E:\practian-ioteca-project\ve_catalogo\lib\site-packages\rest_framework\viewsets.py", line 83, in view
    return self.dispatch(request, *args, **kwargs)
  File "E:\practian-ioteca-project\ve_catalogo\lib\site-packages\rest_framework\views.py", line 477, in dispatch
    response = self.handle_exception(exc)
  File "E:\practian-ioteca-project\ve_catalogo\lib\site-packages\rest_framework\views.py", line 437, in handle_exception
    self.raise_uncaught_exception(exc)
  File "E:\practian-ioteca-project\ve_catalogo\lib\site-packages\rest_framework\views.py", line 465, in dispatch
    self.initial(request, *args, **kwargs)
  File "E:\practian-ioteca-project\ve_catalogo\lib\site-packages\rest_framework\views.py", line 388, in initial
    self.check_permissions(request)
  File "E:\practian-ioteca-project\ve_catalogo\lib\site-packages\rest_framework\views.py", line 321, in check_permissions
    if not permission.has_permission(request, self):
  File "E:\practian-ioteca-project\ve_catalogo\lib\site-packages\oauth2_provider\ext\rest_framework\permissions.py", line 27, in has_permission
    required_scopes = self.get_scopes(request, view)
  File "E:\practian-ioteca-project\ve_catalogo\lib\site-packages\oauth2_provider\ext\rest_framework\permissions.py", line 41, in get_scopes
    'TokenHasScope requires the view to define the required_scopes attribute')
django.core.exceptions.ImproperlyConfigured: TokenHasScope requires the view to define the required_scopes attribute
[2016-12-06 10:34:35] ERROR [django.server:131] "GET /api/catalogo/autors/ HTTP/1.1" 500 19581
[2016-12-06 10:35:39] DEBUG [django.db.backends:90] (0.001) SELECT @@SQL_AUTO_IS_NULL; args=None
[2016-12-06 10:35:39] DEBUG [django.db.backends:90] (0.000) SET SQL_AUTO_IS_NULL = 0; args=None
[2016-12-06 10:35:39] DEBUG [django.db.backends:90] (0.000) SELECT VERSION(); args=None
[2016-12-06 10:35:39] DEBUG [django.db.backends:90] (0.000) SET SQL_AUTO_IS_NULL = 0; args=None
[2016-12-06 10:35:39] DEBUG [django.db.backends:90] (0.002) SHOW FULL TABLES; args=None
[2016-12-06 10:35:39] DEBUG [django.db.backends:90] (0.000) SELECT `django_migrations`.`app`, `django_migrations`.`name` FROM `django_migrations`; args=()
[2016-12-06 10:35:42] DEBUG [django.db.backends:90] (0.000) SELECT @@SQL_AUTO_IS_NULL; args=None
[2016-12-06 10:35:42] DEBUG [django.db.backends:90] (0.000) SET SQL_AUTO_IS_NULL = 0; args=None
[2016-12-06 10:35:42] DEBUG [django.db.backends:90] (0.000) SELECT VERSION(); args=None
[2016-12-06 10:35:42] DEBUG [django.db.backends:90] (0.000) SET SQL_AUTO_IS_NULL = 0; args=None
[2016-12-06 10:35:42] DEBUG [django.db.backends:90] (0.001) SELECT `oauth2_provider_accesstoken`.`id`, `oauth2_provider_accesstoken`.`user_id`, `oauth2_provider_accesstoken`.`token`, `oauth2_provider_accesstoken`.`application_id`, `oauth2_provider_accesstoken`.`expires`, `oauth2_provider_accesstoken`.`scope`, `oauth2_backend_user`.`password`, `oauth2_backend_user`.`last_login`, `oauth2_backend_user`.`is_superuser`, `oauth2_backend_user`.`username`, `oauth2_backend_user`.`first_name`, `oauth2_backend_user`.`last_name`, `oauth2_backend_user`.`email`, `oauth2_backend_user`.`is_staff`, `oauth2_backend_user`.`is_active`, `oauth2_backend_user`.`date_joined`, `oauth2_backend_user`.`id`, `oauth2_backend_user`.`last_hierarchy_id`, `oauth2_backend_user`.`last_module_id`, `oauth2_backend_user`.`person_id`, `oauth2_backend_user`.`updated_at`, `oauth2_backend_user`.`registered_by`, `oauth2_provider_application`.`id`, `oauth2_provider_application`.`client_id`, `oauth2_provider_application`.`user_id`, `oauth2_provider_application`.`redirect_uris`, `oauth2_provider_application`.`client_type`, `oauth2_provider_application`.`authorization_grant_type`, `oauth2_provider_application`.`client_secret`, `oauth2_provider_application`.`name`, `oauth2_provider_application`.`skip_authorization` FROM `oauth2_provider_accesstoken` LEFT OUTER JOIN `oauth2_backend_user` ON (`oauth2_provider_accesstoken`.`user_id` = `oauth2_backend_user`.`id`) INNER JOIN `oauth2_provider_application` ON (`oauth2_provider_accesstoken`.`application_id` = `oauth2_provider_application`.`id`) WHERE `oauth2_provider_accesstoken`.`token` = 'FJu5E8OO62uFF8IGuKji8R8DU7IvbZ'; args=('FJu5E8OO62uFF8IGuKji8R8DU7IvbZ',)
[2016-12-06 10:35:42] DEBUG [django.db.backends:90] (0.002) SELECT `oauth2_provider_accesstoken`.`id`, `oauth2_provider_accesstoken`.`user_id`, `oauth2_provider_accesstoken`.`token`, `oauth2_provider_accesstoken`.`application_id`, `oauth2_provider_accesstoken`.`expires`, `oauth2_provider_accesstoken`.`scope`, `oauth2_backend_user`.`password`, `oauth2_backend_user`.`last_login`, `oauth2_backend_user`.`is_superuser`, `oauth2_backend_user`.`username`, `oauth2_backend_user`.`first_name`, `oauth2_backend_user`.`last_name`, `oauth2_backend_user`.`email`, `oauth2_backend_user`.`is_staff`, `oauth2_backend_user`.`is_active`, `oauth2_backend_user`.`date_joined`, `oauth2_backend_user`.`id`, `oauth2_backend_user`.`last_hierarchy_id`, `oauth2_backend_user`.`last_module_id`, `oauth2_backend_user`.`person_id`, `oauth2_backend_user`.`updated_at`, `oauth2_backend_user`.`registered_by`, `oauth2_provider_application`.`id`, `oauth2_provider_application`.`client_id`, `oauth2_provider_application`.`user_id`, `oauth2_provider_application`.`redirect_uris`, `oauth2_provider_application`.`client_type`, `oauth2_provider_application`.`authorization_grant_type`, `oauth2_provider_application`.`client_secret`, `oauth2_provider_application`.`name`, `oauth2_provider_application`.`skip_authorization` FROM `oauth2_provider_accesstoken` LEFT OUTER JOIN `oauth2_backend_user` ON (`oauth2_provider_accesstoken`.`user_id` = `oauth2_backend_user`.`id`) INNER JOIN `oauth2_provider_application` ON (`oauth2_provider_accesstoken`.`application_id` = `oauth2_provider_application`.`id`) WHERE `oauth2_provider_accesstoken`.`token` = 'FJu5E8OO62uFF8IGuKji8R8DU7IvbZ'; args=('FJu5E8OO62uFF8IGuKji8R8DU7IvbZ',)
[2016-12-06 10:35:42] DEBUG [django.db.backends:90] (0.000) SELECT COUNT(*) AS `__count` FROM `catalogo_autor`; args=()
[2016-12-06 10:35:42] DEBUG [django.db.backends:90] (0.001) SELECT `catalogo_autor`.`id`, `catalogo_autor`.`nombre`, `catalogo_autor`.`direccion`, `catalogo_autor`.`fecha_nac`, `catalogo_autor`.`created_at`, `catalogo_autor`.`updated_at` FROM `catalogo_autor` LIMIT 4; args=()
[2016-12-06 10:35:42] INFO [django.server:131] "GET /api/catalogo/autors/ HTTP/1.1" 200 851
[2016-12-06 10:35:57] DEBUG [django.db.backends:90] (0.001) SELECT @@SQL_AUTO_IS_NULL; args=None
[2016-12-06 10:35:57] DEBUG [django.db.backends:90] (0.000) SET SQL_AUTO_IS_NULL = 0; args=None
[2016-12-06 10:35:57] DEBUG [django.db.backends:90] (0.000) SELECT VERSION(); args=None
[2016-12-06 10:35:57] DEBUG [django.db.backends:90] (0.000) SET SQL_AUTO_IS_NULL = 0; args=None
[2016-12-06 10:35:57] DEBUG [django.db.backends:90] (0.002) SHOW FULL TABLES; args=None
[2016-12-06 10:35:57] DEBUG [django.db.backends:90] (0.000) SELECT `django_migrations`.`app`, `django_migrations`.`name` FROM `django_migrations`; args=()
[2016-12-06 10:36:00] INFO [django.server:131] "OPTIONS /api/catalogo/categorias/ HTTP/1.1" 200 0
[2016-12-06 10:36:00] DEBUG [django.db.backends:90] (0.000) SELECT @@SQL_AUTO_IS_NULL; args=None
[2016-12-06 10:36:00] DEBUG [django.db.backends:90] (0.000) SET SQL_AUTO_IS_NULL = 0; args=None
[2016-12-06 10:36:00] DEBUG [django.db.backends:90] (0.000) SELECT VERSION(); args=None
[2016-12-06 10:36:00] DEBUG [django.db.backends:90] (0.001) SET SQL_AUTO_IS_NULL = 0; args=None
[2016-12-06 10:36:00] DEBUG [django.db.backends:90] (0.001) SELECT `oauth2_provider_accesstoken`.`id`, `oauth2_provider_accesstoken`.`user_id`, `oauth2_provider_accesstoken`.`token`, `oauth2_provider_accesstoken`.`application_id`, `oauth2_provider_accesstoken`.`expires`, `oauth2_provider_accesstoken`.`scope`, `oauth2_backend_user`.`password`, `oauth2_backend_user`.`last_login`, `oauth2_backend_user`.`is_superuser`, `oauth2_backend_user`.`username`, `oauth2_backend_user`.`first_name`, `oauth2_backend_user`.`last_name`, `oauth2_backend_user`.`email`, `oauth2_backend_user`.`is_staff`, `oauth2_backend_user`.`is_active`, `oauth2_backend_user`.`date_joined`, `oauth2_backend_user`.`id`, `oauth2_backend_user`.`last_hierarchy_id`, `oauth2_backend_user`.`last_module_id`, `oauth2_backend_user`.`person_id`, `oauth2_backend_user`.`updated_at`, `oauth2_backend_user`.`registered_by`, `oauth2_provider_application`.`id`, `oauth2_provider_application`.`client_id`, `oauth2_provider_application`.`user_id`, `oauth2_provider_application`.`redirect_uris`, `oauth2_provider_application`.`client_type`, `oauth2_provider_application`.`authorization_grant_type`, `oauth2_provider_application`.`client_secret`, `oauth2_provider_application`.`name`, `oauth2_provider_application`.`skip_authorization` FROM `oauth2_provider_accesstoken` LEFT OUTER JOIN `oauth2_backend_user` ON (`oauth2_provider_accesstoken`.`user_id` = `oauth2_backend_user`.`id`) INNER JOIN `oauth2_provider_application` ON (`oauth2_provider_accesstoken`.`application_id` = `oauth2_provider_application`.`id`) WHERE `oauth2_provider_accesstoken`.`token` = 'FJu5E8OO62uFF8IGuKji8R8DU7IvbZ'; args=('FJu5E8OO62uFF8IGuKji8R8DU7IvbZ',)
[2016-12-06 10:36:00] DEBUG [django.db.backends:90] (0.002) SELECT `oauth2_provider_accesstoken`.`id`, `oauth2_provider_accesstoken`.`user_id`, `oauth2_provider_accesstoken`.`token`, `oauth2_provider_accesstoken`.`application_id`, `oauth2_provider_accesstoken`.`expires`, `oauth2_provider_accesstoken`.`scope`, `oauth2_backend_user`.`password`, `oauth2_backend_user`.`last_login`, `oauth2_backend_user`.`is_superuser`, `oauth2_backend_user`.`username`, `oauth2_backend_user`.`first_name`, `oauth2_backend_user`.`last_name`, `oauth2_backend_user`.`email`, `oauth2_backend_user`.`is_staff`, `oauth2_backend_user`.`is_active`, `oauth2_backend_user`.`date_joined`, `oauth2_backend_user`.`id`, `oauth2_backend_user`.`last_hierarchy_id`, `oauth2_backend_user`.`last_module_id`, `oauth2_backend_user`.`person_id`, `oauth2_backend_user`.`updated_at`, `oauth2_backend_user`.`registered_by`, `oauth2_provider_application`.`id`, `oauth2_provider_application`.`client_id`, `oauth2_provider_application`.`user_id`, `oauth2_provider_application`.`redirect_uris`, `oauth2_provider_application`.`client_type`, `oauth2_provider_application`.`authorization_grant_type`, `oauth2_provider_application`.`client_secret`, `oauth2_provider_application`.`name`, `oauth2_provider_application`.`skip_authorization` FROM `oauth2_provider_accesstoken` LEFT OUTER JOIN `oauth2_backend_user` ON (`oauth2_provider_accesstoken`.`user_id` = `oauth2_backend_user`.`id`) INNER JOIN `oauth2_provider_application` ON (`oauth2_provider_accesstoken`.`application_id` = `oauth2_provider_application`.`id`) WHERE `oauth2_provider_accesstoken`.`token` = 'FJu5E8OO62uFF8IGuKji8R8DU7IvbZ'; args=('FJu5E8OO62uFF8IGuKji8R8DU7IvbZ',)
[2016-12-06 10:36:00] DEBUG [django.db.backends:90] (0.001) SELECT `catalogo_categoria`.`id`, `catalogo_categoria`.`nombre`, `catalogo_categoria`.`codigo`, `catalogo_categoria`.`estado` FROM `catalogo_categoria` WHERE (`catalogo_categoria`.`codigo` LIKE '%%' OR `catalogo_categoria`.`nombre` LIKE '%%'); args=('%%', '%%')
[2016-12-06 10:36:00] INFO [django.server:131] "GET /api/catalogo/categorias/ HTTP/1.1" 200 98
[2016-12-06 10:36:00] DEBUG [django.db.backends:90] (0.001) SELECT @@SQL_AUTO_IS_NULL; args=None
[2016-12-06 10:36:00] DEBUG [django.db.backends:90] (0.000) SET SQL_AUTO_IS_NULL = 0; args=None
[2016-12-06 10:36:00] DEBUG [django.db.backends:90] (0.000) SELECT VERSION(); args=None
[2016-12-06 10:36:00] DEBUG [django.db.backends:90] (0.001) SET SQL_AUTO_IS_NULL = 0; args=None
[2016-12-06 10:36:00] DEBUG [django.db.backends:90] (0.001) SELECT `oauth2_provider_accesstoken`.`id`, `oauth2_provider_accesstoken`.`user_id`, `oauth2_provider_accesstoken`.`token`, `oauth2_provider_accesstoken`.`application_id`, `oauth2_provider_accesstoken`.`expires`, `oauth2_provider_accesstoken`.`scope`, `oauth2_backend_user`.`password`, `oauth2_backend_user`.`last_login`, `oauth2_backend_user`.`is_superuser`, `oauth2_backend_user`.`username`, `oauth2_backend_user`.`first_name`, `oauth2_backend_user`.`last_name`, `oauth2_backend_user`.`email`, `oauth2_backend_user`.`is_staff`, `oauth2_backend_user`.`is_active`, `oauth2_backend_user`.`date_joined`, `oauth2_backend_user`.`id`, `oauth2_backend_user`.`last_hierarchy_id`, `oauth2_backend_user`.`last_module_id`, `oauth2_backend_user`.`person_id`, `oauth2_backend_user`.`updated_at`, `oauth2_backend_user`.`registered_by`, `oauth2_provider_application`.`id`, `oauth2_provider_application`.`client_id`, `oauth2_provider_application`.`user_id`, `oauth2_provider_application`.`redirect_uris`, `oauth2_provider_application`.`client_type`, `oauth2_provider_application`.`authorization_grant_type`, `oauth2_provider_application`.`client_secret`, `oauth2_provider_application`.`name`, `oauth2_provider_application`.`skip_authorization` FROM `oauth2_provider_accesstoken` LEFT OUTER JOIN `oauth2_backend_user` ON (`oauth2_provider_accesstoken`.`user_id` = `oauth2_backend_user`.`id`) INNER JOIN `oauth2_provider_application` ON (`oauth2_provider_accesstoken`.`application_id` = `oauth2_provider_application`.`id`) WHERE `oauth2_provider_accesstoken`.`token` = 'FJu5E8OO62uFF8IGuKji8R8DU7IvbZ'; args=('FJu5E8OO62uFF8IGuKji8R8DU7IvbZ',)
[2016-12-06 10:36:00] DEBUG [django.db.backends:90] (0.001) SELECT `oauth2_provider_accesstoken`.`id`, `oauth2_provider_accesstoken`.`user_id`, `oauth2_provider_accesstoken`.`token`, `oauth2_provider_accesstoken`.`application_id`, `oauth2_provider_accesstoken`.`expires`, `oauth2_provider_accesstoken`.`scope`, `oauth2_backend_user`.`password`, `oauth2_backend_user`.`last_login`, `oauth2_backend_user`.`is_superuser`, `oauth2_backend_user`.`username`, `oauth2_backend_user`.`first_name`, `oauth2_backend_user`.`last_name`, `oauth2_backend_user`.`email`, `oauth2_backend_user`.`is_staff`, `oauth2_backend_user`.`is_active`, `oauth2_backend_user`.`date_joined`, `oauth2_backend_user`.`id`, `oauth2_backend_user`.`last_hierarchy_id`, `oauth2_backend_user`.`last_module_id`, `oauth2_backend_user`.`person_id`, `oauth2_backend_user`.`updated_at`, `oauth2_backend_user`.`registered_by`, `oauth2_provider_application`.`id`, `oauth2_provider_application`.`client_id`, `oauth2_provider_application`.`user_id`, `oauth2_provider_application`.`redirect_uris`, `oauth2_provider_application`.`client_type`, `oauth2_provider_application`.`authorization_grant_type`, `oauth2_provider_application`.`client_secret`, `oauth2_provider_application`.`name`, `oauth2_provider_application`.`skip_authorization` FROM `oauth2_provider_accesstoken` LEFT OUTER JOIN `oauth2_backend_user` ON (`oauth2_provider_accesstoken`.`user_id` = `oauth2_backend_user`.`id`) INNER JOIN `oauth2_provider_application` ON (`oauth2_provider_accesstoken`.`application_id` = `oauth2_provider_application`.`id`) WHERE `oauth2_provider_accesstoken`.`token` = 'FJu5E8OO62uFF8IGuKji8R8DU7IvbZ'; args=('FJu5E8OO62uFF8IGuKji8R8DU7IvbZ',)
[2016-12-06 10:36:00] WARNING [django.server:131] "GET /api/catalogo/autors/ HTTP/1.1" 403 63
[2016-12-06 10:36:02] DEBUG [django.db.backends:90] (0.001) SELECT @@SQL_AUTO_IS_NULL; args=None
[2016-12-06 10:36:02] DEBUG [django.db.backends:90] (0.001) SET SQL_AUTO_IS_NULL = 0; args=None
[2016-12-06 10:36:02] DEBUG [django.db.backends:90] (0.000) SELECT VERSION(); args=None
[2016-12-06 10:36:02] DEBUG [django.db.backends:90] (0.001) SET SQL_AUTO_IS_NULL = 0; args=None
[2016-12-06 10:36:02] DEBUG [django.db.backends:90] (0.003) SELECT `oauth2_provider_accesstoken`.`id`, `oauth2_provider_accesstoken`.`user_id`, `oauth2_provider_accesstoken`.`token`, `oauth2_provider_accesstoken`.`application_id`, `oauth2_provider_accesstoken`.`expires`, `oauth2_provider_accesstoken`.`scope`, `oauth2_backend_user`.`password`, `oauth2_backend_user`.`last_login`, `oauth2_backend_user`.`is_superuser`, `oauth2_backend_user`.`username`, `oauth2_backend_user`.`first_name`, `oauth2_backend_user`.`last_name`, `oauth2_backend_user`.`email`, `oauth2_backend_user`.`is_staff`, `oauth2_backend_user`.`is_active`, `oauth2_backend_user`.`date_joined`, `oauth2_backend_user`.`id`, `oauth2_backend_user`.`last_hierarchy_id`, `oauth2_backend_user`.`last_module_id`, `oauth2_backend_user`.`person_id`, `oauth2_backend_user`.`updated_at`, `oauth2_backend_user`.`registered_by`, `oauth2_provider_application`.`id`, `oauth2_provider_application`.`client_id`, `oauth2_provider_application`.`user_id`, `oauth2_provider_application`.`redirect_uris`, `oauth2_provider_application`.`client_type`, `oauth2_provider_application`.`authorization_grant_type`, `oauth2_provider_application`.`client_secret`, `oauth2_provider_application`.`name`, `oauth2_provider_application`.`skip_authorization` FROM `oauth2_provider_accesstoken` LEFT OUTER JOIN `oauth2_backend_user` ON (`oauth2_provider_accesstoken`.`user_id` = `oauth2_backend_user`.`id`) INNER JOIN `oauth2_provider_application` ON (`oauth2_provider_accesstoken`.`application_id` = `oauth2_provider_application`.`id`) WHERE `oauth2_provider_accesstoken`.`token` = 'FJu5E8OO62uFF8IGuKji8R8DU7IvbZ'; args=('FJu5E8OO62uFF8IGuKji8R8DU7IvbZ',)
[2016-12-06 10:36:02] DEBUG [django.db.backends:90] (0.003) SELECT `oauth2_provider_accesstoken`.`id`, `oauth2_provider_accesstoken`.`user_id`, `oauth2_provider_accesstoken`.`token`, `oauth2_provider_accesstoken`.`application_id`, `oauth2_provider_accesstoken`.`expires`, `oauth2_provider_accesstoken`.`scope`, `oauth2_backend_user`.`password`, `oauth2_backend_user`.`last_login`, `oauth2_backend_user`.`is_superuser`, `oauth2_backend_user`.`username`, `oauth2_backend_user`.`first_name`, `oauth2_backend_user`.`last_name`, `oauth2_backend_user`.`email`, `oauth2_backend_user`.`is_staff`, `oauth2_backend_user`.`is_active`, `oauth2_backend_user`.`date_joined`, `oauth2_backend_user`.`id`, `oauth2_backend_user`.`last_hierarchy_id`, `oauth2_backend_user`.`last_module_id`, `oauth2_backend_user`.`person_id`, `oauth2_backend_user`.`updated_at`, `oauth2_backend_user`.`registered_by`, `oauth2_provider_application`.`id`, `oauth2_provider_application`.`client_id`, `oauth2_provider_application`.`user_id`, `oauth2_provider_application`.`redirect_uris`, `oauth2_provider_application`.`client_type`, `oauth2_provider_application`.`authorization_grant_type`, `oauth2_provider_application`.`client_secret`, `oauth2_provider_application`.`name`, `oauth2_provider_application`.`skip_authorization` FROM `oauth2_provider_accesstoken` LEFT OUTER JOIN `oauth2_backend_user` ON (`oauth2_provider_accesstoken`.`user_id` = `oauth2_backend_user`.`id`) INNER JOIN `oauth2_provider_application` ON (`oauth2_provider_accesstoken`.`application_id` = `oauth2_provider_application`.`id`) WHERE `oauth2_provider_accesstoken`.`token` = 'FJu5E8OO62uFF8IGuKji8R8DU7IvbZ'; args=('FJu5E8OO62uFF8IGuKji8R8DU7IvbZ',)
[2016-12-06 10:36:02] DEBUG [django.db.backends:90] (0.001) SELECT `catalogo_categoria`.`id`, `catalogo_categoria`.`nombre`, `catalogo_categoria`.`codigo`, `catalogo_categoria`.`estado` FROM `catalogo_categoria` WHERE (`catalogo_categoria`.`codigo` LIKE '%%' OR `catalogo_categoria`.`nombre` LIKE '%%'); args=('%%', '%%')
[2016-12-06 10:36:02] INFO [django.server:131] "GET /api/catalogo/categorias/ HTTP/1.1" 200 98
[2016-12-06 10:36:09] DEBUG [django.db.backends:90] (0.000) SELECT @@SQL_AUTO_IS_NULL; args=None
[2016-12-06 10:36:09] DEBUG [django.db.backends:90] (0.000) SET SQL_AUTO_IS_NULL = 0; args=None
[2016-12-06 10:36:09] DEBUG [django.db.backends:90] (0.000) SELECT VERSION(); args=None
[2016-12-06 10:36:09] DEBUG [django.db.backends:90] (0.000) SET SQL_AUTO_IS_NULL = 0; args=None
[2016-12-06 10:36:09] DEBUG [django.db.backends:90] (0.002) SELECT `oauth2_provider_accesstoken`.`id`, `oauth2_provider_accesstoken`.`user_id`, `oauth2_provider_accesstoken`.`token`, `oauth2_provider_accesstoken`.`application_id`, `oauth2_provider_accesstoken`.`expires`, `oauth2_provider_accesstoken`.`scope`, `oauth2_backend_user`.`password`, `oauth2_backend_user`.`last_login`, `oauth2_backend_user`.`is_superuser`, `oauth2_backend_user`.`username`, `oauth2_backend_user`.`first_name`, `oauth2_backend_user`.`last_name`, `oauth2_backend_user`.`email`, `oauth2_backend_user`.`is_staff`, `oauth2_backend_user`.`is_active`, `oauth2_backend_user`.`date_joined`, `oauth2_backend_user`.`id`, `oauth2_backend_user`.`last_hierarchy_id`, `oauth2_backend_user`.`last_module_id`, `oauth2_backend_user`.`person_id`, `oauth2_backend_user`.`updated_at`, `oauth2_backend_user`.`registered_by`, `oauth2_provider_application`.`id`, `oauth2_provider_application`.`client_id`, `oauth2_provider_application`.`user_id`, `oauth2_provider_application`.`redirect_uris`, `oauth2_provider_application`.`client_type`, `oauth2_provider_application`.`authorization_grant_type`, `oauth2_provider_application`.`client_secret`, `oauth2_provider_application`.`name`, `oauth2_provider_application`.`skip_authorization` FROM `oauth2_provider_accesstoken` LEFT OUTER JOIN `oauth2_backend_user` ON (`oauth2_provider_accesstoken`.`user_id` = `oauth2_backend_user`.`id`) INNER JOIN `oauth2_provider_application` ON (`oauth2_provider_accesstoken`.`application_id` = `oauth2_provider_application`.`id`) WHERE `oauth2_provider_accesstoken`.`token` = 'FJu5E8OO62uFF8IGuKji8R8DU7IvbZ'; args=('FJu5E8OO62uFF8IGuKji8R8DU7IvbZ',)
[2016-12-06 10:36:09] DEBUG [django.db.backends:90] (0.001) SELECT `oauth2_provider_accesstoken`.`id`, `oauth2_provider_accesstoken`.`user_id`, `oauth2_provider_accesstoken`.`token`, `oauth2_provider_accesstoken`.`application_id`, `oauth2_provider_accesstoken`.`expires`, `oauth2_provider_accesstoken`.`scope`, `oauth2_backend_user`.`password`, `oauth2_backend_user`.`last_login`, `oauth2_backend_user`.`is_superuser`, `oauth2_backend_user`.`username`, `oauth2_backend_user`.`first_name`, `oauth2_backend_user`.`last_name`, `oauth2_backend_user`.`email`, `oauth2_backend_user`.`is_staff`, `oauth2_backend_user`.`is_active`, `oauth2_backend_user`.`date_joined`, `oauth2_backend_user`.`id`, `oauth2_backend_user`.`last_hierarchy_id`, `oauth2_backend_user`.`last_module_id`, `oauth2_backend_user`.`person_id`, `oauth2_backend_user`.`updated_at`, `oauth2_backend_user`.`registered_by`, `oauth2_provider_application`.`id`, `oauth2_provider_application`.`client_id`, `oauth2_provider_application`.`user_id`, `oauth2_provider_application`.`redirect_uris`, `oauth2_provider_application`.`client_type`, `oauth2_provider_application`.`authorization_grant_type`, `oauth2_provider_application`.`client_secret`, `oauth2_provider_application`.`name`, `oauth2_provider_application`.`skip_authorization` FROM `oauth2_provider_accesstoken` LEFT OUTER JOIN `oauth2_backend_user` ON (`oauth2_provider_accesstoken`.`user_id` = `oauth2_backend_user`.`id`) INNER JOIN `oauth2_provider_application` ON (`oauth2_provider_accesstoken`.`application_id` = `oauth2_provider_application`.`id`) WHERE `oauth2_provider_accesstoken`.`token` = 'FJu5E8OO62uFF8IGuKji8R8DU7IvbZ'; args=('FJu5E8OO62uFF8IGuKji8R8DU7IvbZ',)
[2016-12-06 10:36:09] WARNING [django.server:131] "GET /api/catalogo/autors/ HTTP/1.1" 403 63
[2016-12-06 10:36:20] DEBUG [django.db.backends:90] (0.000) SELECT @@SQL_AUTO_IS_NULL; args=None
[2016-12-06 10:36:20] DEBUG [django.db.backends:90] (0.000) SET SQL_AUTO_IS_NULL = 0; args=None
[2016-12-06 10:36:20] DEBUG [django.db.backends:90] (0.000) SELECT VERSION(); args=None
[2016-12-06 10:36:20] DEBUG [django.db.backends:90] (0.000) SET SQL_AUTO_IS_NULL = 0; args=None
[2016-12-06 10:36:20] DEBUG [django.db.backends:90] (0.002) SELECT `oauth2_provider_accesstoken`.`id`, `oauth2_provider_accesstoken`.`user_id`, `oauth2_provider_accesstoken`.`token`, `oauth2_provider_accesstoken`.`application_id`, `oauth2_provider_accesstoken`.`expires`, `oauth2_provider_accesstoken`.`scope`, `oauth2_backend_user`.`password`, `oauth2_backend_user`.`last_login`, `oauth2_backend_user`.`is_superuser`, `oauth2_backend_user`.`username`, `oauth2_backend_user`.`first_name`, `oauth2_backend_user`.`last_name`, `oauth2_backend_user`.`email`, `oauth2_backend_user`.`is_staff`, `oauth2_backend_user`.`is_active`, `oauth2_backend_user`.`date_joined`, `oauth2_backend_user`.`id`, `oauth2_backend_user`.`last_hierarchy_id`, `oauth2_backend_user`.`last_module_id`, `oauth2_backend_user`.`person_id`, `oauth2_backend_user`.`updated_at`, `oauth2_backend_user`.`registered_by`, `oauth2_provider_application`.`id`, `oauth2_provider_application`.`client_id`, `oauth2_provider_application`.`user_id`, `oauth2_provider_application`.`redirect_uris`, `oauth2_provider_application`.`client_type`, `oauth2_provider_application`.`authorization_grant_type`, `oauth2_provider_application`.`client_secret`, `oauth2_provider_application`.`name`, `oauth2_provider_application`.`skip_authorization` FROM `oauth2_provider_accesstoken` LEFT OUTER JOIN `oauth2_backend_user` ON (`oauth2_provider_accesstoken`.`user_id` = `oauth2_backend_user`.`id`) INNER JOIN `oauth2_provider_application` ON (`oauth2_provider_accesstoken`.`application_id` = `oauth2_provider_application`.`id`) WHERE `oauth2_provider_accesstoken`.`token` = 'FJu5E8OO62uFF8IGuKji8R8DU7IvbZ'; args=('FJu5E8OO62uFF8IGuKji8R8DU7IvbZ',)
[2016-12-06 10:36:20] DEBUG [django.db.backends:90] (0.001) SELECT `oauth2_provider_accesstoken`.`id`, `oauth2_provider_accesstoken`.`user_id`, `oauth2_provider_accesstoken`.`token`, `oauth2_provider_accesstoken`.`application_id`, `oauth2_provider_accesstoken`.`expires`, `oauth2_provider_accesstoken`.`scope`, `oauth2_backend_user`.`password`, `oauth2_backend_user`.`last_login`, `oauth2_backend_user`.`is_superuser`, `oauth2_backend_user`.`username`, `oauth2_backend_user`.`first_name`, `oauth2_backend_user`.`last_name`, `oauth2_backend_user`.`email`, `oauth2_backend_user`.`is_staff`, `oauth2_backend_user`.`is_active`, `oauth2_backend_user`.`date_joined`, `oauth2_backend_user`.`id`, `oauth2_backend_user`.`last_hierarchy_id`, `oauth2_backend_user`.`last_module_id`, `oauth2_backend_user`.`person_id`, `oauth2_backend_user`.`updated_at`, `oauth2_backend_user`.`registered_by`, `oauth2_provider_application`.`id`, `oauth2_provider_application`.`client_id`, `oauth2_provider_application`.`user_id`, `oauth2_provider_application`.`redirect_uris`, `oauth2_provider_application`.`client_type`, `oauth2_provider_application`.`authorization_grant_type`, `oauth2_provider_application`.`client_secret`, `oauth2_provider_application`.`name`, `oauth2_provider_application`.`skip_authorization` FROM `oauth2_provider_accesstoken` LEFT OUTER JOIN `oauth2_backend_user` ON (`oauth2_provider_accesstoken`.`user_id` = `oauth2_backend_user`.`id`) INNER JOIN `oauth2_provider_application` ON (`oauth2_provider_accesstoken`.`application_id` = `oauth2_provider_application`.`id`) WHERE `oauth2_provider_accesstoken`.`token` = 'FJu5E8OO62uFF8IGuKji8R8DU7IvbZ'; args=('FJu5E8OO62uFF8IGuKji8R8DU7IvbZ',)
[2016-12-06 10:36:20] WARNING [django.server:131] "GET /api/catalogo/autors/ HTTP/1.1" 403 63
[2016-12-06 10:36:32] DEBUG [django.db.backends:90] (0.000) SELECT @@SQL_AUTO_IS_NULL; args=None
[2016-12-06 10:36:32] DEBUG [django.db.backends:90] (0.000) SET SQL_AUTO_IS_NULL = 0; args=None
[2016-12-06 10:36:32] DEBUG [django.db.backends:90] (0.000) SELECT VERSION(); args=None
[2016-12-06 10:36:32] DEBUG [django.db.backends:90] (0.000) SET SQL_AUTO_IS_NULL = 0; args=None
[2016-12-06 10:36:32] DEBUG [django.db.backends:90] (0.002) SELECT `oauth2_provider_accesstoken`.`id`, `oauth2_provider_accesstoken`.`user_id`, `oauth2_provider_accesstoken`.`token`, `oauth2_provider_accesstoken`.`application_id`, `oauth2_provider_accesstoken`.`expires`, `oauth2_provider_accesstoken`.`scope`, `oauth2_backend_user`.`password`, `oauth2_backend_user`.`last_login`, `oauth2_backend_user`.`is_superuser`, `oauth2_backend_user`.`username`, `oauth2_backend_user`.`first_name`, `oauth2_backend_user`.`last_name`, `oauth2_backend_user`.`email`, `oauth2_backend_user`.`is_staff`, `oauth2_backend_user`.`is_active`, `oauth2_backend_user`.`date_joined`, `oauth2_backend_user`.`id`, `oauth2_backend_user`.`last_hierarchy_id`, `oauth2_backend_user`.`last_module_id`, `oauth2_backend_user`.`person_id`, `oauth2_backend_user`.`updated_at`, `oauth2_backend_user`.`registered_by`, `oauth2_provider_application`.`id`, `oauth2_provider_application`.`client_id`, `oauth2_provider_application`.`user_id`, `oauth2_provider_application`.`redirect_uris`, `oauth2_provider_application`.`client_type`, `oauth2_provider_application`.`authorization_grant_type`, `oauth2_provider_application`.`client_secret`, `oauth2_provider_application`.`name`, `oauth2_provider_application`.`skip_authorization` FROM `oauth2_provider_accesstoken` LEFT OUTER JOIN `oauth2_backend_user` ON (`oauth2_provider_accesstoken`.`user_id` = `oauth2_backend_user`.`id`) INNER JOIN `oauth2_provider_application` ON (`oauth2_provider_accesstoken`.`application_id` = `oauth2_provider_application`.`id`) WHERE `oauth2_provider_accesstoken`.`token` = 'QT4wvPO3JMDByNNanhvYU0nWuyX4y9'; args=('QT4wvPO3JMDByNNanhvYU0nWuyX4y9',)
[2016-12-06 10:36:32] DEBUG [django.db.backends:90] (0.002) SELECT `oauth2_provider_accesstoken`.`id`, `oauth2_provider_accesstoken`.`user_id`, `oauth2_provider_accesstoken`.`token`, `oauth2_provider_accesstoken`.`application_id`, `oauth2_provider_accesstoken`.`expires`, `oauth2_provider_accesstoken`.`scope`, `oauth2_backend_user`.`password`, `oauth2_backend_user`.`last_login`, `oauth2_backend_user`.`is_superuser`, `oauth2_backend_user`.`username`, `oauth2_backend_user`.`first_name`, `oauth2_backend_user`.`last_name`, `oauth2_backend_user`.`email`, `oauth2_backend_user`.`is_staff`, `oauth2_backend_user`.`is_active`, `oauth2_backend_user`.`date_joined`, `oauth2_backend_user`.`id`, `oauth2_backend_user`.`last_hierarchy_id`, `oauth2_backend_user`.`last_module_id`, `oauth2_backend_user`.`person_id`, `oauth2_backend_user`.`updated_at`, `oauth2_backend_user`.`registered_by`, `oauth2_provider_application`.`id`, `oauth2_provider_application`.`client_id`, `oauth2_provider_application`.`user_id`, `oauth2_provider_application`.`redirect_uris`, `oauth2_provider_application`.`client_type`, `oauth2_provider_application`.`authorization_grant_type`, `oauth2_provider_application`.`client_secret`, `oauth2_provider_application`.`name`, `oauth2_provider_application`.`skip_authorization` FROM `oauth2_provider_accesstoken` LEFT OUTER JOIN `oauth2_backend_user` ON (`oauth2_provider_accesstoken`.`user_id` = `oauth2_backend_user`.`id`) INNER JOIN `oauth2_provider_application` ON (`oauth2_provider_accesstoken`.`application_id` = `oauth2_provider_application`.`id`) WHERE `oauth2_provider_accesstoken`.`token` = 'QT4wvPO3JMDByNNanhvYU0nWuyX4y9'; args=('QT4wvPO3JMDByNNanhvYU0nWuyX4y9',)
[2016-12-06 10:36:32] DEBUG [django.db.backends:90] (0.000) SELECT `catalogo_categoria`.`id`, `catalogo_categoria`.`nombre`, `catalogo_categoria`.`codigo`, `catalogo_categoria`.`estado` FROM `catalogo_categoria` WHERE (`catalogo_categoria`.`codigo` LIKE '%%' OR `catalogo_categoria`.`nombre` LIKE '%%'); args=('%%', '%%')
[2016-12-06 10:36:32] INFO [django.server:131] "GET /api/catalogo/categorias/ HTTP/1.1" 200 98
[2016-12-06 10:36:34] DEBUG [django.db.backends:90] (0.000) SELECT @@SQL_AUTO_IS_NULL; args=None
[2016-12-06 10:36:34] DEBUG [django.db.backends:90] (0.000) SET SQL_AUTO_IS_NULL = 0; args=None
[2016-12-06 10:36:34] DEBUG [django.db.backends:90] (0.001) SELECT VERSION(); args=None
[2016-12-06 10:36:34] DEBUG [django.db.backends:90] (0.001) SET SQL_AUTO_IS_NULL = 0; args=None
[2016-12-06 10:36:34] DEBUG [django.db.backends:90] (0.001) SELECT `oauth2_provider_accesstoken`.`id`, `oauth2_provider_accesstoken`.`user_id`, `oauth2_provider_accesstoken`.`token`, `oauth2_provider_accesstoken`.`application_id`, `oauth2_provider_accesstoken`.`expires`, `oauth2_provider_accesstoken`.`scope`, `oauth2_backend_user`.`password`, `oauth2_backend_user`.`last_login`, `oauth2_backend_user`.`is_superuser`, `oauth2_backend_user`.`username`, `oauth2_backend_user`.`first_name`, `oauth2_backend_user`.`last_name`, `oauth2_backend_user`.`email`, `oauth2_backend_user`.`is_staff`, `oauth2_backend_user`.`is_active`, `oauth2_backend_user`.`date_joined`, `oauth2_backend_user`.`id`, `oauth2_backend_user`.`last_hierarchy_id`, `oauth2_backend_user`.`last_module_id`, `oauth2_backend_user`.`person_id`, `oauth2_backend_user`.`updated_at`, `oauth2_backend_user`.`registered_by`, `oauth2_provider_application`.`id`, `oauth2_provider_application`.`client_id`, `oauth2_provider_application`.`user_id`, `oauth2_provider_application`.`redirect_uris`, `oauth2_provider_application`.`client_type`, `oauth2_provider_application`.`authorization_grant_type`, `oauth2_provider_application`.`client_secret`, `oauth2_provider_application`.`name`, `oauth2_provider_application`.`skip_authorization` FROM `oauth2_provider_accesstoken` LEFT OUTER JOIN `oauth2_backend_user` ON (`oauth2_provider_accesstoken`.`user_id` = `oauth2_backend_user`.`id`) INNER JOIN `oauth2_provider_application` ON (`oauth2_provider_accesstoken`.`application_id` = `oauth2_provider_application`.`id`) WHERE `oauth2_provider_accesstoken`.`token` = 'QT4wvPO3JMDByNNanhvYU0nWuyX4y9'; args=('QT4wvPO3JMDByNNanhvYU0nWuyX4y9',)
[2016-12-06 10:36:34] DEBUG [django.db.backends:90] (0.001) SELECT `oauth2_provider_accesstoken`.`id`, `oauth2_provider_accesstoken`.`user_id`, `oauth2_provider_accesstoken`.`token`, `oauth2_provider_accesstoken`.`application_id`, `oauth2_provider_accesstoken`.`expires`, `oauth2_provider_accesstoken`.`scope`, `oauth2_backend_user`.`password`, `oauth2_backend_user`.`last_login`, `oauth2_backend_user`.`is_superuser`, `oauth2_backend_user`.`username`, `oauth2_backend_user`.`first_name`, `oauth2_backend_user`.`last_name`, `oauth2_backend_user`.`email`, `oauth2_backend_user`.`is_staff`, `oauth2_backend_user`.`is_active`, `oauth2_backend_user`.`date_joined`, `oauth2_backend_user`.`id`, `oauth2_backend_user`.`last_hierarchy_id`, `oauth2_backend_user`.`last_module_id`, `oauth2_backend_user`.`person_id`, `oauth2_backend_user`.`updated_at`, `oauth2_backend_user`.`registered_by`, `oauth2_provider_application`.`id`, `oauth2_provider_application`.`client_id`, `oauth2_provider_application`.`user_id`, `oauth2_provider_application`.`redirect_uris`, `oauth2_provider_application`.`client_type`, `oauth2_provider_application`.`authorization_grant_type`, `oauth2_provider_application`.`client_secret`, `oauth2_provider_application`.`name`, `oauth2_provider_application`.`skip_authorization` FROM `oauth2_provider_accesstoken` LEFT OUTER JOIN `oauth2_backend_user` ON (`oauth2_provider_accesstoken`.`user_id` = `oauth2_backend_user`.`id`) INNER JOIN `oauth2_provider_application` ON (`oauth2_provider_accesstoken`.`application_id` = `oauth2_provider_application`.`id`) WHERE `oauth2_provider_accesstoken`.`token` = 'QT4wvPO3JMDByNNanhvYU0nWuyX4y9'; args=('QT4wvPO3JMDByNNanhvYU0nWuyX4y9',)
[2016-12-06 10:36:34] DEBUG [django.db.backends:90] (0.001) SELECT COUNT(*) AS `__count` FROM `catalogo_autor`; args=()
[2016-12-06 10:36:34] DEBUG [django.db.backends:90] (0.000) SELECT `catalogo_autor`.`id`, `catalogo_autor`.`nombre`, `catalogo_autor`.`direccion`, `catalogo_autor`.`fecha_nac`, `catalogo_autor`.`created_at`, `catalogo_autor`.`updated_at` FROM `catalogo_autor` LIMIT 4; args=()
[2016-12-06 10:36:34] INFO [django.server:131] "GET /api/catalogo/autors/ HTTP/1.1" 200 851
[2016-12-06 10:37:27] DEBUG [django.db.backends:90] (0.000) SELECT @@SQL_AUTO_IS_NULL; args=None
[2016-12-06 10:37:27] DEBUG [django.db.backends:90] (0.000) SET SQL_AUTO_IS_NULL = 0; args=None
[2016-12-06 10:37:27] DEBUG [django.db.backends:90] (0.000) SELECT VERSION(); args=None
[2016-12-06 10:37:27] DEBUG [django.db.backends:90] (0.000) SET SQL_AUTO_IS_NULL = 0; args=None
[2016-12-06 10:37:27] DEBUG [django.db.backends:90] (0.002) SELECT `oauth2_provider_accesstoken`.`id`, `oauth2_provider_accesstoken`.`user_id`, `oauth2_provider_accesstoken`.`token`, `oauth2_provider_accesstoken`.`application_id`, `oauth2_provider_accesstoken`.`expires`, `oauth2_provider_accesstoken`.`scope`, `oauth2_backend_user`.`password`, `oauth2_backend_user`.`last_login`, `oauth2_backend_user`.`is_superuser`, `oauth2_backend_user`.`username`, `oauth2_backend_user`.`first_name`, `oauth2_backend_user`.`last_name`, `oauth2_backend_user`.`email`, `oauth2_backend_user`.`is_staff`, `oauth2_backend_user`.`is_active`, `oauth2_backend_user`.`date_joined`, `oauth2_backend_user`.`id`, `oauth2_backend_user`.`last_hierarchy_id`, `oauth2_backend_user`.`last_module_id`, `oauth2_backend_user`.`person_id`, `oauth2_backend_user`.`updated_at`, `oauth2_backend_user`.`registered_by`, `oauth2_provider_application`.`id`, `oauth2_provider_application`.`client_id`, `oauth2_provider_application`.`user_id`, `oauth2_provider_application`.`redirect_uris`, `oauth2_provider_application`.`client_type`, `oauth2_provider_application`.`authorization_grant_type`, `oauth2_provider_application`.`client_secret`, `oauth2_provider_application`.`name`, `oauth2_provider_application`.`skip_authorization` FROM `oauth2_provider_accesstoken` LEFT OUTER JOIN `oauth2_backend_user` ON (`oauth2_provider_accesstoken`.`user_id` = `oauth2_backend_user`.`id`) INNER JOIN `oauth2_provider_application` ON (`oauth2_provider_accesstoken`.`application_id` = `oauth2_provider_application`.`id`) WHERE `oauth2_provider_accesstoken`.`token` = 'QT4wvPO3JMDByNNanhvYU0nWuyX4y9'; args=('QT4wvPO3JMDByNNanhvYU0nWuyX4y9',)
[2016-12-06 10:37:27] DEBUG [django.db.backends:90] (0.002) SELECT `oauth2_provider_accesstoken`.`id`, `oauth2_provider_accesstoken`.`user_id`, `oauth2_provider_accesstoken`.`token`, `oauth2_provider_accesstoken`.`application_id`, `oauth2_provider_accesstoken`.`expires`, `oauth2_provider_accesstoken`.`scope`, `oauth2_backend_user`.`password`, `oauth2_backend_user`.`last_login`, `oauth2_backend_user`.`is_superuser`, `oauth2_backend_user`.`username`, `oauth2_backend_user`.`first_name`, `oauth2_backend_user`.`last_name`, `oauth2_backend_user`.`email`, `oauth2_backend_user`.`is_staff`, `oauth2_backend_user`.`is_active`, `oauth2_backend_user`.`date_joined`, `oauth2_backend_user`.`id`, `oauth2_backend_user`.`last_hierarchy_id`, `oauth2_backend_user`.`last_module_id`, `oauth2_backend_user`.`person_id`, `oauth2_backend_user`.`updated_at`, `oauth2_backend_user`.`registered_by`, `oauth2_provider_application`.`id`, `oauth2_provider_application`.`client_id`, `oauth2_provider_application`.`user_id`, `oauth2_provider_application`.`redirect_uris`, `oauth2_provider_application`.`client_type`, `oauth2_provider_application`.`authorization_grant_type`, `oauth2_provider_application`.`client_secret`, `oauth2_provider_application`.`name`, `oauth2_provider_application`.`skip_authorization` FROM `oauth2_provider_accesstoken` LEFT OUTER JOIN `oauth2_backend_user` ON (`oauth2_provider_accesstoken`.`user_id` = `oauth2_backend_user`.`id`) INNER JOIN `oauth2_provider_application` ON (`oauth2_provider_accesstoken`.`application_id` = `oauth2_provider_application`.`id`) WHERE `oauth2_provider_accesstoken`.`token` = 'QT4wvPO3JMDByNNanhvYU0nWuyX4y9'; args=('QT4wvPO3JMDByNNanhvYU0nWuyX4y9',)
[2016-12-06 10:37:27] DEBUG [django.db.backends:90] (0.001) SELECT `catalogo_categoria`.`id`, `catalogo_categoria`.`nombre`, `catalogo_categoria`.`codigo`, `catalogo_categoria`.`estado` FROM `catalogo_categoria` WHERE (`catalogo_categoria`.`codigo` LIKE '%%' OR `catalogo_categoria`.`nombre` LIKE '%%'); args=('%%', '%%')
[2016-12-06 10:37:27] INFO [django.server:131] "GET /api/catalogo/categorias/ HTTP/1.1" 200 98
[2016-12-06 10:37:28] DEBUG [django.db.backends:90] (0.000) SELECT @@SQL_AUTO_IS_NULL; args=None
[2016-12-06 10:37:28] DEBUG [django.db.backends:90] (0.000) SET SQL_AUTO_IS_NULL = 0; args=None
[2016-12-06 10:37:28] DEBUG [django.db.backends:90] (0.000) SELECT VERSION(); args=None
[2016-12-06 10:37:28] DEBUG [django.db.backends:90] (0.000) SET SQL_AUTO_IS_NULL = 0; args=None
[2016-12-06 10:37:28] DEBUG [django.db.backends:90] (0.002) SELECT `oauth2_provider_accesstoken`.`id`, `oauth2_provider_accesstoken`.`user_id`, `oauth2_provider_accesstoken`.`token`, `oauth2_provider_accesstoken`.`application_id`, `oauth2_provider_accesstoken`.`expires`, `oauth2_provider_accesstoken`.`scope`, `oauth2_backend_user`.`password`, `oauth2_backend_user`.`last_login`, `oauth2_backend_user`.`is_superuser`, `oauth2_backend_user`.`username`, `oauth2_backend_user`.`first_name`, `oauth2_backend_user`.`last_name`, `oauth2_backend_user`.`email`, `oauth2_backend_user`.`is_staff`, `oauth2_backend_user`.`is_active`, `oauth2_backend_user`.`date_joined`, `oauth2_backend_user`.`id`, `oauth2_backend_user`.`last_hierarchy_id`, `oauth2_backend_user`.`last_module_id`, `oauth2_backend_user`.`person_id`, `oauth2_backend_user`.`updated_at`, `oauth2_backend_user`.`registered_by`, `oauth2_provider_application`.`id`, `oauth2_provider_application`.`client_id`, `oauth2_provider_application`.`user_id`, `oauth2_provider_application`.`redirect_uris`, `oauth2_provider_application`.`client_type`, `oauth2_provider_application`.`authorization_grant_type`, `oauth2_provider_application`.`client_secret`, `oauth2_provider_application`.`name`, `oauth2_provider_application`.`skip_authorization` FROM `oauth2_provider_accesstoken` LEFT OUTER JOIN `oauth2_backend_user` ON (`oauth2_provider_accesstoken`.`user_id` = `oauth2_backend_user`.`id`) INNER JOIN `oauth2_provider_application` ON (`oauth2_provider_accesstoken`.`application_id` = `oauth2_provider_application`.`id`) WHERE `oauth2_provider_accesstoken`.`token` = 'QT4wvPO3JMDByNNanhvYU0nWuyX4y9'; args=('QT4wvPO3JMDByNNanhvYU0nWuyX4y9',)
[2016-12-06 10:37:28] DEBUG [django.db.backends:90] (0.001) SELECT `oauth2_provider_accesstoken`.`id`, `oauth2_provider_accesstoken`.`user_id`, `oauth2_provider_accesstoken`.`token`, `oauth2_provider_accesstoken`.`application_id`, `oauth2_provider_accesstoken`.`expires`, `oauth2_provider_accesstoken`.`scope`, `oauth2_backend_user`.`password`, `oauth2_backend_user`.`last_login`, `oauth2_backend_user`.`is_superuser`, `oauth2_backend_user`.`username`, `oauth2_backend_user`.`first_name`, `oauth2_backend_user`.`last_name`, `oauth2_backend_user`.`email`, `oauth2_backend_user`.`is_staff`, `oauth2_backend_user`.`is_active`, `oauth2_backend_user`.`date_joined`, `oauth2_backend_user`.`id`, `oauth2_backend_user`.`last_hierarchy_id`, `oauth2_backend_user`.`last_module_id`, `oauth2_backend_user`.`person_id`, `oauth2_backend_user`.`updated_at`, `oauth2_backend_user`.`registered_by`, `oauth2_provider_application`.`id`, `oauth2_provider_application`.`client_id`, `oauth2_provider_application`.`user_id`, `oauth2_provider_application`.`redirect_uris`, `oauth2_provider_application`.`client_type`, `oauth2_provider_application`.`authorization_grant_type`, `oauth2_provider_application`.`client_secret`, `oauth2_provider_application`.`name`, `oauth2_provider_application`.`skip_authorization` FROM `oauth2_provider_accesstoken` LEFT OUTER JOIN `oauth2_backend_user` ON (`oauth2_provider_accesstoken`.`user_id` = `oauth2_backend_user`.`id`) INNER JOIN `oauth2_provider_application` ON (`oauth2_provider_accesstoken`.`application_id` = `oauth2_provider_application`.`id`) WHERE `oauth2_provider_accesstoken`.`token` = 'QT4wvPO3JMDByNNanhvYU0nWuyX4y9'; args=('QT4wvPO3JMDByNNanhvYU0nWuyX4y9',)
[2016-12-06 10:37:28] DEBUG [django.db.backends:90] (0.000) SELECT COUNT(*) AS `__count` FROM `catalogo_autor`; args=()
[2016-12-06 10:37:28] DEBUG [django.db.backends:90] (0.001) SELECT `catalogo_autor`.`id`, `catalogo_autor`.`nombre`, `catalogo_autor`.`direccion`, `catalogo_autor`.`fecha_nac`, `catalogo_autor`.`created_at`, `catalogo_autor`.`updated_at` FROM `catalogo_autor` LIMIT 4; args=()
[2016-12-06 10:37:28] INFO [django.server:131] "GET /api/catalogo/autors/ HTTP/1.1" 200 851
[2016-12-06 10:38:21] WARNING [django.server:131] "GET /api/catalogo/autors/ HTTP/1.1" 401 58
[2016-12-06 15:35:32] DEBUG [django.db.backends:90] (0.000) SELECT @@SQL_AUTO_IS_NULL; args=None
[2016-12-06 15:35:32] DEBUG [django.db.backends:90] (0.000) SET SQL_AUTO_IS_NULL = 0; args=None
[2016-12-06 15:35:32] DEBUG [django.db.backends:90] (0.000) SELECT VERSION(); args=None
[2016-12-06 15:35:33] DEBUG [django.db.backends:90] (0.001) SET SQL_AUTO_IS_NULL = 0; args=None
[2016-12-06 15:35:33] DEBUG [django.db.backends:90] (0.002) SHOW FULL TABLES; args=None
[2016-12-06 15:35:33] DEBUG [django.db.backends:90] (0.001) SELECT `django_migrations`.`app`, `django_migrations`.`name` FROM `django_migrations`; args=()
[2016-12-06 15:35:47] DEBUG [django.template:929] Exception while resolving variable 'name' in template 'unknown'.
Traceback (most recent call last):
  File "E:\practian-ioteca-project\ve_catalogo\lib\site-packages\django\core\handlers\exception.py", line 39, in inner
    response = get_response(request)
  File "E:\practian-ioteca-project\ve_catalogo\lib\site-packages\django\core\handlers\base.py", line 249, in _legacy_get_response
    response = self._get_response(request)
  File "E:\practian-ioteca-project\ve_catalogo\lib\site-packages\django\core\handlers\base.py", line 172, in _get_response
    resolver_match = resolver.resolve(request.path_info)
  File "E:\practian-ioteca-project\ve_catalogo\lib\site-packages\django\urls\resolvers.py", line 300, in resolve
    raise Resolver404({'tried': tried, 'path': new_path})
django.urls.exceptions.Resolver404: {'path': '', 'tried': [[<RegexURLResolver <RegexURLPattern list> (admin:admin) ^admin/>], [<RegexURLResolver <module 'catalogo.urls' from 'E:\\practian-ioteca-project\\catalogo_service\\catalogo\\urls.py'> (None:None) ^api/catalogo/>]]}

During handling of the above exception, another exception occurred:

Traceback (most recent call last):
  File "E:\practian-ioteca-project\ve_catalogo\lib\site-packages\django\template\base.py", line 885, in _resolve_lookup
    current = current[bit]
TypeError: 'RegexURLResolver' object is not subscriptable

During handling of the above exception, another exception occurred:

Traceback (most recent call last):
  File "E:\practian-ioteca-project\ve_catalogo\lib\site-packages\django\template\base.py", line 893, in _resolve_lookup
    current = getattr(current, bit)
AttributeError: 'RegexURLResolver' object has no attribute 'name'

During handling of the above exception, another exception occurred:

Traceback (most recent call last):
  File "E:\practian-ioteca-project\ve_catalogo\lib\site-packages\django\template\base.py", line 900, in _resolve_lookup
    current = current[int(bit)]
ValueError: invalid literal for int() with base 10: 'name'

During handling of the above exception, another exception occurred:

Traceback (most recent call last):
  File "E:\practian-ioteca-project\ve_catalogo\lib\site-packages\django\template\base.py", line 907, in _resolve_lookup
    (bit, current))  # missing attribute
django.template.base.VariableDoesNotExist: Failed lookup for key [name] in '<RegexURLResolver <RegexURLPattern list> (admin:admin) ^admin/>'
[2016-12-06 15:35:47] DEBUG [django.template:929] Exception while resolving variable 'name' in template 'unknown'.
Traceback (most recent call last):
  File "E:\practian-ioteca-project\ve_catalogo\lib\site-packages\django\core\handlers\exception.py", line 39, in inner
    response = get_response(request)
  File "E:\practian-ioteca-project\ve_catalogo\lib\site-packages\django\core\handlers\base.py", line 249, in _legacy_get_response
    response = self._get_response(request)
  File "E:\practian-ioteca-project\ve_catalogo\lib\site-packages\django\core\handlers\base.py", line 172, in _get_response
    resolver_match = resolver.resolve(request.path_info)
  File "E:\practian-ioteca-project\ve_catalogo\lib\site-packages\django\urls\resolvers.py", line 300, in resolve
    raise Resolver404({'tried': tried, 'path': new_path})
django.urls.exceptions.Resolver404: {'path': '', 'tried': [[<RegexURLResolver <RegexURLPattern list> (admin:admin) ^admin/>], [<RegexURLResolver <module 'catalogo.urls' from 'E:\\practian-ioteca-project\\catalogo_service\\catalogo\\urls.py'> (None:None) ^api/catalogo/>]]}

During handling of the above exception, another exception occurred:

Traceback (most recent call last):
  File "E:\practian-ioteca-project\ve_catalogo\lib\site-packages\django\template\base.py", line 885, in _resolve_lookup
    current = current[bit]
TypeError: 'RegexURLResolver' object is not subscriptable

During handling of the above exception, another exception occurred:

Traceback (most recent call last):
  File "E:\practian-ioteca-project\ve_catalogo\lib\site-packages\django\template\base.py", line 893, in _resolve_lookup
    current = getattr(current, bit)
AttributeError: 'RegexURLResolver' object has no attribute 'name'

During handling of the above exception, another exception occurred:

Traceback (most recent call last):
  File "E:\practian-ioteca-project\ve_catalogo\lib\site-packages\django\template\base.py", line 900, in _resolve_lookup
    current = current[int(bit)]
ValueError: invalid literal for int() with base 10: 'name'

During handling of the above exception, another exception occurred:

Traceback (most recent call last):
  File "E:\practian-ioteca-project\ve_catalogo\lib\site-packages\django\template\base.py", line 907, in _resolve_lookup
    (bit, current))  # missing attribute
django.template.base.VariableDoesNotExist: Failed lookup for key [name] in "<RegexURLResolver <module 'catalogo.urls' from 'E:\\\\practian-ioteca-project\\\\catalogo_service\\\\catalogo\\\\urls.py'> (None:None) ^api/catalogo/>"
[2016-12-06 15:35:47] WARNING [django.request:152] Not Found: /
[2016-12-06 15:35:47] WARNING [django.server:131] "GET / HTTP/1.1" 404 2024
[2016-12-06 15:35:48] DEBUG [django.template:929] Exception while resolving variable 'name' in template 'unknown'.
Traceback (most recent call last):
  File "E:\practian-ioteca-project\ve_catalogo\lib\site-packages\django\core\handlers\exception.py", line 39, in inner
    response = get_response(request)
  File "E:\practian-ioteca-project\ve_catalogo\lib\site-packages\django\core\handlers\base.py", line 249, in _legacy_get_response
    response = self._get_response(request)
  File "E:\practian-ioteca-project\ve_catalogo\lib\site-packages\django\core\handlers\base.py", line 172, in _get_response
    resolver_match = resolver.resolve(request.path_info)
  File "E:\practian-ioteca-project\ve_catalogo\lib\site-packages\django\urls\resolvers.py", line 300, in resolve
    raise Resolver404({'tried': tried, 'path': new_path})
django.urls.exceptions.Resolver404: {'path': 'favicon.ico', 'tried': [[<RegexURLResolver <RegexURLPattern list> (admin:admin) ^admin/>], [<RegexURLResolver <module 'catalogo.urls' from 'E:\\practian-ioteca-project\\catalogo_service\\catalogo\\urls.py'> (None:None) ^api/catalogo/>]]}

During handling of the above exception, another exception occurred:

Traceback (most recent call last):
  File "E:\practian-ioteca-project\ve_catalogo\lib\site-packages\django\template\base.py", line 885, in _resolve_lookup
    current = current[bit]
TypeError: 'RegexURLResolver' object is not subscriptable

During handling of the above exception, another exception occurred:

Traceback (most recent call last):
  File "E:\practian-ioteca-project\ve_catalogo\lib\site-packages\django\template\base.py", line 893, in _resolve_lookup
    current = getattr(current, bit)
AttributeError: 'RegexURLResolver' object has no attribute 'name'

During handling of the above exception, another exception occurred:

Traceback (most recent call last):
  File "E:\practian-ioteca-project\ve_catalogo\lib\site-packages\django\template\base.py", line 900, in _resolve_lookup
    current = current[int(bit)]
ValueError: invalid literal for int() with base 10: 'name'

During handling of the above exception, another exception occurred:

Traceback (most recent call last):
  File "E:\practian-ioteca-project\ve_catalogo\lib\site-packages\django\template\base.py", line 907, in _resolve_lookup
    (bit, current))  # missing attribute
django.template.base.VariableDoesNotExist: Failed lookup for key [name] in '<RegexURLResolver <RegexURLPattern list> (admin:admin) ^admin/>'
[2016-12-06 15:35:48] DEBUG [django.template:929] Exception while resolving variable 'name' in template 'unknown'.
Traceback (most recent call last):
  File "E:\practian-ioteca-project\ve_catalogo\lib\site-packages\django\core\handlers\exception.py", line 39, in inner
    response = get_response(request)
  File "E:\practian-ioteca-project\ve_catalogo\lib\site-packages\django\core\handlers\base.py", line 249, in _legacy_get_response
    response = self._get_response(request)
  File "E:\practian-ioteca-project\ve_catalogo\lib\site-packages\django\core\handlers\base.py", line 172, in _get_response
    resolver_match = resolver.resolve(request.path_info)
  File "E:\practian-ioteca-project\ve_catalogo\lib\site-packages\django\urls\resolvers.py", line 300, in resolve
    raise Resolver404({'tried': tried, 'path': new_path})
django.urls.exceptions.Resolver404: {'path': 'favicon.ico', 'tried': [[<RegexURLResolver <RegexURLPattern list> (admin:admin) ^admin/>], [<RegexURLResolver <module 'catalogo.urls' from 'E:\\practian-ioteca-project\\catalogo_service\\catalogo\\urls.py'> (None:None) ^api/catalogo/>]]}

During handling of the above exception, another exception occurred:

Traceback (most recent call last):
  File "E:\practian-ioteca-project\ve_catalogo\lib\site-packages\django\template\base.py", line 885, in _resolve_lookup
    current = current[bit]
TypeError: 'RegexURLResolver' object is not subscriptable

During handling of the above exception, another exception occurred:

Traceback (most recent call last):
  File "E:\practian-ioteca-project\ve_catalogo\lib\site-packages\django\template\base.py", line 893, in _resolve_lookup
    current = getattr(current, bit)
AttributeError: 'RegexURLResolver' object has no attribute 'name'

During handling of the above exception, another exception occurred:

Traceback (most recent call last):
  File "E:\practian-ioteca-project\ve_catalogo\lib\site-packages\django\template\base.py", line 900, in _resolve_lookup
    current = current[int(bit)]
ValueError: invalid literal for int() with base 10: 'name'

During handling of the above exception, another exception occurred:

Traceback (most recent call last):
  File "E:\practian-ioteca-project\ve_catalogo\lib\site-packages\django\template\base.py", line 907, in _resolve_lookup
    (bit, current))  # missing attribute
django.template.base.VariableDoesNotExist: Failed lookup for key [name] in "<RegexURLResolver <module 'catalogo.urls' from 'E:\\\\practian-ioteca-project\\\\catalogo_service\\\\catalogo\\\\urls.py'> (None:None) ^api/catalogo/>"
[2016-12-06 15:35:48] WARNING [django.request:152] Not Found: /favicon.ico
[2016-12-06 15:35:48] WARNING [django.server:131] "GET /favicon.ico HTTP/1.1" 404 2057
[2016-12-06 15:35:48] DEBUG [django.template:929] Exception while resolving variable 'name' in template 'unknown'.
Traceback (most recent call last):
  File "E:\practian-ioteca-project\ve_catalogo\lib\site-packages\django\core\handlers\exception.py", line 39, in inner
    response = get_response(request)
  File "E:\practian-ioteca-project\ve_catalogo\lib\site-packages\django\core\handlers\base.py", line 249, in _legacy_get_response
    response = self._get_response(request)
  File "E:\practian-ioteca-project\ve_catalogo\lib\site-packages\django\core\handlers\base.py", line 172, in _get_response
    resolver_match = resolver.resolve(request.path_info)
  File "E:\practian-ioteca-project\ve_catalogo\lib\site-packages\django\urls\resolvers.py", line 300, in resolve
    raise Resolver404({'tried': tried, 'path': new_path})
django.urls.exceptions.Resolver404: {'path': 'favicon.ico', 'tried': [[<RegexURLResolver <RegexURLPattern list> (admin:admin) ^admin/>], [<RegexURLResolver <module 'catalogo.urls' from 'E:\\practian-ioteca-project\\catalogo_service\\catalogo\\urls.py'> (None:None) ^api/catalogo/>]]}

During handling of the above exception, another exception occurred:

Traceback (most recent call last):
  File "E:\practian-ioteca-project\ve_catalogo\lib\site-packages\django\template\base.py", line 885, in _resolve_lookup
    current = current[bit]
TypeError: 'RegexURLResolver' object is not subscriptable

During handling of the above exception, another exception occurred:

Traceback (most recent call last):
  File "E:\practian-ioteca-project\ve_catalogo\lib\site-packages\django\template\base.py", line 893, in _resolve_lookup
    current = getattr(current, bit)
AttributeError: 'RegexURLResolver' object has no attribute 'name'

During handling of the above exception, another exception occurred:

Traceback (most recent call last):
  File "E:\practian-ioteca-project\ve_catalogo\lib\site-packages\django\template\base.py", line 900, in _resolve_lookup
    current = current[int(bit)]
ValueError: invalid literal for int() with base 10: 'name'

During handling of the above exception, another exception occurred:

Traceback (most recent call last):
  File "E:\practian-ioteca-project\ve_catalogo\lib\site-packages\django\template\base.py", line 907, in _resolve_lookup
    (bit, current))  # missing attribute
django.template.base.VariableDoesNotExist: Failed lookup for key [name] in '<RegexURLResolver <RegexURLPattern list> (admin:admin) ^admin/>'
[2016-12-06 15:35:48] DEBUG [django.template:929] Exception while resolving variable 'name' in template 'unknown'.
Traceback (most recent call last):
  File "E:\practian-ioteca-project\ve_catalogo\lib\site-packages\django\core\handlers\exception.py", line 39, in inner
    response = get_response(request)
  File "E:\practian-ioteca-project\ve_catalogo\lib\site-packages\django\core\handlers\base.py", line 249, in _legacy_get_response
    response = self._get_response(request)
  File "E:\practian-ioteca-project\ve_catalogo\lib\site-packages\django\core\handlers\base.py", line 172, in _get_response
    resolver_match = resolver.resolve(request.path_info)
  File "E:\practian-ioteca-project\ve_catalogo\lib\site-packages\django\urls\resolvers.py", line 300, in resolve
    raise Resolver404({'tried': tried, 'path': new_path})
django.urls.exceptions.Resolver404: {'path': 'favicon.ico', 'tried': [[<RegexURLResolver <RegexURLPattern list> (admin:admin) ^admin/>], [<RegexURLResolver <module 'catalogo.urls' from 'E:\\practian-ioteca-project\\catalogo_service\\catalogo\\urls.py'> (None:None) ^api/catalogo/>]]}

During handling of the above exception, another exception occurred:

Traceback (most recent call last):
  File "E:\practian-ioteca-project\ve_catalogo\lib\site-packages\django\template\base.py", line 885, in _resolve_lookup
    current = current[bit]
TypeError: 'RegexURLResolver' object is not subscriptable

During handling of the above exception, another exception occurred:

Traceback (most recent call last):
  File "E:\practian-ioteca-project\ve_catalogo\lib\site-packages\django\template\base.py", line 893, in _resolve_lookup
    current = getattr(current, bit)
AttributeError: 'RegexURLResolver' object has no attribute 'name'

During handling of the above exception, another exception occurred:

Traceback (most recent call last):
  File "E:\practian-ioteca-project\ve_catalogo\lib\site-packages\django\template\base.py", line 900, in _resolve_lookup
    current = current[int(bit)]
ValueError: invalid literal for int() with base 10: 'name'

During handling of the above exception, another exception occurred:

Traceback (most recent call last):
  File "E:\practian-ioteca-project\ve_catalogo\lib\site-packages\django\template\base.py", line 907, in _resolve_lookup
    (bit, current))  # missing attribute
django.template.base.VariableDoesNotExist: Failed lookup for key [name] in "<RegexURLResolver <module 'catalogo.urls' from 'E:\\\\practian-ioteca-project\\\\catalogo_service\\\\catalogo\\\\urls.py'> (None:None) ^api/catalogo/>"
[2016-12-06 15:35:48] WARNING [django.request:152] Not Found: /favicon.ico
[2016-12-06 15:35:48] WARNING [django.server:131] "GET /favicon.ico HTTP/1.1" 404 2057
[2016-12-06 15:35:56] INFO [django.server:131] "GET /api/catalogo/ HTTP/1.1" 200 5269
[2016-12-06 15:35:56] INFO [django.server:131] "GET /static/rest_framework/css/bootstrap.min.css HTTP/1.1" 200 121200
[2016-12-06 15:35:56] INFO [django.server:131] "GET /static/rest_framework/css/bootstrap-tweaks.css HTTP/1.1" 200 3385
[2016-12-06 15:35:56] INFO [django.server:131] "GET /static/rest_framework/css/prettify.css HTTP/1.1" 200 817
[2016-12-06 15:35:56] INFO [django.server:131] "GET /static/rest_framework/js/prettify-min.js HTTP/1.1" 200 13632
[2016-12-06 15:35:56] INFO [django.server:131] "GET /static/rest_framework/css/default.css HTTP/1.1" 200 1132
[2016-12-06 15:35:56] INFO [django.server:131] "GET /static/rest_framework/js/bootstrap.min.js HTTP/1.1" 200 37045
[2016-12-06 15:35:56] INFO [django.server:131] "GET /static/rest_framework/js/ajax-form.js HTTP/1.1" 200 2876
[2016-12-06 15:35:56] INFO [django.server:131] "GET /static/rest_framework/js/csrf.js HTTP/1.1" 200 1735
[2016-12-06 15:35:56] INFO [django.server:131] "GET /static/rest_framework/js/jquery-1.12.4.min.js HTTP/1.1" 200 97163
[2016-12-06 15:35:56] INFO [django.server:131] "GET /static/rest_framework/img/grid.png HTTP/1.1" 200 1458
[2016-12-06 15:35:56] INFO [django.server:131] "GET /static/rest_framework/js/default.js HTTP/1.1" 200 1262
[2016-12-06 15:35:59] WARNING [django.server:131] "GET /api/catalogo/categorias/ HTTP/1.1" 401 4911
[2016-12-06 15:36:03] WARNING [django.server:131] "GET /api/catalogo/autors/ HTTP/1.1" 401 4867
[2016-12-06 15:36:21] DEBUG [django.db.backends:90] (0.001) SELECT @@SQL_AUTO_IS_NULL; args=None
[2016-12-06 15:36:21] DEBUG [django.db.backends:90] (0.000) SET SQL_AUTO_IS_NULL = 0; args=None
[2016-12-06 15:36:21] DEBUG [django.db.backends:90] (0.000) SELECT VERSION(); args=None
[2016-12-06 15:36:21] DEBUG [django.db.backends:90] (0.000) SET SQL_AUTO_IS_NULL = 0; args=None
[2016-12-06 15:36:21] DEBUG [django.db.backends:90] (0.002) SELECT `oauth2_provider_accesstoken`.`id`, `oauth2_provider_accesstoken`.`user_id`, `oauth2_provider_accesstoken`.`token`, `oauth2_provider_accesstoken`.`application_id`, `oauth2_provider_accesstoken`.`expires`, `oauth2_provider_accesstoken`.`scope`, `oauth2_backend_user`.`password`, `oauth2_backend_user`.`last_login`, `oauth2_backend_user`.`is_superuser`, `oauth2_backend_user`.`username`, `oauth2_backend_user`.`first_name`, `oauth2_backend_user`.`last_name`, `oauth2_backend_user`.`email`, `oauth2_backend_user`.`is_staff`, `oauth2_backend_user`.`is_active`, `oauth2_backend_user`.`date_joined`, `oauth2_backend_user`.`id`, `oauth2_backend_user`.`last_hierarchy_id`, `oauth2_backend_user`.`last_module_id`, `oauth2_backend_user`.`person_id`, `oauth2_backend_user`.`updated_at`, `oauth2_backend_user`.`registered_by`, `oauth2_provider_application`.`id`, `oauth2_provider_application`.`client_id`, `oauth2_provider_application`.`user_id`, `oauth2_provider_application`.`redirect_uris`, `oauth2_provider_application`.`client_type`, `oauth2_provider_application`.`authorization_grant_type`, `oauth2_provider_application`.`client_secret`, `oauth2_provider_application`.`name`, `oauth2_provider_application`.`skip_authorization` FROM `oauth2_provider_accesstoken` LEFT OUTER JOIN `oauth2_backend_user` ON (`oauth2_provider_accesstoken`.`user_id` = `oauth2_backend_user`.`id`) INNER JOIN `oauth2_provider_application` ON (`oauth2_provider_accesstoken`.`application_id` = `oauth2_provider_application`.`id`) WHERE `oauth2_provider_accesstoken`.`token` = 'Ft4WN9s4MXWurbG8FDt0mGItCaj3bk'; args=('Ft4WN9s4MXWurbG8FDt0mGItCaj3bk',)
[2016-12-06 15:36:21] DEBUG [django.db.backends:90] (0.001) SELECT `oauth2_provider_accesstoken`.`id`, `oauth2_provider_accesstoken`.`user_id`, `oauth2_provider_accesstoken`.`token`, `oauth2_provider_accesstoken`.`application_id`, `oauth2_provider_accesstoken`.`expires`, `oauth2_provider_accesstoken`.`scope`, `oauth2_backend_user`.`password`, `oauth2_backend_user`.`last_login`, `oauth2_backend_user`.`is_superuser`, `oauth2_backend_user`.`username`, `oauth2_backend_user`.`first_name`, `oauth2_backend_user`.`last_name`, `oauth2_backend_user`.`email`, `oauth2_backend_user`.`is_staff`, `oauth2_backend_user`.`is_active`, `oauth2_backend_user`.`date_joined`, `oauth2_backend_user`.`id`, `oauth2_backend_user`.`last_hierarchy_id`, `oauth2_backend_user`.`last_module_id`, `oauth2_backend_user`.`person_id`, `oauth2_backend_user`.`updated_at`, `oauth2_backend_user`.`registered_by`, `oauth2_provider_application`.`id`, `oauth2_provider_application`.`client_id`, `oauth2_provider_application`.`user_id`, `oauth2_provider_application`.`redirect_uris`, `oauth2_provider_application`.`client_type`, `oauth2_provider_application`.`authorization_grant_type`, `oauth2_provider_application`.`client_secret`, `oauth2_provider_application`.`name`, `oauth2_provider_application`.`skip_authorization` FROM `oauth2_provider_accesstoken` LEFT OUTER JOIN `oauth2_backend_user` ON (`oauth2_provider_accesstoken`.`user_id` = `oauth2_backend_user`.`id`) INNER JOIN `oauth2_provider_application` ON (`oauth2_provider_accesstoken`.`application_id` = `oauth2_provider_application`.`id`) WHERE `oauth2_provider_accesstoken`.`token` = 'Ft4WN9s4MXWurbG8FDt0mGItCaj3bk'; args=('Ft4WN9s4MXWurbG8FDt0mGItCaj3bk',)
[2016-12-06 15:36:21] DEBUG [django.db.backends:90] (0.000) SELECT `catalogo_categoria`.`id`, `catalogo_categoria`.`nombre`, `catalogo_categoria`.`codigo`, `catalogo_categoria`.`estado` FROM `catalogo_categoria` WHERE (`catalogo_categoria`.`codigo` LIKE '%%' OR `catalogo_categoria`.`nombre` LIKE '%%'); args=('%%', '%%')
[2016-12-06 15:36:21] INFO [django.server:131] "GET /api/catalogo/categorias/ HTTP/1.1" 200 98
[2016-12-06 15:36:22] DEBUG [django.db.backends:90] (0.000) SELECT @@SQL_AUTO_IS_NULL; args=None
[2016-12-06 15:36:22] DEBUG [django.db.backends:90] (0.000) SET SQL_AUTO_IS_NULL = 0; args=None
[2016-12-06 15:36:22] DEBUG [django.db.backends:90] (0.000) SELECT VERSION(); args=None
[2016-12-06 15:36:22] DEBUG [django.db.backends:90] (0.000) SET SQL_AUTO_IS_NULL = 0; args=None
[2016-12-06 15:36:22] DEBUG [django.db.backends:90] (0.002) SELECT `oauth2_provider_accesstoken`.`id`, `oauth2_provider_accesstoken`.`user_id`, `oauth2_provider_accesstoken`.`token`, `oauth2_provider_accesstoken`.`application_id`, `oauth2_provider_accesstoken`.`expires`, `oauth2_provider_accesstoken`.`scope`, `oauth2_backend_user`.`password`, `oauth2_backend_user`.`last_login`, `oauth2_backend_user`.`is_superuser`, `oauth2_backend_user`.`username`, `oauth2_backend_user`.`first_name`, `oauth2_backend_user`.`last_name`, `oauth2_backend_user`.`email`, `oauth2_backend_user`.`is_staff`, `oauth2_backend_user`.`is_active`, `oauth2_backend_user`.`date_joined`, `oauth2_backend_user`.`id`, `oauth2_backend_user`.`last_hierarchy_id`, `oauth2_backend_user`.`last_module_id`, `oauth2_backend_user`.`person_id`, `oauth2_backend_user`.`updated_at`, `oauth2_backend_user`.`registered_by`, `oauth2_provider_application`.`id`, `oauth2_provider_application`.`client_id`, `oauth2_provider_application`.`user_id`, `oauth2_provider_application`.`redirect_uris`, `oauth2_provider_application`.`client_type`, `oauth2_provider_application`.`authorization_grant_type`, `oauth2_provider_application`.`client_secret`, `oauth2_provider_application`.`name`, `oauth2_provider_application`.`skip_authorization` FROM `oauth2_provider_accesstoken` LEFT OUTER JOIN `oauth2_backend_user` ON (`oauth2_provider_accesstoken`.`user_id` = `oauth2_backend_user`.`id`) INNER JOIN `oauth2_provider_application` ON (`oauth2_provider_accesstoken`.`application_id` = `oauth2_provider_application`.`id`) WHERE `oauth2_provider_accesstoken`.`token` = 'Ft4WN9s4MXWurbG8FDt0mGItCaj3bk'; args=('Ft4WN9s4MXWurbG8FDt0mGItCaj3bk',)
[2016-12-06 15:36:22] DEBUG [django.db.backends:90] (0.002) SELECT `oauth2_provider_accesstoken`.`id`, `oauth2_provider_accesstoken`.`user_id`, `oauth2_provider_accesstoken`.`token`, `oauth2_provider_accesstoken`.`application_id`, `oauth2_provider_accesstoken`.`expires`, `oauth2_provider_accesstoken`.`scope`, `oauth2_backend_user`.`password`, `oauth2_backend_user`.`last_login`, `oauth2_backend_user`.`is_superuser`, `oauth2_backend_user`.`username`, `oauth2_backend_user`.`first_name`, `oauth2_backend_user`.`last_name`, `oauth2_backend_user`.`email`, `oauth2_backend_user`.`is_staff`, `oauth2_backend_user`.`is_active`, `oauth2_backend_user`.`date_joined`, `oauth2_backend_user`.`id`, `oauth2_backend_user`.`last_hierarchy_id`, `oauth2_backend_user`.`last_module_id`, `oauth2_backend_user`.`person_id`, `oauth2_backend_user`.`updated_at`, `oauth2_backend_user`.`registered_by`, `oauth2_provider_application`.`id`, `oauth2_provider_application`.`client_id`, `oauth2_provider_application`.`user_id`, `oauth2_provider_application`.`redirect_uris`, `oauth2_provider_application`.`client_type`, `oauth2_provider_application`.`authorization_grant_type`, `oauth2_provider_application`.`client_secret`, `oauth2_provider_application`.`name`, `oauth2_provider_application`.`skip_authorization` FROM `oauth2_provider_accesstoken` LEFT OUTER JOIN `oauth2_backend_user` ON (`oauth2_provider_accesstoken`.`user_id` = `oauth2_backend_user`.`id`) INNER JOIN `oauth2_provider_application` ON (`oauth2_provider_accesstoken`.`application_id` = `oauth2_provider_application`.`id`) WHERE `oauth2_provider_accesstoken`.`token` = 'Ft4WN9s4MXWurbG8FDt0mGItCaj3bk'; args=('Ft4WN9s4MXWurbG8FDt0mGItCaj3bk',)
[2016-12-06 15:36:22] DEBUG [django.db.backends:90] (0.000) SELECT COUNT(*) AS `__count` FROM `catalogo_autor`; args=()
[2016-12-06 15:36:22] DEBUG [django.db.backends:90] (0.000) SELECT `catalogo_autor`.`id`, `catalogo_autor`.`nombre`, `catalogo_autor`.`direccion`, `catalogo_autor`.`fecha_nac`, `catalogo_autor`.`created_at`, `catalogo_autor`.`updated_at` FROM `catalogo_autor` LIMIT 4; args=()
[2016-12-06 15:36:22] INFO [django.server:131] "GET /api/catalogo/autors/ HTTP/1.1" 200 851
[2016-12-06 15:36:24] DEBUG [django.db.backends:90] (0.000) SELECT @@SQL_AUTO_IS_NULL; args=None
[2016-12-06 15:36:24] DEBUG [django.db.backends:90] (0.000) SET SQL_AUTO_IS_NULL = 0; args=None
[2016-12-06 15:36:24] DEBUG [django.db.backends:90] (0.000) SELECT VERSION(); args=None
[2016-12-06 15:36:24] DEBUG [django.db.backends:90] (0.000) SET SQL_AUTO_IS_NULL = 0; args=None
[2016-12-06 15:36:24] DEBUG [django.db.backends:90] (0.001) SELECT `oauth2_provider_accesstoken`.`id`, `oauth2_provider_accesstoken`.`user_id`, `oauth2_provider_accesstoken`.`token`, `oauth2_provider_accesstoken`.`application_id`, `oauth2_provider_accesstoken`.`expires`, `oauth2_provider_accesstoken`.`scope`, `oauth2_backend_user`.`password`, `oauth2_backend_user`.`last_login`, `oauth2_backend_user`.`is_superuser`, `oauth2_backend_user`.`username`, `oauth2_backend_user`.`first_name`, `oauth2_backend_user`.`last_name`, `oauth2_backend_user`.`email`, `oauth2_backend_user`.`is_staff`, `oauth2_backend_user`.`is_active`, `oauth2_backend_user`.`date_joined`, `oauth2_backend_user`.`id`, `oauth2_backend_user`.`last_hierarchy_id`, `oauth2_backend_user`.`last_module_id`, `oauth2_backend_user`.`person_id`, `oauth2_backend_user`.`updated_at`, `oauth2_backend_user`.`registered_by`, `oauth2_provider_application`.`id`, `oauth2_provider_application`.`client_id`, `oauth2_provider_application`.`user_id`, `oauth2_provider_application`.`redirect_uris`, `oauth2_provider_application`.`client_type`, `oauth2_provider_application`.`authorization_grant_type`, `oauth2_provider_application`.`client_secret`, `oauth2_provider_application`.`name`, `oauth2_provider_application`.`skip_authorization` FROM `oauth2_provider_accesstoken` LEFT OUTER JOIN `oauth2_backend_user` ON (`oauth2_provider_accesstoken`.`user_id` = `oauth2_backend_user`.`id`) INNER JOIN `oauth2_provider_application` ON (`oauth2_provider_accesstoken`.`application_id` = `oauth2_provider_application`.`id`) WHERE `oauth2_provider_accesstoken`.`token` = 'Ft4WN9s4MXWurbG8FDt0mGItCaj3bk'; args=('Ft4WN9s4MXWurbG8FDt0mGItCaj3bk',)
[2016-12-06 15:36:24] DEBUG [django.db.backends:90] (0.001) SELECT `oauth2_provider_accesstoken`.`id`, `oauth2_provider_accesstoken`.`user_id`, `oauth2_provider_accesstoken`.`token`, `oauth2_provider_accesstoken`.`application_id`, `oauth2_provider_accesstoken`.`expires`, `oauth2_provider_accesstoken`.`scope`, `oauth2_backend_user`.`password`, `oauth2_backend_user`.`last_login`, `oauth2_backend_user`.`is_superuser`, `oauth2_backend_user`.`username`, `oauth2_backend_user`.`first_name`, `oauth2_backend_user`.`last_name`, `oauth2_backend_user`.`email`, `oauth2_backend_user`.`is_staff`, `oauth2_backend_user`.`is_active`, `oauth2_backend_user`.`date_joined`, `oauth2_backend_user`.`id`, `oauth2_backend_user`.`last_hierarchy_id`, `oauth2_backend_user`.`last_module_id`, `oauth2_backend_user`.`person_id`, `oauth2_backend_user`.`updated_at`, `oauth2_backend_user`.`registered_by`, `oauth2_provider_application`.`id`, `oauth2_provider_application`.`client_id`, `oauth2_provider_application`.`user_id`, `oauth2_provider_application`.`redirect_uris`, `oauth2_provider_application`.`client_type`, `oauth2_provider_application`.`authorization_grant_type`, `oauth2_provider_application`.`client_secret`, `oauth2_provider_application`.`name`, `oauth2_provider_application`.`skip_authorization` FROM `oauth2_provider_accesstoken` LEFT OUTER JOIN `oauth2_backend_user` ON (`oauth2_provider_accesstoken`.`user_id` = `oauth2_backend_user`.`id`) INNER JOIN `oauth2_provider_application` ON (`oauth2_provider_accesstoken`.`application_id` = `oauth2_provider_application`.`id`) WHERE `oauth2_provider_accesstoken`.`token` = 'Ft4WN9s4MXWurbG8FDt0mGItCaj3bk'; args=('Ft4WN9s4MXWurbG8FDt0mGItCaj3bk',)
[2016-12-06 15:36:24] DEBUG [django.db.backends:90] (0.000) SELECT `catalogo_categoria`.`id`, `catalogo_categoria`.`nombre`, `catalogo_categoria`.`codigo`, `catalogo_categoria`.`estado` FROM `catalogo_categoria` WHERE (`catalogo_categoria`.`codigo` LIKE '%%' OR `catalogo_categoria`.`nombre` LIKE '%%'); args=('%%', '%%')
[2016-12-06 15:36:24] INFO [django.server:131] "GET /api/catalogo/categorias/ HTTP/1.1" 200 98
